#
# A fatal error has been detected by the Java Runtime Environment:
#
#  EXCEPTION_ACCESS_VIOLATION (0xc0000005) at pc=0x00007ffd9f811017, pid=5892, tid=3116
#
# JRE version: OpenJDK Runtime Environment Temurin-17.0.7+7 (17.0.7+7) (build 17.0.7+7)
# Java VM: OpenJDK 64-Bit Server VM Temurin-17.0.7+7 (17.0.7+7, mixed mode, emulated-client, tiered, compressed oops, compressed class ptrs, g1 gc, windows-amd64)
# Problematic frame:
# V  [jvm.dll+0x561017]
#
# No core dump will be written. Minidumps are not enabled by default on client versions of Windows
#
# If you would like to submit a bug report, please visit:
#   https://github.com/adoptium/adoptium-support/issues
#

---------------  S U M M A R Y ------------

Command Line: -Dcom.sun.management.jmxremote -Dcom.sun.management.jmxremote.port=50153 -Dcom.sun.management.jmxremote.authenticate=false -Dcom.sun.management.jmxremote.ssl=false -Djava.rmi.server.hostname=localhost -Dspring.jmx.enabled=true -Dmanagement.endpoints.jmx.exposure.include=* -Dspring.application.admin.enabled=true -XX:TieredStopAtLevel=1 -Dspring.boot.project.name=Infraction -Dfile.encoding=UTF-8 -Dstdout.encoding=UTF-8 -Dstderr.encoding=UTF-8 -XX:+ShowCodeDetailsInExceptionMessages com.example.demo.InfractionApplication --spring.output.ansi.enabled=always

Host: Intel(R) Core(TM) i7-8565U CPU @ 1.80GHz, 8 cores, 15G,  Windows 11 , 64 bit Build 22621 (10.0.22621.2215)
Time: Mon Sep 25 00:38:28 2023 Morocco Daylight Time elapsed time: 1.075598 seconds (0d 0h 0m 1s)

---------------  T H R E A D  ---------------

Current thread (0x000001c5a9a8b2a0):  JavaThread "main" [_thread_in_vm, id=3116, stack(0x0000006b31b00000,0x0000006b31c00000)]

Stack: [0x0000006b31b00000,0x0000006b31c00000],  sp=0x0000006b31bfecb0,  free space=1019k
Native frames: (J=compiled Java code, j=interpreted, Vv=VM code, C=native code)
V  [jvm.dll+0x561017]
V  [jvm.dll+0x55f098]
V  [jvm.dll+0x384a64]
V  [jvm.dll+0x3840cf]
C  0x000001c5ad148de3

Java frames: (J=compiled Java code, j=interpreted, Vv=VM code)
j  org.springframework.boot.SpringApplication.load(Lorg/springframework/context/ApplicationContext;[Ljava/lang/Object;)V+35
j  org.springframework.boot.SpringApplication.prepareContext(Lorg/springframework/boot/DefaultBootstrapContext;Lorg/springframework/context/ConfigurableApplicationContext;Lorg/springframework/core/env/ConfigurableEnvironment;Lorg/springframework/boot/SpringApplicationRunListeners;Lorg/springframework/boot/ApplicationArguments;Lorg/springframework/boot/Banner;)V+218
j  org.springframework.boot.SpringApplication.run([Ljava/lang/String;)Lorg/springframework/context/ConfigurableApplicationContext;+108
j  org.springframework.boot.SpringApplication.run([Ljava/lang/Class;[Ljava/lang/String;)Lorg/springframework/context/ConfigurableApplicationContext;+9
j  org.springframework.boot.SpringApplication.run(Ljava/lang/Class;[Ljava/lang/String;)Lorg/springframework/context/ConfigurableApplicationContext;+9
j  com.example.demo.InfractionApplication.main([Ljava/lang/String;)V+3
v  ~StubRoutines::call_stub

siginfo: EXCEPTION_ACCESS_VIOLATION (0xc0000005), reading address 0x000001d5bdb0c9d8


Register to memory mapping:

RIP=0x00007ffd9f811017 jvm.dll
RAX=0x000001d5bdb0c9b0 is an unknown value
RBX=0x000001c5a9a8b2a0 is a thread
RCX=0x0000000000000004 is an unknown value
RDX=0x000001c5c1395960 points into unknown readable memory: 0x000001d5bdb0c9b0 | b0 c9 b0 bd d5 01 00 00
RSP=0x0000006b31bfecb0 is pointing into the stack for thread: 0x000001c5a9a8b2a0
RBP=0x0000006b31bfed10 is pointing into the stack for thread: 0x000001c5a9a8b2a0
RSI=0x0000006b31bfed78 is pointing into the stack for thread: 0x000001c5a9a8b2a0
RDI=0x000000000000001b is an unknown value
R8 =0x0000000000000005 is an unknown value
R9 =0x0000000000000005 is an unknown value
R10=0x000001c5a9a88e90 points into unknown readable memory: 0x0000008000000004 | 04 00 00 00 80 00 00 00
R11=0x000001d5bdb0c9b0 is an unknown value
R12=0x0 is NULL
R13=0x0000000800143a08 is a pointer to class: 
org.springframework.boot.SpringApplication {0x0000000800143a10}
 - instance size:     12
 - klass size:        121
 - access:            public synchronized 
 - state:             fully_initialized
 - name:              'org/springframework/boot/SpringApplication'
 - super:             'java/lang/Object'
 - sub:               
 - arrays:            NULL
 - methods:           Array<T>(0x000001c5bdb0b258)
 - method ordering:   Array<T>(0x000001c5bd000018)
 - default_methods:   Array<T>(0x0000000000000000)
 - local interfaces:  Array<T>(0x000001c5bd000058)
 - trans. interfaces: Array<T>(0x000001c5bd000058)
 - constants:         constant pool [1551]/operands[79] {0x000001c5bdb08008} for 'org/springframework/boot/SpringApplication' cache=0x000001c5bdb20000
 - class loader data:  loader data: 0x000001c5bc5dff60 for instance a 'jdk/internal/loader/ClassLoaders$AppClassLoader'{0x000000070230c800}
 - source file:       'SpringApplication.java'
 - class annotations:       Array<T>(0x0000000000000000)
 - class type annotations:  Array<T>(0x0000000000000000)
 - field annotations:       Array<T>(0x0000000000000000)
 - field type annotations:  Array<T>(0x0000000000000000)
 - inner classes:     Array<T>(0x000001c5bdb10200)
 - nest members:     Array<T>(0x000001c5bdb0ffc0)
 - permitted subclasses:     Array<T>(0x000001c5bd000028)
 - java mirror:       a 'java/lang/Class'{0x000000070230ca38} = 'org/springframework/boot/SpringApplication'
 - vtable length      61  (start addr: 0x0000000800143bd0)
 - itable length      2 (start addr: 0x0000000800143db8)
 - ---- static fields (3 words):
 - public static final 'BANNER_LOCATION_PROPERTY_VALUE' 'Ljava/lang/String;' @112 
 - public static final 'BANNER_LOCATION_PROPERTY' 'Ljava/lang/String;' @116 
 - private static final 'SYSTEM_PROPERTY_JAVA_AWT_HEADLESS' 'Ljava/lang/String;' @120 
 - private static final 'logger' 'Lorg/apache/commons/logging/Log;' @124 
 - static final 'shutdownHook' 'Lorg/springframework/boot/SpringApplicationShutdownHook;' @128 
 - private static final 'applicationHook' 'Ljava/lang/ThreadLocal;' @132 
 - ---- non-static fields (20 words):
 - private 'logStartupInfo' 'Z' @12 
 - private 'addCommandLineProperties' 'Z' @13 
 - private 'addConversionService' 'Z' @14 
 - private 'headless' 'Z' @15 
 - private 'registerShutdownHook' 'Z' @16 
 - private 'allowBeanDefinitionOverriding' 'Z' @17 
 - private 'allowCircularReferences' 'Z' @18 
 - private 'isCustomEnvironment' 'Z' @19 
 - private 'lazyInitialization' 'Z' @20 
 - private final 'primarySources' 'Ljava/util/Set;' @24 
 - private 'sources' 'Ljava/util/Set;' @28 
 - private 'mainApplicationClass' 'Ljava/lang/Class;' @32 
 - private 'bannerMode' 'Lorg/springframework/boot/Banner$Mode;' @36 
 - private 'banner' 'Lorg/springframework/boot/Banner;' @40 
 - private 'resourceLoader' 'Lorg/springframework/core/io/ResourceLoader;' @44 
 - private 'beanNameGenerator' 'Lorg/springframework/beans/factory/support/BeanNameGenerator;' @48 
 - private 'environment' 'Lorg/springframework/core/env/ConfigurableEnvironment;' @52 
 - private 'webApplicationType' 'Lorg/springframework/boot/WebApplicationType;' @56 
 - private 'initializers' 'Ljava/util/List;' @60 
 - private 'listeners' 'Ljava/util/List;' @64 
 - private 'defaultProperties' 'Ljava/util/Map;' @68 
 - private final 'bootstrapRegistryInitializers' 'Ljava/util/List;' @72 
 - private 'additionalProfiles' 'Ljava/util/Set;' @76 
 - private 'environmentPrefix' 'Ljava/lang/String;' @80 
 - private 'applicationContextFactory' 'Lorg/springframework/boot/ApplicationContextFactory;' @84 
 - private 'applicationStartup' 'Lorg/springframework/core/metrics/ApplicationStartup;' @88 
 - non-static oop maps: 24-88 
R14=0x0000000800143a08 is a pointer to class: 
org.springframework.boot.SpringApplication {0x0000000800143a10}
 - instance size:     12
 - klass size:        121
 - access:            public synchronized 
 - state:             fully_initialized
 - name:              'org/springframework/boot/SpringApplication'
 - super:             'java/lang/Object'
 - sub:               
 - arrays:            NULL
 - methods:           Array<T>(0x000001c5bdb0b258)
 - method ordering:   Array<T>(0x000001c5bd000018)
 - default_methods:   Array<T>(0x0000000000000000)
 - local interfaces:  Array<T>(0x000001c5bd000058)
 - trans. interfaces: Array<T>(0x000001c5bd000058)
 - constants:         constant pool [1551]/operands[79] {0x000001c5bdb08008} for 'org/springframework/boot/SpringApplication' cache=0x000001c5bdb20000
 - class loader data:  loader data: 0x000001c5bc5dff60 for instance a 'jdk/internal/loader/ClassLoaders$AppClassLoader'{0x000000070230c800}
 - source file:       'SpringApplication.java'
 - class annotations:       Array<T>(0x0000000000000000)
 - class type annotations:  Array<T>(0x0000000000000000)
 - field annotations:       Array<T>(0x0000000000000000)
 - field type annotations:  Array<T>(0x0000000000000000)
 - inner classes:     Array<T>(0x000001c5bdb10200)
 - nest members:     Array<T>(0x000001c5bdb0ffc0)
 - permitted subclasses:     Array<T>(0x000001c5bd000028)
 - java mirror:       a 'java/lang/Class'{0x000000070230ca38} = 'org/springframework/boot/SpringApplication'
 - vtable length      61  (start addr: 0x0000000800143bd0)
 - itable length      2 (start addr: 0x0000000800143db8)
 - ---- static fields (3 words):
 - public static final 'BANNER_LOCATION_PROPERTY_VALUE' 'Ljava/lang/String;' @112 
 - public static final 'BANNER_LOCATION_PROPERTY' 'Ljava/lang/String;' @116 
 - private static final 'SYSTEM_PROPERTY_JAVA_AWT_HEADLESS' 'Ljava/lang/String;' @120 
 - private static final 'logger' 'Lorg/apache/commons/logging/Log;' @124 
 - static final 'shutdownHook' 'Lorg/springframework/boot/SpringApplicationShutdownHook;' @128 
 - private static final 'applicationHook' 'Ljava/lang/ThreadLocal;' @132 
 - ---- non-static fields (20 words):
 - private 'logStartupInfo' 'Z' @12 
 - private 'addCommandLineProperties' 'Z' @13 
 - private 'addConversionService' 'Z' @14 
 - private 'headless' 'Z' @15 
 - private 'registerShutdownHook' 'Z' @16 
 - private 'allowBeanDefinitionOverriding' 'Z' @17 
 - private 'allowCircularReferences' 'Z' @18 
 - private 'isCustomEnvironment' 'Z' @19 
 - private 'lazyInitialization' 'Z' @20 
 - private final 'primarySources' 'Ljava/util/Set;' @24 
 - private 'sources' 'Ljava/util/Set;' @28 
 - private 'mainApplicationClass' 'Ljava/lang/Class;' @32 
 - private 'bannerMode' 'Lorg/springframework/boot/Banner$Mode;' @36 
 - private 'banner' 'Lorg/springframework/boot/Banner;' @40 
 - private 'resourceLoader' 'Lorg/springframework/core/io/ResourceLoader;' @44 
 - private 'beanNameGenerator' 'Lorg/springframework/beans/factory/support/BeanNameGenerator;' @48 
 - private 'environment' 'Lorg/springframework/core/env/ConfigurableEnvironment;' @52 
 - private 'webApplicationType' 'Lorg/springframework/boot/WebApplicationType;' @56 
 - private 'initializers' 'Ljava/util/List;' @60 
 - private 'listeners' 'Ljava/util/List;' @64 
 - private 'defaultProperties' 'Ljava/util/Map;' @68 
 - private final 'bootstrapRegistryInitializers' 'Ljava/util/List;' @72 
 - private 'additionalProfiles' 'Ljava/util/Set;' @76 
 - private 'environmentPrefix' 'Ljava/lang/String;' @80 
 - private 'applicationContextFactory' 'Lorg/springframework/boot/ApplicationContextFactory;' @84 
 - private 'applicationStartup' 'Lorg/springframework/core/metrics/ApplicationStartup;' @88 
 - non-static oop maps: 24-88 
R15=0x0000006b31bfeea0 is pointing into the stack for thread: 0x000001c5a9a8b2a0


Registers:
RAX=0x000001d5bdb0c9b0, RBX=0x000001c5a9a8b2a0, RCX=0x0000000000000004, RDX=0x000001c5c1395960
RSP=0x0000006b31bfecb0, RBP=0x0000006b31bfed10, RSI=0x0000006b31bfed78, RDI=0x000000000000001b
R8 =0x0000000000000005, R9 =0x0000000000000005, R10=0x000001c5a9a88e90, R11=0x000001d5bdb0c9b0
R12=0x0000000000000000, R13=0x0000000800143a08, R14=0x0000000800143a08, R15=0x0000006b31bfeea0
RIP=0x00007ffd9f811017, EFLAGS=0x0000000000010202

Top of Stack: (sp=0x0000006b31bfecb0)
0x0000006b31bfecb0:   000001d5bdb0c9b0 000001c5a9a8b2a0
0x0000006b31bfecc0:   000001c5bdb08000 000001c5a9a8b2a0
0x0000006b31bfecd0:   0000006b31bfed88 00007ffd9f80c11b
0x0000006b31bfece0:   000001d5bdb0c9b0 000001d5bdb0c9b0
0x0000006b31bfecf0:   000001c5a9a8b2a0 000001d5bdb0c9b0
0x0000006b31bfed00:   000001c5a9a8b2a0 0000000000000000
0x0000006b31bfed10:   000001c5bdb0c5db 000001c5bdb0c5db
0x0000006b31bfed20:   0000006b31bfed79 00007ffd9f80f098
0x0000006b31bfed30:   000001c5a9a8bb70 0000000800143a08
0x0000006b31bfed40:   0000006b31bfeea0 000001c5a9a8b2a0
0x0000006b31bfed50:   0000000800143a08 0000000300000001
0x0000006b31bfed60:   000001c5a9a8b2a0 0000000000000000
0x0000006b31bfed70:   000001c5bdb0c9b0 000001c5bdb0c9b0
0x0000006b31bfed80:   000001c5a9a8b2a0 000001c5c13defa0
0x0000006b31bfed90:   000001c5c1565ea0 0000000800143a08
0x0000006b31bfeda0:   0000000800143a08 0000000000000000 

Instructions: (pc=0x00007ffd9f811017)
0x00007ffd9f810f17:   00 4c 89 4c 24 20 41 b8 46 05 00 00 4c 8b 0d 56
0x00007ffd9f810f27:   a1 62 00 e8 41 d7 d5 ff e9 71 01 00 00 48 8b 12
0x00007ffd9f810f37:   48 89 9c 24 80 00 00 00 48 8b 5d 50 48 89 bc 24
0x00007ffd9f810f47:   88 00 00 00 48 8b 42 08 4c 89 b4 24 90 00 00 00
0x00007ffd9f810f57:   4c 8b 75 40 48 8b 48 08 48 8b 41 18 8b 88 a4 00
0x00007ffd9f810f67:   00 00 c1 e9 09 f6 c1 01 74 0e 49 8b cd e8 47 5f
0x00007ffd9f810f77:   e1 ff 8b f8 8b d0 eb 18 8b 7a 2c 83 ff fe 75 0e
0x00007ffd9f810f87:   48 8b d6 48 8d 4d d8 e8 2d b4 de ff eb 41 8b d7
0x00007ffd9f810f97:   49 8b ce e8 b1 c7 fd ff 48 89 5d f0 48 89 45 e8
0x00007ffd9f810fa7:   48 85 c0 74 14 48 8b 8b 40 02 00 00 48 8d 55 d0
0x00007ffd9f810fb7:   48 89 45 d0 e8 60 9a aa ff 48 8d 55 e8 48 8d 4d
0x00007ffd9f810fc7:   d8 e8 f3 b3 de ff 48 8d 4d e8 e8 ca b3 de ff 48
0x00007ffd9f810fd7:   8b 45 d8 48 85 c0 75 32 0f 57 c0 48 8d 55 e8 4c
0x00007ffd9f810fe7:   8b cb 4d 8b c6 48 8b ce f3 0f 7f 45 e8 e8 97 02
0x00007ffd9f810ff7:   00 00 48 8d 4d e8 e8 9e b3 de ff 48 83 7b 08 00
0x00007ffd9f811007:   0f 85 80 00 00 00 48 8b 45 d8 80 7d 48 00 74 23
0x00007ffd9f811017:   8b 40 28 c1 e8 0a a8 01 74 19 4c 8b cb 48 8d 55
0x00007ffd9f811027:   d8 4d 8b c6 48 8b ce e8 5d 02 00 00 48 83 7b 08
0x00007ffd9f811037:   00 75 53 85 ff 78 14 48 8b 0e e8 fa 5b 0c 00 84
0x00007ffd9f811047:   c0 75 08 41 be 01 00 00 00 eb 03 45 33 f6 49 8d
0x00007ffd9f811057:   4f 08 4d 89 2f 48 8b d6 e8 5c b3 de ff 49 8d 4f
0x00007ffd9f811067:   18 48 8d 55 d8 e8 4f b3 de ff 48 8b d3 45 89 77
0x00007ffd9f811077:   28 48 8d 4d d8 41 89 7f 2c 49 c7 47 30 00 00 00
0x00007ffd9f811087:   00 e8 b3 44 cb ff 48 8b bc 24 88 00 00 00 48 8b
0x00007ffd9f811097:   9c 24 80 00 00 00 4c 8b b4 24 90 00 00 00 48 8d
0x00007ffd9f8110a7:   4d d8 e8 f2 b2 de ff 48 8b b4 24 98 00 00 00 48
0x00007ffd9f8110b7:   83 c4 60 41 5f 41 5d 5d c3 48 89 5c 24 08 48 89
0x00007ffd9f8110c7:   6c 24 10 48 89 74 24 18 57 48 83 ec 20 49 83 38
0x00007ffd9f8110d7:   00 49 8b d9 49 8b e8 48 8b fa 48 8b f1 75 24 4c
0x00007ffd9f8110e7:   8d 0d 1b 09 43 00 ba 64 00 00 00 4c 8d 05 27 09
0x00007ffd9f8110f7:   43 00 48 8d 0d 50 09 43 00 e8 0b 57 ce ff e8 56
0x00007ffd9f811107:   5f 11 00 48 8d 4e 08 48 89 3e 48 8b d5 e8 a7 b2 


Stack slot to memory mapping:
stack at sp + 0 slots: 0x000001d5bdb0c9b0 is an unknown value
stack at sp + 1 slots: 0x000001c5a9a8b2a0 is a thread
stack at sp + 2 slots: 0x000001c5bdb08000 is pointing into metadata
stack at sp + 3 slots: 0x000001c5a9a8b2a0 is a thread
stack at sp + 4 slots: 0x0000006b31bfed88 is pointing into the stack for thread: 0x000001c5a9a8b2a0
stack at sp + 5 slots: 0x00007ffd9f80c11b jvm.dll
stack at sp + 6 slots: 0x000001d5bdb0c9b0 is an unknown value
stack at sp + 7 slots: 0x000001d5bdb0c9b0 is an unknown value


---------------  P R O C E S S  ---------------

Threads class SMR info:
_java_thread_list=0x000001c5c19f6870, length=22, elements={
0x000001c5a9a8b2a0, 0x000001c5bc418490, 0x000001c5bc419510, 0x000001c5bc441cc0,
0x000001c5bc4426e0, 0x000001c5bc443090, 0x000001c5bc443a40, 0x000001c5bc455a30,
0x000001c5bc456420, 0x000001c5bc4bad00, 0x000001c5bc59c760, 0x000001c5bc4bb5e0,
0x000001c5bc38c9a0, 0x000001c5bc651420, 0x000001c5c1405630, 0x000001c5c13fc990,
0x000001c5c1402950, 0x000001c5c18db770, 0x000001c5c18f4460, 0x000001c5c1983e20,
0x000001c5c19947a0, 0x000001c5c19f4080
}

Java Threads: ( => current thread )
=>0x000001c5a9a8b2a0 JavaThread "main" [_thread_in_vm, id=3116, stack(0x0000006b31b00000,0x0000006b31c00000)]
  0x000001c5bc418490 JavaThread "Reference Handler" daemon [_thread_blocked, id=10144, stack(0x0000006b32200000,0x0000006b32300000)]
  0x000001c5bc419510 JavaThread "Finalizer" daemon [_thread_blocked, id=3700, stack(0x0000006b32300000,0x0000006b32400000)]
  0x000001c5bc441cc0 JavaThread "Signal Dispatcher" daemon [_thread_blocked, id=4580, stack(0x0000006b32400000,0x0000006b32500000)]
  0x000001c5bc4426e0 JavaThread "Attach Listener" daemon [_thread_blocked, id=2744, stack(0x0000006b32500000,0x0000006b32600000)]
  0x000001c5bc443090 JavaThread "Service Thread" daemon [_thread_blocked, id=13360, stack(0x0000006b32600000,0x0000006b32700000)]
  0x000001c5bc443a40 JavaThread "Monitor Deflation Thread" daemon [_thread_blocked, id=3632, stack(0x0000006b32700000,0x0000006b32800000)]
  0x000001c5bc455a30 JavaThread "C1 CompilerThread0" daemon [_thread_in_native, id=6968, stack(0x0000006b32800000,0x0000006b32900000)]
  0x000001c5bc456420 JavaThread "Sweeper thread" daemon [_thread_blocked, id=4256, stack(0x0000006b32900000,0x0000006b32a00000)]
  0x000001c5bc4bad00 JavaThread "Common-Cleaner" daemon [_thread_blocked, id=11004, stack(0x0000006b32a00000,0x0000006b32b00000)]
  0x000001c5bc59c760 JavaThread "C1 CompilerThread1" daemon [_thread_in_native, id=15972, stack(0x0000006b32b00000,0x0000006b32c00000)]
  0x000001c5bc4bb5e0 JavaThread "C1 CompilerThread2" daemon [_thread_in_native, id=2540, stack(0x0000006b32c00000,0x0000006b32d00000)]
  0x000001c5bc38c9a0 JavaThread "C1 CompilerThread3" daemon [_thread_in_native, id=12876, stack(0x0000006b32d00000,0x0000006b32e00000)]
  0x000001c5bc651420 JavaThread "Notification Thread" daemon [_thread_blocked, id=11660, stack(0x0000006b32e00000,0x0000006b32f00000)]
  0x000001c5c1405630 JavaThread "RMI TCP Accept-0" daemon [_thread_in_native, id=3120, stack(0x0000006b32f00000,0x0000006b33000000)]
  0x000001c5c13fc990 JavaThread "RMI TCP Accept-50153" daemon [_thread_in_native, id=11448, stack(0x0000006b33000000,0x0000006b33100000)]
  0x000001c5c1402950 JavaThread "RMI TCP Accept-0" daemon [_thread_in_native, id=4040, stack(0x0000006b33100000,0x0000006b33200000)]
  0x000001c5c18db770 JavaThread "background-preinit" [_thread_in_Java, id=2212, stack(0x0000006b33b00000,0x0000006b33c00000)]
  0x000001c5c18f4460 JavaThread "RMI TCP Connection(1)-127.0.0.1" daemon [_thread_in_native, id=12560, stack(0x0000006b33c00000,0x0000006b33d00000)]
  0x000001c5c1983e20 JavaThread "RMI Scheduler(0)" daemon [_thread_blocked, id=12416, stack(0x0000006b33d00000,0x0000006b33e00000)]
  0x000001c5c19947a0 JavaThread "RMI TCP Connection(2)-127.0.0.1" daemon [_thread_in_native, id=3152, stack(0x0000006b33e00000,0x0000006b33f00000)]
  0x000001c5c19f4080 JavaThread "JMX server connection timeout 24" daemon [_thread_blocked, id=10664, stack(0x0000006b34000000,0x0000006b34100000)]

Other Threads:
  0x000001c5bc3ef0f0 VMThread "VM Thread" [stack: 0x0000006b32100000,0x0000006b32200000] [id=1916]
  0x000001c5a9b29940 WatcherThread [stack: 0x0000006b33200000,0x0000006b33300000] [id=17604]
  0x000001c5a9afabf0 GCTaskThread "GC Thread#0" [stack: 0x0000006b31c00000,0x0000006b31d00000] [id=12152]
  0x000001c5c1744fa0 GCTaskThread "GC Thread#1" [stack: 0x0000006b33300000,0x0000006b33400000] [id=13084]
  0x000001c5c173d2e0 GCTaskThread "GC Thread#2" [stack: 0x0000006b33400000,0x0000006b33500000] [id=2796]
  0x000001c5c175b360 GCTaskThread "GC Thread#3" [stack: 0x0000006b33500000,0x0000006b33600000] [id=2016]
  0x000001c5c176f530 GCTaskThread "GC Thread#4" [stack: 0x0000006b33600000,0x0000006b33700000] [id=1420]
  0x000001c5c176f7e0 GCTaskThread "GC Thread#5" [stack: 0x0000006b33700000,0x0000006b33800000] [id=9904]
  0x000001c5c1798f30 GCTaskThread "GC Thread#6" [stack: 0x0000006b33800000,0x0000006b33900000] [id=9600]
  0x000001c5c1996930 GCTaskThread "GC Thread#7" [stack: 0x0000006b33f00000,0x0000006b34000000] [id=11612]
  0x000001c5a9b0b930 ConcurrentGCThread "G1 Main Marker" [stack: 0x0000006b31d00000,0x0000006b31e00000] [id=1840]
  0x000001c5a9b0cae0 ConcurrentGCThread "G1 Conc#0" [stack: 0x0000006b31e00000,0x0000006b31f00000] [id=1596]
  0x000001c5c18b59f0 ConcurrentGCThread "G1 Conc#1" [stack: 0x0000006b34100000,0x0000006b34200000] [id=12860]
  0x000001c5a9b3e8a0 ConcurrentGCThread "G1 Refine#0" [stack: 0x0000006b31f00000,0x0000006b32000000] [id=1404]
  0x000001c5c1799a00 ConcurrentGCThread "G1 Refine#1" [stack: 0x0000006b33900000,0x0000006b33a00000] [id=15692]
  0x000001c5c1799ce0 ConcurrentGCThread "G1 Refine#2" [stack: 0x0000006b33a00000,0x0000006b33b00000] [id=3096]
  0x000001c5bc2574f0 ConcurrentGCThread "G1 Service" [stack: 0x0000006b32000000,0x0000006b32100000] [id=18296]

Threads with active compile tasks:
C1 CompilerThread1     1159 1917       1       sun.util.locale.BaseLocale$Key::hashCode (178 bytes)

VM state: not at safepoint (normal execution)

VM Mutex/Monitor currently owned by a thread: None

Heap address: 0x0000000702000000, size: 4064 MB, Compressed Oops mode: Zero based, Oop shift amount: 3

CDS archive(s) not mapped
Compressed class space mapped at: 0x0000000800000000-0x0000000840000000, reserved size: 1073741824
Narrow klass base: 0x0000000800000000, Narrow klass shift: 0, Narrow klass range: 0x40000000

GC Precious Log:
 CPUs: 8 total, 8 available
 Memory: 16254M
 Large Page Support: Disabled
 NUMA Support: Disabled
 Compressed Oops: Enabled (Zero based)
 Heap Region Size: 2M
 Heap Min Capacity: 8M
 Heap Initial Capacity: 254M
 Heap Max Capacity: 4064M
 Pre-touch: Disabled
 Parallel Workers: 8
 Concurrent Workers: 2
 Concurrent Refinement Workers: 8
 Periodic GC: Disabled

Heap:
 garbage-first heap   total 40960K, used 10825K [0x0000000702000000, 0x0000000800000000)
  region size 2048K, 3 young (6144K), 1 survivors (2048K)
 Metaspace       used 22021K, committed 22336K, reserved 1114112K
  class space    used 2551K, committed 2688K, reserved 1048576K

Heap Regions: E=young(eden), S=young(survivor), O=old, HS=humongous(starts), HC=humongous(continues), CS=collection set, F=free, OA=open archive, CA=closed archive, TAMS=top-at-mark-start (previous, next)
|   0|0x0000000702000000, 0x0000000702200000, 0x0000000702200000|100%| O|  |TAMS 0x0000000702200000, 0x0000000702000000| Untracked 
|   1|0x0000000702200000, 0x0000000702400000, 0x0000000702400000|100%| O|  |TAMS 0x0000000702400000, 0x0000000702200000| Untracked 
|   2|0x0000000702400000, 0x0000000702600000, 0x0000000702600000|100%| O|  |TAMS 0x0000000702600000, 0x0000000702400000| Untracked 
|   3|0x0000000702600000, 0x00000007026bec00, 0x0000000702800000| 37%| O|  |TAMS 0x00000007026bec00, 0x0000000702600000| Complete 
|   4|0x0000000702800000, 0x0000000702800000, 0x0000000702a00000|  0%| F|  |TAMS 0x0000000702800000, 0x0000000702800000| Untracked 
|   5|0x0000000702a00000, 0x0000000702a00000, 0x0000000702c00000|  0%| F|  |TAMS 0x0000000702a00000, 0x0000000702a00000| Untracked 
|   6|0x0000000702c00000, 0x0000000702c00000, 0x0000000702e00000|  0%| F|  |TAMS 0x0000000702c00000, 0x0000000702c00000| Untracked 
|   7|0x0000000702e00000, 0x0000000702e00000, 0x0000000703000000|  0%| F|  |TAMS 0x0000000702e00000, 0x0000000702e00000| Untracked 
|   8|0x0000000703000000, 0x0000000703000000, 0x0000000703200000|  0%| F|  |TAMS 0x0000000703000000, 0x0000000703000000| Untracked 
|   9|0x0000000703200000, 0x0000000703200000, 0x0000000703400000|  0%| F|  |TAMS 0x0000000703200000, 0x0000000703200000| Untracked 
|  10|0x0000000703400000, 0x0000000703400000, 0x0000000703600000|  0%| F|  |TAMS 0x0000000703400000, 0x0000000703400000| Untracked 
|  11|0x0000000703600000, 0x0000000703600000, 0x0000000703800000|  0%| F|  |TAMS 0x0000000703600000, 0x0000000703600000| Untracked 
|  12|0x0000000703800000, 0x0000000703800000, 0x0000000703a00000|  0%| F|  |TAMS 0x0000000703800000, 0x0000000703800000| Untracked 
|  13|0x0000000703a00000, 0x0000000703a00000, 0x0000000703c00000|  0%| F|  |TAMS 0x0000000703a00000, 0x0000000703a00000| Untracked 
|  14|0x0000000703c00000, 0x0000000703c00000, 0x0000000703e00000|  0%| F|  |TAMS 0x0000000703c00000, 0x0000000703c00000| Untracked 
|  15|0x0000000703e00000, 0x0000000703e00000, 0x0000000704000000|  0%| F|  |TAMS 0x0000000703e00000, 0x0000000703e00000| Untracked 
|  16|0x0000000704000000, 0x0000000704000000, 0x0000000704200000|  0%| F|  |TAMS 0x0000000704000000, 0x0000000704000000| Untracked 
|  17|0x0000000704200000, 0x0000000704400000, 0x0000000704400000|100%| E|  |TAMS 0x0000000704200000, 0x0000000704200000| Complete 
| 122|0x0000000711400000, 0x00000007115d3ae0, 0x0000000711600000| 91%| S|CS|TAMS 0x0000000711400000, 0x0000000711400000| Complete 
| 126|0x0000000711c00000, 0x0000000711e00000, 0x0000000711e00000|100%| E|CS|TAMS 0x0000000711c00000, 0x0000000711c00000| Complete 

Card table byte_map: [0x000001c5b0a40000,0x000001c5b1230000] _byte_map_base: 0x000001c5ad230000

Marking Bits (Prev, Next): (CMBitMap*) 0x000001c5a9afb240, (CMBitMap*) 0x000001c5a9afb200
 Prev Bits: [0x000001c5b59a0000, 0x000001c5b9920000)
 Next Bits: [0x000001c5b1a20000, 0x000001c5b59a0000)

Polling page: 0x000001c5a79f0000

Metaspace:

Usage:
  Non-class:     19.01 MB used.
      Class:      2.49 MB used.
       Both:     21.51 MB used.

Virtual space:
  Non-class space:       64.00 MB reserved,      19.19 MB ( 30%) committed,  1 nodes.
      Class space:        1.00 GB reserved,       2.62 MB ( <1%) committed,  1 nodes.
             Both:        1.06 GB reserved,      21.81 MB (  2%) committed. 

Chunk freelists:
   Non-Class:  12.67 MB
       Class:  13.42 MB
        Both:  26.09 MB

MaxMetaspaceSize: unlimited
CompressedClassSpaceSize: 1.00 GB
Initial GC threshold: 21.00 MB
Current GC threshold: 35.25 MB
CDS: off
MetaspaceReclaimPolicy: balanced
 - commit_granule_bytes: 65536.
 - commit_granule_words: 8192.
 - virtual_space_node_default_size: 8388608.
 - enlarge_chunks_in_place: 1.
 - new_chunks_are_fully_committed: 0.
 - uncommit_free_chunks: 1.
 - use_allocation_guard: 0.
 - handle_deallocations: 1.


Internal statistics:

num_allocs_failed_limit: 3.
num_arena_births: 282.
num_arena_deaths: 0.
num_vsnodes_births: 2.
num_vsnodes_deaths: 0.
num_space_committed: 349.
num_space_uncommitted: 0.
num_chunks_returned_to_freelist: 3.
num_chunks_taken_from_freelist: 702.
num_chunk_merges: 3.
num_chunk_splits: 439.
num_chunks_enlarged: 286.
num_inconsistent_stats: 0.

CodeCache: size=49152Kb used=5692Kb max_used=5692Kb free=43459Kb
 bounds [0x000001c5ad130000, 0x000001c5ad6c0000, 0x000001c5b0130000]
 total_blobs=2422 nmethods=1935 adapters=411
 compilation: enabled
              stopped_count=0, restarted_count=0
 full_count=0

Compilation events (20 events):
Event: 1.055 Thread 0x000001c5bc38c9a0 1874       1       java.io.ClassCache$CacheRef::getStrong (5 bytes)
Event: 1.055 Thread 0x000001c5bc455a30 1876       1       org.springframework.core.ResolvableType::resolveType (146 bytes)
Event: 1.055 Thread 0x000001c5bc4bb5e0 nmethod 1873 0x000001c5ad6a2010 code [0x000001c5ad6a21a0, 0x000001c5ad6a2278]
Event: 1.056 Thread 0x000001c5bc38c9a0 nmethod 1874 0x000001c5ad6a2310 code [0x000001c5ad6a24a0, 0x000001c5ad6a2578]
Event: 1.056 Thread 0x000001c5bc59c760 nmethod 1871 0x000001c5ad6a2610 code [0x000001c5ad6a27c0, 0x000001c5ad6a2a08]
Event: 1.057 Thread 0x000001c5bc59c760 1877       1       java.nio.Buffer::capacity (5 bytes)
Event: 1.057 Thread 0x000001c5bc59c760 nmethod 1877 0x000001c5ad6a2c10 code [0x000001c5ad6a2da0, 0x000001c5ad6a2e78]
Event: 1.057 Thread 0x000001c5bc455a30 nmethod 1876 0x000001c5ad6a2f10 code [0x000001c5ad6a31e0, 0x000001c5ad6a3e08]
Event: 1.058 Thread 0x000001c5bc455a30 1878       1       java.lang.invoke.BoundMethodHandle::bindArgumentL (11 bytes)
Event: 1.058 Thread 0x000001c5bc38c9a0 1879       1       java.lang.invoke.LambdaFormEditor::bindArgumentL (59 bytes)
Event: 1.059 Thread 0x000001c5bc38c9a0 nmethod 1879 0x000001c5ad6a4290 code [0x000001c5ad6a4440, 0x000001c5ad6a45a8]
Event: 1.059 Thread 0x000001c5bc455a30 nmethod 1878 0x000001c5ad6a4690 code [0x000001c5ad6a4840, 0x000001c5ad6a4a58]
Event: 1.061 Thread 0x000001c5bc455a30 1880       1       java.net.URI$Parser::at (23 bytes)
Event: 1.061 Thread 0x000001c5bc4bb5e0 1881       1       java.util.zip.ZipUtils::get16 (21 bytes)
Event: 1.061 Thread 0x000001c5bc455a30 nmethod 1880 0x000001c5ad6a4b90 code [0x000001c5ad6a4d40, 0x000001c5ad6a4f98]
Event: 1.061 Thread 0x000001c5bc4bb5e0 nmethod 1881 0x000001c5ad6a5190 code [0x000001c5ad6a5320, 0x000001c5ad6a5418]
Event: 1.067 Thread 0x000001c5bc38c9a0 1882       1       java.lang.invoke.BootstrapMethodInvoker::widenAndCast (47 bytes)
Event: 1.067 Thread 0x000001c5bc59c760 1883       1       java.lang.invoke.Invokers::callSiteForm (308 bytes)
Event: 1.067 Thread 0x000001c5bc38c9a0 nmethod 1882 0x000001c5ad6a8e10 code [0x000001c5ad6a9020, 0x000001c5ad6a9458]
Event: 1.068 Thread 0x000001c5bc59c760 nmethod 1883 0x000001c5ad6a9690 code [0x000001c5ad6a9920, 0x000001c5ad6aa618]

GC Heap History (6 events):
Event: 0.676 GC heap before
{Heap before GC invocations=0 (full 0):
 garbage-first heap   total 260096K, used 20480K [0x0000000702000000, 0x0000000800000000)
  region size 2048K, 11 young (22528K), 0 survivors (0K)
 Metaspace       used 14854K, committed 15040K, reserved 1114112K
  class space    used 1561K, committed 1664K, reserved 1048576K
}
Event: 0.680 GC heap after
{Heap after GC invocations=1 (full 0):
 garbage-first heap   total 260096K, used 7218K [0x0000000702000000, 0x0000000800000000)
  region size 2048K, 2 young (4096K), 2 survivors (4096K)
 Metaspace       used 14854K, committed 15040K, reserved 1114112K
  class space    used 1561K, committed 1664K, reserved 1048576K
}
Event: 1.001 GC heap before
{Heap before GC invocations=1 (full 0):
 garbage-first heap   total 260096K, used 29746K [0x0000000702000000, 0x0000000800000000)
  region size 2048K, 13 young (26624K), 2 survivors (4096K)
 Metaspace       used 20036K, committed 20288K, reserved 1114112K
  class space    used 2312K, committed 2432K, reserved 1048576K
}
Event: 1.005 GC heap after
{Heap after GC invocations=2 (full 0):
 garbage-first heap   total 260096K, used 8578K [0x0000000702000000, 0x0000000800000000)
  region size 2048K, 1 young (2048K), 1 survivors (2048K)
 Metaspace       used 20036K, committed 20288K, reserved 1114112K
  class space    used 2312K, committed 2432K, reserved 1048576K
}
Event: 1.050 GC heap before
{Heap before GC invocations=2 (full 0):
 garbage-first heap   total 260096K, used 12674K [0x0000000702000000, 0x0000000800000000)
  region size 2048K, 5 young (10240K), 1 survivors (2048K)
 Metaspace       used 21219K, committed 21504K, reserved 1114112K
  class space    used 2448K, committed 2624K, reserved 1048576K
}
Event: 1.052 GC heap after
{Heap after GC invocations=3 (full 0):
 garbage-first heap   total 260096K, used 8777K [0x0000000702000000, 0x0000000800000000)
  region size 2048K, 1 young (2048K), 1 survivors (2048K)
 Metaspace       used 21219K, committed 21504K, reserved 1114112K
  class space    used 2448K, committed 2624K, reserved 1048576K
}

Dll operation events (7 events):
Event: 0.008 Loaded shared library C:\sts-4.19.0.RELEASE\plugins\org.eclipse.justj.openjdk.hotspot.jre.full.win32.x86_64_17.0.7.v20230425-1502\jre\bin\java.dll
Event: 0.133 Loaded shared library C:\sts-4.19.0.RELEASE\plugins\org.eclipse.justj.openjdk.hotspot.jre.full.win32.x86_64_17.0.7.v20230425-1502\jre\bin\jimage.dll
Event: 0.147 Loaded shared library C:\sts-4.19.0.RELEASE\plugins\org.eclipse.justj.openjdk.hotspot.jre.full.win32.x86_64_17.0.7.v20230425-1502\jre\bin\net.dll
Event: 0.149 Loaded shared library C:\sts-4.19.0.RELEASE\plugins\org.eclipse.justj.openjdk.hotspot.jre.full.win32.x86_64_17.0.7.v20230425-1502\jre\bin\nio.dll
Event: 0.153 Loaded shared library C:\sts-4.19.0.RELEASE\plugins\org.eclipse.justj.openjdk.hotspot.jre.full.win32.x86_64_17.0.7.v20230425-1502\jre\bin\zip.dll
Event: 0.211 Loaded shared library C:\sts-4.19.0.RELEASE\plugins\org.eclipse.justj.openjdk.hotspot.jre.full.win32.x86_64_17.0.7.v20230425-1502\jre\bin\management.dll
Event: 0.226 Loaded shared library C:\sts-4.19.0.RELEASE\plugins\org.eclipse.justj.openjdk.hotspot.jre.full.win32.x86_64_17.0.7.v20230425-1502\jre\bin\management_ext.dll

Deoptimization events (0 events):
No events

Classes unloaded (0 events):
No events

Classes redefined (0 events):
No events

Internal exceptions (20 events):
Event: 0.864 Thread 0x000001c5a9a8b2a0 Exception <a 'java/lang/NoSuchMethodError'{0x00000007113bcf30}: 'java.lang.Object java.lang.invoke.DirectMethodHandle$Holder.newInvokeSpecial(java.lang.Object, java.lang.Object, java.lang.Object, int, java.lang.Object)'> (0x00000007113bcf30) 
thrown [s\src\hotspot\share\interpreter\linkResolver.cpp, line 759]
Event: 0.865 Thread 0x000001c5a9a8b2a0 Exception <a 'java/lang/NoSuchMethodError'{0x00000007113d3560}: 'java.lang.Object java.lang.invoke.DirectMethodHandle$Holder.newInvokeSpecial(java.lang.Object, int, java.lang.Object)'> (0x00000007113d3560) 
thrown [s\src\hotspot\share\interpreter\linkResolver.cpp, line 759]
Event: 0.865 Thread 0x000001c5a9a8b2a0 Exception <a 'java/lang/NoSuchMethodError'{0x00000007113d7530}: 'int java.lang.invoke.DirectMethodHandle$Holder.invokeSpecialIFC(java.lang.Object, java.lang.Object, java.lang.Object, java.lang.Object)'> (0x00000007113d7530) 
thrown [s\src\hotspot\share\interpreter\linkResolver.cpp, line 759]
Event: 0.879 Thread 0x000001c5a9a8b2a0 Exception <a 'java/lang/NoSuchMethodError'{0x00000007110b1c10}: 'void java.lang.invoke.DirectMethodHandle$Holder.invokeInterface(java.lang.Object, java.lang.Object, java.lang.Object)'> (0x00000007110b1c10) 
thrown [s\src\hotspot\share\interpreter\linkResolver.cpp, line 759]
Event: 0.902 Thread 0x000001c5a9a8b2a0 Exception <a 'java/lang/NoSuchMethodError'{0x0000000710e11268}: 'void java.lang.invoke.DirectMethodHandle$Holder.invokeStatic(java.lang.Object, java.lang.Object, int)'> (0x0000000710e11268) 
thrown [s\src\hotspot\share\interpreter\linkResolver.cpp, line 759]
Event: 0.905 Thread 0x000001c5a9a8b2a0 Exception <a 'java/lang/NoSuchMethodError'{0x0000000710e19090}: 'void java.lang.invoke.DirectMethodHandle$Holder.invokeStaticInit(java.lang.Object, java.lang.Object)'> (0x0000000710e19090) 
thrown [s\src\hotspot\share\interpreter\linkResolver.cpp, line 759]
Event: 0.907 Thread 0x000001c5a9a8b2a0 Exception <a 'java/lang/NoSuchMethodError'{0x0000000710e28ba0}: 'void java.lang.invoke.DirectMethodHandle$Holder.invokeStaticInit(java.lang.Object, java.lang.Object, java.lang.Object)'> (0x0000000710e28ba0) 
thrown [s\src\hotspot\share\interpreter\linkResolver.cpp, line 759]
Event: 0.913 Thread 0x000001c5a9a8b2a0 Exception <a 'java/lang/NoSuchMethodError'{0x0000000710e65658}: 'java.lang.Object java.lang.invoke.DirectMethodHandle$Holder.invokeStatic(java.lang.Object, java.lang.Object, long, java.lang.Object)'> (0x0000000710e65658) 
thrown [s\src\hotspot\share\interpreter\linkResolver.cpp, line 759]
Event: 0.914 Thread 0x000001c5a9a8b2a0 Exception <a 'java/lang/NoSuchMethodError'{0x0000000710e690f0}: 'java.lang.Object java.lang.invoke.DirectMethodHandle$Holder.invokeStaticInit(java.lang.Object, java.lang.Object, long, java.lang.Object)'> (0x0000000710e690f0) 
thrown [s\src\hotspot\share\interpreter\linkResolver.cpp, line 759]
Event: 0.914 Thread 0x000001c5a9a8b2a0 Exception <a 'java/lang/NoSuchMethodError'{0x0000000710e6f700}: 'java.lang.Object java.lang.invoke.DirectMethodHandle$Holder.newInvokeSpecial(java.lang.Object, java.lang.Object, long)'> (0x0000000710e6f700) 
thrown [s\src\hotspot\share\interpreter\linkResolver.cpp, line 759]
Event: 0.914 Thread 0x000001c5a9a8b2a0 Exception <a 'java/lang/NoSuchMethodError'{0x0000000710e73280}: 'java.lang.Object java.lang.invoke.Invokers$Holder.linkToTargetMethod(java.lang.Object, long, java.lang.Object)'> (0x0000000710e73280) 
thrown [s\src\hotspot\share\interpreter\linkResolver.cpp, line 759]
Event: 0.922 Thread 0x000001c5a9a8b2a0 Exception <a 'java/lang/NoSuchMethodError'{0x0000000710ec9208}: 'void java.lang.invoke.DirectMethodHandle$Holder.invokeVirtual(java.lang.Object, java.lang.Object, java.lang.Object, java.lang.Object)'> (0x0000000710ec9208) 
thrown [s\src\hotspot\share\interpreter\linkResolver.cpp, line 759]
Event: 0.947 Thread 0x000001c5a9a8b2a0 Exception <a 'java/lang/NoSuchMethodError'{0x0000000710c40ce0}: 'void java.lang.invoke.DirectMethodHandle$Holder.invokeSpecial(java.lang.Object, java.lang.Object, java.lang.Object)'> (0x0000000710c40ce0) 
thrown [s\src\hotspot\share\interpreter\linkResolver.cpp, line 759]
Event: 0.948 Thread 0x000001c5a9a8b2a0 Exception <a 'java/lang/NoSuchMethodError'{0x0000000710c472b8}: 'void java.lang.invoke.DirectMethodHandle$Holder.invokeSpecial(java.lang.Object, java.lang.Object, java.lang.Object, java.lang.Object, java.lang.Object)'> (0x0000000710c472b8) 
thrown [s\src\hotspot\share\interpreter\linkResolver.cpp, line 759]
Event: 0.953 Thread 0x000001c5c18db770 Exception <a 'java/lang/NoClassDefFoundError'{0x0000000710c89ee8}: jakarta/validation/Validation> (0x0000000710c89ee8) 
thrown [s\src\hotspot\share\classfile\systemDictionary.cpp, line 245]
Event: 0.954 Thread 0x000001c5a9a8b2a0 Exception <a 'java/lang/IncompatibleClassChangeError'{0x0000000710ca6530}: Found class java.lang.Object, but interface was expected> (0x0000000710ca6530) 
thrown [s\src\hotspot\share\interpreter\linkResolver.cpp, line 826]
Event: 1.015 Thread 0x000001c5c19947a0 Exception <a 'java/lang/NoSuchMethodError'{0x0000000711dfece8}: static [B.<clinit>()V> (0x0000000711dfece8) 
thrown [s\src\hotspot\share\prims\jni.cpp, line 1107]
Event: 1.032 Thread 0x000001c5c19947a0 Exception <a 'java/lang/ClassNotFoundException'{0x0000000711bcb708}: javax/management/remote/rmi/RMIConnectionImpl_Skel> (0x0000000711bcb708) 
thrown [s\src\hotspot\share\classfile\systemDictionary.cpp, line 256]
Event: 1.048 Thread 0x000001c5c19947a0 Exception <a 'java/lang/reflect/InvocationTargetException'{0x000000071163dd58}> (0x000000071163dd58) 
thrown [s\src\hotspot\share\runtime\reflection.cpp, line 1121]
Event: 1.054 Thread 0x000001c5c19947a0 Exception <a 'java/lang/NoSuchMethodError'{0x0000000711d67800}: static [Ljava/lang/StackTraceElement;.<clinit>()V> (0x0000000711d67800) 
thrown [s\src\hotspot\share\prims\jni.cpp, line 1107]

VM Operations (20 events):
Event: 0.675 Executing VM operation: G1CollectForAllocation
Event: 0.680 Executing VM operation: G1CollectForAllocation done
Event: 0.720 Executing VM operation: HandshakeAllThreads
Event: 0.720 Executing VM operation: HandshakeAllThreads done
Event: 0.851 Executing VM operation: HandshakeAllThreads
Event: 0.851 Executing VM operation: HandshakeAllThreads done
Event: 0.946 Executing VM operation: HandshakeAllThreads
Event: 0.946 Executing VM operation: HandshakeAllThreads done
Event: 0.954 Executing VM operation: ICBufferFull
Event: 0.954 Executing VM operation: ICBufferFull done
Event: 1.001 Executing VM operation: G1CollectForAllocation
Event: 1.005 Executing VM operation: G1CollectForAllocation done
Event: 1.031 Executing VM operation: HandshakeAllThreads
Event: 1.032 Executing VM operation: HandshakeAllThreads done
Event: 1.050 Executing VM operation: CollectForMetadataAllocation
Event: 1.052 Executing VM operation: CollectForMetadataAllocation done
Event: 1.059 Executing VM operation: G1Concurrent
Event: 1.061 Executing VM operation: G1Concurrent done
Event: 1.063 Executing VM operation: G1Concurrent
Event: 1.063 Executing VM operation: G1Concurrent done

Events (20 events):
Event: 1.065 loading class java/time/temporal/TemporalQueries$3
Event: 1.065 loading class java/time/temporal/TemporalQueries$3 done
Event: 1.065 loading class java/time/temporal/TemporalQueries$4
Event: 1.065 loading class java/time/temporal/TemporalQueries$4 done
Event: 1.065 loading class java/time/temporal/TemporalQueries$5
Event: 1.065 loading class java/time/temporal/TemporalQueries$5 done
Event: 1.065 loading class java/time/temporal/TemporalQueries$6
Event: 1.065 loading class java/time/temporal/TemporalQueries$6 done
Event: 1.065 loading class java/time/temporal/TemporalQueries$7
Event: 1.065 loading class java/time/temporal/TemporalQueries$7 done
Event: 1.065 loading class java/time/ZonedDateTime$1
Event: 1.065 loading class java/time/ZonedDateTime$1 done
Event: 1.065 loading class java/time/LocalDate$1
Event: 1.065 loading class java/time/LocalDate$1 done
Event: 1.065 loading class java/time/format/DateTimeFormatterBuilder$2
Event: 1.065 loading class java/time/format/DateTimeFormatterBuilder$2 done
Event: 1.065 loading class java/time/LocalTime$1
Event: 1.065 loading class java/time/LocalTime$1 done
Event: 1.066 loading class java/math/RoundingMode
Event: 1.066 loading class java/math/RoundingMode done


Dynamic libraries:
0x00007ff72d760000 - 0x00007ff72d76e000 	C:\sts-4.19.0.RELEASE\plugins\org.eclipse.justj.openjdk.hotspot.jre.full.win32.x86_64_17.0.7.v20230425-1502\jre\bin\javaw.exe
0x00007ffe3a0f0000 - 0x00007ffe3a304000 	C:\Windows\SYSTEM32\ntdll.dll
0x00007ffe15940000 - 0x00007ffe15959000 	C:\Program Files\Avast Software\Avast\aswhook.dll
0x00007ffe39ac0000 - 0x00007ffe39b84000 	C:\Windows\System32\KERNEL32.DLL
0x00007ffe37630000 - 0x00007ffe379d4000 	C:\Windows\System32\KERNELBASE.dll
0x00007ffe374a0000 - 0x00007ffe375b1000 	C:\Windows\System32\ucrtbase.dll
0x00007ffe15920000 - 0x00007ffe15937000 	C:\sts-4.19.0.RELEASE\plugins\org.eclipse.justj.openjdk.hotspot.jre.full.win32.x86_64_17.0.7.v20230425-1502\jre\bin\jli.dll
0x00007ffdfdba0000 - 0x00007ffdfdbb9000 	C:\sts-4.19.0.RELEASE\plugins\org.eclipse.justj.openjdk.hotspot.jre.full.win32.x86_64_17.0.7.v20230425-1502\jre\bin\VCRUNTIME140.dll
0x00007ffe39430000 - 0x00007ffe395de000 	C:\Windows\System32\USER32.dll
0x00007ffe37b00000 - 0x00007ffe37b26000 	C:\Windows\System32\win32u.dll
0x00007ffe1f100000 - 0x00007ffe1f393000 	C:\Windows\WinSxS\amd64_microsoft.windows.common-controls_6595b64144ccf1df_6.0.22621.2215_none_270d72677387dfc3\COMCTL32.dll
0x00007ffe38250000 - 0x00007ffe38279000 	C:\Windows\System32\GDI32.dll
0x00007ffe39b90000 - 0x00007ffe39c37000 	C:\Windows\System32\msvcrt.dll
0x00007ffe379e0000 - 0x00007ffe37af8000 	C:\Windows\System32\gdi32full.dll
0x00007ffe37d60000 - 0x00007ffe37dfa000 	C:\Windows\System32\msvcp_win.dll
0x00007ffe38f40000 - 0x00007ffe38f71000 	C:\Windows\System32\IMM32.DLL
0x00007ffe0cdb0000 - 0x00007ffe0cdbc000 	C:\sts-4.19.0.RELEASE\plugins\org.eclipse.justj.openjdk.hotspot.jre.full.win32.x86_64_17.0.7.v20230425-1502\jre\bin\vcruntime140_1.dll
0x00007ffdf9e70000 - 0x00007ffdf9f01000 	C:\sts-4.19.0.RELEASE\plugins\org.eclipse.justj.openjdk.hotspot.jre.full.win32.x86_64_17.0.7.v20230425-1502\jre\bin\msvcp140.dll
0x00007ffd9f2b0000 - 0x00007ffd9fef8000 	C:\sts-4.19.0.RELEASE\plugins\org.eclipse.justj.openjdk.hotspot.jre.full.win32.x86_64_17.0.7.v20230425-1502\jre\bin\server\jvm.dll
0x00007ffe38f80000 - 0x00007ffe39030000 	C:\Windows\System32\ADVAPI32.dll
0x00007ffe38cf0000 - 0x00007ffe38d96000 	C:\Windows\System32\sechost.dll
0x00007ffe38e20000 - 0x00007ffe38f37000 	C:\Windows\System32\RPCRT4.dll
0x00007ffe17400000 - 0x00007ffe17409000 	C:\Windows\SYSTEM32\WSOCK32.dll
0x00007ffe2f5f0000 - 0x00007ffe2f624000 	C:\Windows\SYSTEM32\WINMM.dll
0x00007ffe38da0000 - 0x00007ffe38e11000 	C:\Windows\System32\WS2_32.dll
0x00007ffe2d960000 - 0x00007ffe2d96a000 	C:\Windows\SYSTEM32\VERSION.dll
0x00007ffe36460000 - 0x00007ffe36478000 	C:\Windows\SYSTEM32\kernel.appcore.dll
0x00007ffe1b260000 - 0x00007ffe1b26a000 	C:\sts-4.19.0.RELEASE\plugins\org.eclipse.justj.openjdk.hotspot.jre.full.win32.x86_64_17.0.7.v20230425-1502\jre\bin\jimage.dll
0x00007ffe34e20000 - 0x00007ffe3504e000 	C:\Windows\SYSTEM32\DBGHELP.DLL
0x00007ffe39030000 - 0x00007ffe393ba000 	C:\Windows\System32\combase.dll
0x00007ffe39fd0000 - 0x00007ffe3a0a7000 	C:\Windows\System32\OLEAUT32.dll
0x00007ffe20220000 - 0x00007ffe20252000 	C:\Windows\SYSTEM32\dbgcore.DLL
0x00007ffe37e00000 - 0x00007ffe37e7a000 	C:\Windows\System32\bcryptPrimitives.dll
0x00007ffe0cbc0000 - 0x00007ffe0cbe5000 	C:\sts-4.19.0.RELEASE\plugins\org.eclipse.justj.openjdk.hotspot.jre.full.win32.x86_64_17.0.7.v20230425-1502\jre\bin\java.dll
0x00007ffe0e550000 - 0x00007ffe0e568000 	C:\sts-4.19.0.RELEASE\plugins\org.eclipse.justj.openjdk.hotspot.jre.full.win32.x86_64_17.0.7.v20230425-1502\jre\bin\zip.dll
0x00007ffe38280000 - 0x00007ffe38aa3000 	C:\Windows\System32\SHELL32.dll
0x00007ffe353e0000 - 0x00007ffe35cca000 	C:\Windows\SYSTEM32\windows.storage.dll
0x00007ffe352a0000 - 0x00007ffe353de000 	C:\Windows\SYSTEM32\wintypes.dll
0x00007ffe38020000 - 0x00007ffe38113000 	C:\Windows\System32\SHCORE.dll
0x00007ffe393d0000 - 0x00007ffe3942e000 	C:\Windows\System32\shlwapi.dll
0x00007ffe373d0000 - 0x00007ffe373f6000 	C:\Windows\SYSTEM32\profapi.dll
0x00007ffe0b2a0000 - 0x00007ffe0b2b9000 	C:\sts-4.19.0.RELEASE\plugins\org.eclipse.justj.openjdk.hotspot.jre.full.win32.x86_64_17.0.7.v20230425-1502\jre\bin\net.dll
0x00007ffe2ea40000 - 0x00007ffe2eb77000 	C:\Windows\SYSTEM32\WINHTTP.dll
0x00007ffe36a10000 - 0x00007ffe36a79000 	C:\Windows\system32\mswsock.dll
0x00007ffe025a0000 - 0x00007ffe025b5000 	C:\sts-4.19.0.RELEASE\plugins\org.eclipse.justj.openjdk.hotspot.jre.full.win32.x86_64_17.0.7.v20230425-1502\jre\bin\nio.dll
0x00007ffe1b870000 - 0x00007ffe1b879000 	C:\sts-4.19.0.RELEASE\plugins\org.eclipse.justj.openjdk.hotspot.jre.full.win32.x86_64_17.0.7.v20230425-1502\jre\bin\management.dll
0x00007ffe1b860000 - 0x00007ffe1b86b000 	C:\sts-4.19.0.RELEASE\plugins\org.eclipse.justj.openjdk.hotspot.jre.full.win32.x86_64_17.0.7.v20230425-1502\jre\bin\management_ext.dll
0x00007ffe39fa0000 - 0x00007ffe39fa8000 	C:\Windows\System32\PSAPI.DLL
0x00007ffdfd8f0000 - 0x00007ffdfd907000 	C:\Windows\system32\napinsp.dll
0x00007ffe025c0000 - 0x00007ffe025db000 	C:\Windows\system32\pnrpnsp.dll
0x00007ffe35fa0000 - 0x00007ffe36092000 	C:\Windows\SYSTEM32\DNSAPI.dll
0x00007ffe35f30000 - 0x00007ffe35f5d000 	C:\Windows\SYSTEM32\IPHLPAPI.DLL
0x00007ffe393c0000 - 0x00007ffe393c9000 	C:\Windows\System32\NSI.dll
0x00007ffe025e0000 - 0x00007ffe025f1000 	C:\Windows\System32\winrnr.dll
0x00007ffe2f650000 - 0x00007ffe2f665000 	C:\Windows\system32\wshbth.dll
0x00007ffe003f0000 - 0x00007ffe00411000 	C:\Windows\system32\nlansp_c.dll
0x00007ffe2c530000 - 0x00007ffe2c53a000 	C:\Windows\System32\rasadhlp.dll
0x00007ffe2d2c0000 - 0x00007ffe2d344000 	C:\Windows\System32\fwpuclnt.dll
0x00007ffe36d30000 - 0x00007ffe36d4b000 	C:\Windows\SYSTEM32\CRYPTSP.dll
0x00007ffe36420000 - 0x00007ffe36455000 	C:\Windows\system32\rsaenh.dll
0x00007ffe36ab0000 - 0x00007ffe36adc000 	C:\Windows\SYSTEM32\USERENV.dll
0x00007ffe36e70000 - 0x00007ffe36e98000 	C:\Windows\SYSTEM32\bcrypt.dll
0x00007ffe36d10000 - 0x00007ffe36d1c000 	C:\Windows\SYSTEM32\CRYPTBASE.dll
0x00007ffe2f630000 - 0x00007ffe2f649000 	C:\Windows\SYSTEM32\dhcpcsvc6.DLL
0x00007ffe2eef0000 - 0x00007ffe2ef0f000 	C:\Windows\SYSTEM32\dhcpcsvc.DLL

dbghelp: loaded successfully - version: 4.0.5 - missing functions: none
symbol engine: initialized successfully - sym options: 0x614 - pdb path: .;C:\sts-4.19.0.RELEASE\plugins\org.eclipse.justj.openjdk.hotspot.jre.full.win32.x86_64_17.0.7.v20230425-1502\jre\bin;C:\Windows\SYSTEM32;C:\Program Files\Avast Software\Avast;C:\Windows\WinSxS\amd64_microsoft.windows.common-controls_6595b64144ccf1df_6.0.22621.2215_none_270d72677387dfc3;C:\sts-4.19.0.RELEASE\plugins\org.eclipse.justj.openjdk.hotspot.jre.full.win32.x86_64_17.0.7.v20230425-1502\jre\bin\server

VM Arguments:
jvm_args: -Dcom.sun.management.jmxremote -Dcom.sun.management.jmxremote.port=50153 -Dcom.sun.management.jmxremote.authenticate=false -Dcom.sun.management.jmxremote.ssl=false -Djava.rmi.server.hostname=localhost -Dspring.jmx.enabled=true -Dmanagement.endpoints.jmx.exposure.include=* -Dspring.application.admin.enabled=true -XX:TieredStopAtLevel=1 -Dspring.boot.project.name=Infraction -Dfile.encoding=UTF-8 -Dstdout.encoding=UTF-8 -Dstderr.encoding=UTF-8 -XX:+ShowCodeDetailsInExceptionMessages 
java_command: com.example.demo.InfractionApplication --spring.output.ansi.enabled=always
java_class_path (initial): C:\Users\hi\Documents\workspace-spring-tool-suite-4-4.19.0.RELEASE\Micorservice_Radar\Infraction\target\classes;C:\Users\hi\.m2\repository\org\springframework\boot\spring-boot-starter-data-jpa\3.1.4\spring-boot-starter-data-jpa-3.1.4.jar;C:\Users\hi\.m2\repository\org\springframework\boot\spring-boot-starter-aop\3.1.4\spring-boot-starter-aop-3.1.4.jar;C:\Users\hi\.m2\repository\org\springframework\spring-aop\6.0.12\spring-aop-6.0.12.jar;C:\Users\hi\.m2\repository\org\aspectj\aspectjweaver\1.9.20\aspectjweaver-1.9.20.jar;C:\Users\hi\.m2\repository\org\springframework\boot\spring-boot-starter-jdbc\3.1.4\spring-boot-starter-jdbc-3.1.4.jar;C:\Users\hi\.m2\repository\com\zaxxer\HikariCP\5.0.1\HikariCP-5.0.1.jar;C:\Users\hi\.m2\repository\org\springframework\spring-jdbc\6.0.12\spring-jdbc-6.0.12.jar;C:\Users\hi\.m2\repository\org\hibernate\orm\hibernate-core\6.2.9.Final\hibernate-core-6.2.9.Final.jar;C:\Users\hi\.m2\repository\jakarta\persistence\jakarta.persistence-api\3.1.0\jakarta.persistence-api-3.1.0.jar;C:\Users\hi\.m2\repository\jakarta\transaction\jakarta.transaction-api\2.0.1\jakarta.transaction-api-2.0.1.jar;C:\Users\hi\.m2\repository\org\jboss\logging\jboss-logging\3.5.3.Final\jboss-logging-3.5.3.Final.jar;C:\Users\hi\.m2\repository\org\hibernate\common\hibernate-commons-annotations\6.0.6.Final\hibernate-commons-annotations-6.0.6.Final.jar;C:\Users\hi\.m2\repository\io\smallrye\jandex\3.0.5\jandex-3.0.5.jar;C:\Users\hi\.m2\repository\com\fasterxml\classmate\1.5.1\classmate-1.5.1.jar;C:\Users\hi\.m2\repository\net\bytebuddy\byte-buddy\1.14.8\byte-buddy-1.14.8.jar;C:\Users\hi\.m2\repository\org\glassfish\jaxb\jaxb-runtime\4.0.3\jaxb-runtime-4.0.3.jar;C:\Users\hi\.m2\repository\org\glassfish\jaxb\jaxb-core\4.0.3\jaxb-core-4.0.3.jar;C:\Users\hi\.m2\repository\org\eclipse\angus\angus-activation\2.0.1\angus-activation-2.0.1.jar;C:\Users\hi\.m2\repository\org\glassfish\jaxb\txw2\4.0.3\txw2-4.0.3.jar;C:\Users\hi\.m2\repository\com\sun\istac
Launcher Type: SUN_STANDARD

[Global flags]
     intx CICompilerCount                          = 4                                         {product} {ergonomic}
     uint ConcGCThreads                            = 2                                         {product} {ergonomic}
     uint G1ConcRefinementThreads                  = 8                                         {product} {ergonomic}
   size_t G1HeapRegionSize                         = 2097152                                   {product} {ergonomic}
    uintx GCDrainStackTargetSize                   = 64                                        {product} {ergonomic}
   size_t InitialHeapSize                          = 266338304                                 {product} {ergonomic}
     bool ManagementServer                         = true                                      {product} {command line}
   size_t MarkStackSize                            = 4194304                                   {product} {ergonomic}
   size_t MaxHeapSize                              = 4261412864                                {product} {ergonomic}
   size_t MaxNewSize                               = 2556428288                                {product} {ergonomic}
   size_t MinHeapDeltaBytes                        = 2097152                                   {product} {ergonomic}
   size_t MinHeapSize                              = 8388608                                   {product} {ergonomic}
    uintx NonProfiledCodeHeapSize                  = 0                                      {pd product} {ergonomic}
     bool ProfileInterpreter                       = false                                  {pd product} {command line}
    uintx ProfiledCodeHeapSize                     = 0                                      {pd product} {ergonomic}
     bool ShowCodeDetailsInExceptionMessages       = true                                   {manageable} {command line}
   size_t SoftMaxHeapSize                          = 4261412864                             {manageable} {ergonomic}
     intx TieredStopAtLevel                        = 1                                         {product} {command line}
     bool UseCompressedClassPointers               = true                           {product lp64_product} {ergonomic}
     bool UseCompressedOops                        = true                           {product lp64_product} {ergonomic}
     bool UseG1GC                                  = true                                      {product} {ergonomic}
     bool UseLargePagesIndividualAllocation        = false                                  {pd product} {ergonomic}

Logging:
Log output configuration:
 #0: stdout all=warning uptime,level,tags
 #1: stderr all=off uptime,level,tags

Environment Variables:
JAVA_HOME=C:\Program Files\Java\jdk-20
PATH=C:/sts-4.19.0.RELEASE//plugins/org.eclipse.justj.openjdk.hotspot.jre.full.win32.x86_64_17.0.7.v20230425-1502/jre/bin/server;C:/sts-4.19.0.RELEASE//plugins/org.eclipse.justj.openjdk.hotspot.jre.full.win32.x86_64_17.0.7.v20230425-1502/jre/bin;C:\Program Files\Common Files\Oracle\Java\javapath;C:\Windows\system32;C:\Windows;C:\Windows\System32\Wbem;C:\Windows\System32\WindowsPowerShell\v1.0\;C:\Windows\System32\OpenSSH\;C:\Program Files\Java\jdk-20\bin;C:\Program Files\Git\cmd;C:\Program Files\Common Files\Oracle\Java\javapath;C:\Program Files\Git LFS;C:\Program Files\nodejs\;C:\Program Files\Docker\Docker\resources\bin;C:\Users\hi\Downloads\apache-maven-3.9.4-bin\apache-maven-3.9.4\bin;C:\Users\hi\AppData\Local\Microsoft\WindowsApps;C:\Users\hi\AppData\Local\GitHubDesktop\bin;C:\Users\hi\AppData\Roaming\npm;C:\Users\hi\AppData\Local\Programs\Microsoft VS Code\bin;;C:\sts-4.19.0.RELEASE;
USERNAME=hi
OS=Windows_NT
PROCESSOR_IDENTIFIER=Intel64 Family 6 Model 142 Stepping 12, GenuineIntel
TMP=C:\Users\hi\AppData\Local\Temp
TEMP=C:\Users\hi\AppData\Local\Temp



---------------  S Y S T E M  ---------------

OS:
 Windows 11 , 64 bit Build 22621 (10.0.22621.2215)
OS uptime: 0 days 0:19 hours
Hyper-V role detected

CPU: total 8 (initial active 8) (4 cores per cpu, 2 threads per core) family 6 model 142 stepping 12 microcode 0xec, cx8, cmov, fxsr, ht, mmx, 3dnowpref, sse, sse2, sse3, ssse3, sse4.1, sse4.2, popcnt, lzcnt, tsc, tscinvbit, avx, avx2, aes, erms, clmul, bmi1, bmi2, adx, fma, vzeroupper, clflush, clflushopt, hv

Memory: 4k page, system-wide physical 16254M (9690M free)
TotalPageFile size 23934M (AvailPageFile size 16548M)
current process WorkingSet (physical memory assigned to process): 81M, peak: 101M
current process commit charge ("private bytes"): 142M, peak: 363M

vm_info: OpenJDK 64-Bit Server VM (17.0.7+7) for windows-amd64 JRE (17.0.7+7), built on Apr 18 2023 22:10:42 by "temurin" with MS VC++ 16.7 (VS2019)

END.
