#
# A fatal error has been detected by the Java Runtime Environment:
#
#  EXCEPTION_ACCESS_VIOLATION (0xc0000005) at pc=0x00007ffe5a2e0ec0, pid=5632, tid=16012
#
# JRE version: OpenJDK Runtime Environment Temurin-17.0.7+7 (17.0.7+7) (build 17.0.7+7)
# Java VM: OpenJDK 64-Bit Server VM Temurin-17.0.7+7 (17.0.7+7, mixed mode, emulated-client, tiered, compressed oops, compressed class ptrs, g1 gc, windows-amd64)
# Problematic frame:
# V  [jvm.dll+0x760ec0]
#
# No core dump will be written. Minidumps are not enabled by default on client versions of Windows
#
# If you would like to submit a bug report, please visit:
#   https://github.com/adoptium/adoptium-support/issues
#

---------------  S U M M A R Y ------------

Command Line: -Dcom.sun.management.jmxremote -Dcom.sun.management.jmxremote.port=58032 -Dcom.sun.management.jmxremote.authenticate=false -Dcom.sun.management.jmxremote.ssl=false -Djava.rmi.server.hostname=localhost -Dspring.jmx.enabled=true -Dmanagement.endpoints.jmx.exposure.include=* -Dspring.application.admin.enabled=true -XX:TieredStopAtLevel=1 -Dspring.boot.project.name=Infraction -Dfile.encoding=UTF-8 -Dstdout.encoding=UTF-8 -Dstderr.encoding=UTF-8 -XX:+ShowCodeDetailsInExceptionMessages com.example.demo.InfractionApplication --spring.output.ansi.enabled=always

Host: Intel(R) Core(TM) i7-8565U CPU @ 1.80GHz, 8 cores, 15G,  Windows 11 , 64 bit Build 22621 (10.0.22621.2215)
Time: Mon Sep 25 20:56:40 2023 Morocco Daylight Time elapsed time: 3.811748 seconds (0d 0h 0m 3s)

---------------  T H R E A D  ---------------

Current thread (0x00000287183fcfb0):  JavaThread "main" [_thread_in_vm, id=16012, stack(0x000000dad4600000,0x000000dad4700000)]

Stack: [0x000000dad4600000,0x000000dad4700000],  sp=0x000000dad46fcb10,  free space=1010k
Native frames: (J=compiled Java code, j=interpreted, Vv=VM code, C=native code)
V  [jvm.dll+0x760ec0]
V  [jvm.dll+0x7622c7]
V  [jvm.dll+0x762f7f]
V  [jvm.dll+0x76315e]
V  [jvm.dll+0x240de1]
V  [jvm.dll+0x240201]
V  [jvm.dll+0x125bdd]
V  [jvm.dll+0x384d5e]
C  0x000002871baac0c4

Java frames: (J=compiled Java code, j=interpreted, Vv=VM code)
j  com.mysql.cj.CharsetMapping.<clinit>()V+3376
v  ~StubRoutines::call_stub
j  com.mysql.cj.protocol.a.NativeProtocol.beforeHandshake()V+28
j  com.mysql.cj.protocol.a.NativeProtocol.connect(Ljava/lang/String;Ljava/lang/String;Ljava/lang/String;)V+1
j  com.mysql.cj.NativeSession.connect(Lcom/mysql/cj/conf/HostInfo;Ljava/lang/String;Ljava/lang/String;Ljava/lang/String;ILcom/mysql/cj/TransactionEventHandler;)V+110
j  com.mysql.cj.jdbc.ConnectionImpl.connectOneTryOnly(Z)V+32
j  com.mysql.cj.jdbc.ConnectionImpl.createNewIO(Z)V+27
j  com.mysql.cj.jdbc.ConnectionImpl.<init>(Lcom/mysql/cj/conf/HostInfo;)V+799
j  com.mysql.cj.jdbc.ConnectionImpl.getInstance(Lcom/mysql/cj/conf/HostInfo;)Lcom/mysql/cj/jdbc/JdbcConnection;+5
j  com.mysql.cj.jdbc.NonRegisteringDriver.connect(Ljava/lang/String;Ljava/util/Properties;)Ljava/sql/Connection;+72
j  com.zaxxer.hikari.util.DriverDataSource.getConnection(Ljava/lang/String;Ljava/lang/String;)Ljava/sql/Connection;+61
j  com.zaxxer.hikari.pool.PoolBase.newConnection()Ljava/sql/Connection;+49
j  com.zaxxer.hikari.pool.PoolBase.newPoolEntry()Lcom/zaxxer/hikari/pool/PoolEntry;+5
j  com.zaxxer.hikari.pool.HikariPool.createPoolEntry()Lcom/zaxxer/hikari/pool/PoolEntry;+1
j  com.zaxxer.hikari.pool.HikariPool.checkFailFast()V+20
j  com.zaxxer.hikari.pool.HikariPool.<init>(Lcom/zaxxer/hikari/HikariConfig;)V+138
j  com.zaxxer.hikari.HikariDataSource.getConnection()Ljava/sql/Connection;+82
j  org.hibernate.engine.jdbc.connections.internal.DatasourceConnectionProviderImpl.getConnection()Ljava/sql/Connection;+48
j  org.hibernate.engine.jdbc.env.internal.JdbcEnvironmentInitiator$ConnectionProviderJdbcConnectionAccess.obtainConnection()Ljava/sql/Connection;+4
j  org.hibernate.engine.jdbc.env.internal.JdbcEnvironmentInitiator.initiateService(Ljava/util/Map;Lorg/hibernate/service/spi/ServiceRegistryImplementor;)Lorg/hibernate/engine/jdbc/env/spi/JdbcEnvironment;+239
j  org.hibernate.engine.jdbc.env.internal.JdbcEnvironmentInitiator.initiateService(Ljava/util/Map;Lorg/hibernate/service/spi/ServiceRegistryImplementor;)Lorg/hibernate/service/Service;+3
j  org.hibernate.boot.registry.internal.StandardServiceRegistryImpl.initiateService(Lorg/hibernate/service/spi/ServiceInitiator;)Lorg/hibernate/service/Service;+9
j  org.hibernate.service.internal.AbstractServiceRegistryImpl.createService(Lorg/hibernate/service/spi/ServiceBinding;)Lorg/hibernate/service/Service;+26
j  org.hibernate.service.internal.AbstractServiceRegistryImpl.initializeService(Lorg/hibernate/service/spi/ServiceBinding;)Lorg/hibernate/service/Service;+30
j  org.hibernate.service.internal.AbstractServiceRegistryImpl.getService(Ljava/lang/Class;)Lorg/hibernate/service/Service;+112
j  org.hibernate.boot.model.relational.Database.<init>(Lorg/hibernate/boot/spi/MetadataBuildingOptions;)V+10
j  org.hibernate.boot.internal.InFlightMetadataCollectorImpl.getDatabase()Lorg/hibernate/boot/model/relational/Database;+16
j  org.hibernate.boot.internal.InFlightMetadataCollectorImpl.<init>(Lorg/hibernate/boot/spi/BootstrapContext;Lorg/hibernate/boot/spi/MetadataBuildingOptions;)V+390
j  org.hibernate.boot.model.process.spi.MetadataBuildingProcess.complete(Lorg/hibernate/boot/model/process/spi/ManagedResources;Lorg/hibernate/boot/spi/BootstrapContext;Lorg/hibernate/boot/spi/MetadataBuildingOptions;)Lorg/hibernate/boot/spi/MetadataImplementor;+6
j  org.hibernate.jpa.boot.internal.EntityManagerFactoryBuilderImpl.metadata()Lorg/hibernate/boot/spi/MetadataImplementor;+30
j  org.hibernate.jpa.boot.internal.EntityManagerFactoryBuilderImpl.build()Ljakarta/persistence/EntityManagerFactory;+3
j  org.springframework.orm.jpa.vendor.SpringHibernateJpaPersistenceProvider.createContainerEntityManagerFactory(Ljakarta/persistence/spi/PersistenceUnitInfo;Ljava/util/Map;)Ljakarta/persistence/EntityManagerFactory;+59
j  org.springframework.orm.jpa.LocalContainerEntityManagerFactoryBean.createNativeEntityManagerFactory()Ljakarta/persistence/EntityManagerFactory;+111
j  org.springframework.orm.jpa.AbstractEntityManagerFactoryBean.buildNativeEntityManagerFactory()Ljakarta/persistence/EntityManagerFactory;+1
j  org.springframework.orm.jpa.AbstractEntityManagerFactoryBean.afterPropertiesSet()V+192
j  org.springframework.orm.jpa.LocalContainerEntityManagerFactoryBean.afterPropertiesSet()V+84
j  org.springframework.beans.factory.support.AbstractAutowireCapableBeanFactory.invokeInitMethods(Ljava/lang/String;Ljava/lang/Object;Lorg/springframework/beans/factory/support/RootBeanDefinition;)V+56
j  org.springframework.beans.factory.support.AbstractAutowireCapableBeanFactory.initializeBean(Ljava/lang/String;Ljava/lang/Object;Lorg/springframework/beans/factory/support/RootBeanDefinition;)Ljava/lang/Object;+34
j  org.springframework.beans.factory.support.AbstractAutowireCapableBeanFactory.doCreateBean(Ljava/lang/String;Lorg/springframework/beans/factory/support/RootBeanDefinition;[Ljava/lang/Object;)Ljava/lang/Object;+228
j  org.springframework.beans.factory.support.AbstractAutowireCapableBeanFactory.createBean(Ljava/lang/String;Lorg/springframework/beans/factory/support/RootBeanDefinition;[Ljava/lang/Object;)Ljava/lang/Object;+153
j  org.springframework.beans.factory.support.AbstractBeanFactory.lambda$doGetBean$0(Ljava/lang/String;Lorg/springframework/beans/factory/support/RootBeanDefinition;[Ljava/lang/Object;)Ljava/lang/Object;+4
j  org.springframework.beans.factory.support.AbstractBeanFactory$$Lambda$329+0x00000008002ba220.getObject()Ljava/lang/Object;+16
j  org.springframework.beans.factory.support.DefaultSingletonBeanRegistry.getSingleton(Ljava/lang/String;Lorg/springframework/beans/factory/ObjectFactory;)Ljava/lang/Object;+114
J 2630 c1 org.springframework.beans.factory.support.AbstractBeanFactory.doGetBean(Ljava/lang/String;Ljava/lang/Class;[Ljava/lang/Object;Z)Ljava/lang/Object; (714 bytes) @ 0x000002871c15b24c [0x000002871c15ac40+0x000000000000060c]
j  org.springframework.beans.factory.support.AbstractBeanFactory.getBean(Ljava/lang/String;)Ljava/lang/Object;+5
j  org.springframework.context.support.AbstractApplicationContext.getBean(Ljava/lang/String;)Ljava/lang/Object;+9
j  org.springframework.context.support.AbstractApplicationContext.finishBeanFactoryInitialization(Lorg/springframework/beans/factory/config/ConfigurableListableBeanFactory;)V+106
j  org.springframework.context.support.AbstractApplicationContext.refresh()V+86
j  org.springframework.boot.web.servlet.context.ServletWebServerApplicationContext.refresh()V+1
j  org.springframework.boot.SpringApplication.refresh(Lorg/springframework/context/ConfigurableApplicationContext;)V+1
j  org.springframework.boot.SpringApplication.refreshContext(Lorg/springframework/context/ConfigurableApplicationContext;)V+16
j  org.springframework.boot.SpringApplication.run([Ljava/lang/String;)Lorg/springframework/context/ConfigurableApplicationContext;+114
j  org.springframework.boot.SpringApplication.run([Ljava/lang/Class;[Ljava/lang/String;)Lorg/springframework/context/ConfigurableApplicationContext;+9
j  org.springframework.boot.SpringApplication.run(Ljava/lang/Class;[Ljava/lang/String;)Lorg/springframework/context/ConfigurableApplicationContext;+9
j  com.example.demo.InfractionApplication.main([Ljava/lang/String;)V+3
v  ~StubRoutines::call_stub

siginfo: EXCEPTION_ACCESS_VIOLATION (0xc0000005), reading address 0x0000008000000008


Register to memory mapping:

RIP=0x00007ffe5a2e0ec0 jvm.dll
RAX=0x0000008000000000 is an unknown value
RBX=0x0000008000000000 is an unknown value
RCX=0x000002872a732ed0 points into unknown readable memory: 0x0000000000000000 | 00 00 00 00 00 00 00 00
RDX=0x0000000000001d45 is an unknown value
RSP=0x000000dad46fcb10 is pointing into the stack for thread: 0x00000287183fcfb0
RBP=0x0 is NULL
RSI=0x0 is NULL
RDI=0x00000287183fcf00 points into unknown readable memory: 0x0000000100000000 | 00 00 00 00 01 00 00 00
R8 =0x000000007ef71d45 is an unknown value
R9 =0x000000dad46fcbd8 is pointing into the stack for thread: 0x00000287183fcfb0
R10=0x0 is NULL
R11=0x00000287183fd4ac points into unknown readable memory: 63 00 69 00
R12=0x000000dad46fcbd8 is pointing into the stack for thread: 0x00000287183fcfb0
R13=0x0 is NULL
R14=0x000000dad46fcb90 is pointing into the stack for thread: 0x00000287183fcfb0
R15=0x000002872a732ed0 points into unknown readable memory: 0x0000000000000000 | 00 00 00 00 00 00 00 00


Registers:
RAX=0x0000008000000000, RBX=0x0000008000000000, RCX=0x000002872a732ed0, RDX=0x0000000000001d45
RSP=0x000000dad46fcb10, RBP=0x0000000000000000, RSI=0x0000000000000000, RDI=0x00000287183fcf00
R8 =0x000000007ef71d45, R9 =0x000000dad46fcbd8, R10=0x0000000000000000, R11=0x00000287183fd4ac
R12=0x000000dad46fcbd8, R13=0x0000000000000000, R14=0x000000dad46fcb90, R15=0x000002872a732ed0
RIP=0x00007ffe5a2e0ec0, EFLAGS=0x0000000000010206

Top of Stack: (sp=0x000000dad46fcb10)
0x000000dad46fcb10:   0000f03d16b51e77 00007ffe5a0dc041
0x000000dad46fcb20:   000000dad46fcc30 00000287183fcf00
0x000000dad46fcb30:   00000287183fcfb0 00000000000003d8
0x000000dad46fcb40:   00000287183fd490 00000287183fd868
0x000000dad46fcb50:   000000000000000e 00007ffe5a2e22c7
0x000000dad46fcb60:   000002872a732ed0 000000dad46fcca9
0x000000dad46fcb70:   00000287183fcfb0 00007ffe59e4aefc
0x000000dad46fcb80:   00000287183fcfb0 0000000000000000
0x000000dad46fcb90:   00000287183fcfb0 000000007ef71d45
0x000000dad46fcba0:   000000080000000e 00000287183fd490
0x000000dad46fcbb0:   0000000000000000 00000287183fcfb0
0x000000dad46fcbc0:   000000000000000e 00007ffe5a2e2f7f
0x000000dad46fcbd0:   0000000000000000 00007ffe5a3227a1
0x000000dad46fcbe0:   000000007ef71d45 00000287183fd490
0x000000dad46fcbf0:   00000287183fcfb0 00007ffe59e4aefc
0x000000dad46fcc00:   00000000000000f7 00007ffe5a2e315e 

Instructions: (pc=0x00007ffe5a2e0ec0)
0x00007ffe5a2e0dc0:   ff ff ff ff f0 48 0f c1 05 db 58 42 00 49 8d 4d
0x00007ffe5a2e0dd0:   50 e8 5a 7c 05 00 48 ff c7 48 3b fe 72 c2 49 8b
0x00007ffe5a2e0de0:   bf f8 00 00 00 48 8b c7 40 f6 c7 01 75 0b 48 8b
0x00007ffe5a2e0df0:   05 8b a5 40 00 48 83 c8 01 49 89 87 f8 00 00 00
0x00007ffe5a2e0e00:   e8 db 78 f0 ff 48 8b 74 24 20 49 ff c4 4c 3b 64
0x00007ffe5a2e0e10:   24 28 0f 82 78 fe ff ff 4c 8b b4 24 88 08 00 00
0x00007ffe5a2e0e20:   49 89 bf f8 00 00 00 48 8b 8c 24 30 08 00 00 48
0x00007ffe5a2e0e30:   33 cc e8 e9 e1 12 00 48 81 c4 40 08 00 00 41 5f
0x00007ffe5a2e0e40:   41 5d 41 5c 5f 5e 5d 5b c3 cc cc cc cc cc cc cc
0x00007ffe5a2e0e50:   40 56 41 54 41 57 48 83 ec 30 48 8b 41 08 4d 8b
0x00007ffe5a2e0e60:   e1 48 89 5c 24 50 4c 8b f9 48 89 7c 24 60 40 32
0x00007ffe5a2e0e70:   ff 4c 89 6c 24 28 48 8b 50 18 48 8b 00 4c 89 74
0x00007ffe5a2e0e80:   24 20 4d 8b f0 4d 8b 40 08 49 23 d0 48 8d 1c d0
0x00007ffe5a2e0e90:   48 8b 04 d0 d0 e8 a8 01 74 12 48 8b 41 10 48 8b
0x00007ffe5a2e0ea0:   48 18 48 8b 00 49 23 c8 48 8d 1c c8 48 8b 1b 45
0x00007ffe5a2e0eb0:   33 ed 41 8b f5 48 83 e3 fc 0f 84 ae 00 00 00 90
0x00007ffe5a2e0ec0:   48 8b 4b 08 48 ff c6 ff 15 8b e0 39 00 48 85 c0
0x00007ffe5a2e0ed0:   75 0a 40 84 ff 75 19 40 b7 01 eb 14 45 8b 46 10
0x00007ffe5a2e0ee0:   48 8b c8 49 8b 56 18 e8 d4 e5 c2 ff 84 c0 75 0a
0x00007ffe5a2e0ef0:   48 8b 1b 48 85 db 75 c8 eb 73 48 8b 4b 08 48 89
0x00007ffe5a2e0f00:   6c 24 58 ff 15 97 df 39 00 48 8b e8 48 85 c0 75
0x00007ffe5a2e0f10:   05 49 8b c5 eb 4e 49 8b 06 48 8b b8 38 02 00 00
0x00007ffe5a2e0f20:   48 8b 47 18 48 83 f8 f7 76 18 4c 8d 05 47 54 1b
0x00007ffe5a2e0f30:   00 ba 08 00 00 00 48 8b cf e8 42 b9 94 ff 48 8b
0x00007ffe5a2e0f40:   47 18 48 8d 48 08 48 3b 4f 20 76 11 45 33 c0 48
0x00007ffe5a2e0f50:   8b cf 41 8d 50 08 e8 e5 b6 94 ff eb 04 48 89 4f
0x00007ffe5a2e0f60:   18 48 89 28 48 8b 6c 24 58 49 89 46 20 4c 8b 74
0x00007ffe5a2e0f70:   24 20 48 8d 43 08 48 8b 7c 24 60 48 85 db 48 8b
0x00007ffe5a2e0f80:   5c 24 50 49 0f 44 c5 4c 8b 6c 24 28 4d 85 e4 74
0x00007ffe5a2e0f90:   0b 49 3b 77 28 0f 97 c1 41 88 0c 24 48 83 c4 30
0x00007ffe5a2e0fa0:   41 5f 41 5c 5e c3 cc cc cc cc cc cc cc cc cc cc
0x00007ffe5a2e0fb0:   40 56 41 54 41 57 48 83 ec 30 48 8b 41 08 4d 8b 


Stack slot to memory mapping:
stack at sp + 0 slots: 0x0000f03d16b51e77 is an unknown value
stack at sp + 1 slots: 0x00007ffe5a0dc041 jvm.dll
stack at sp + 2 slots: 0x000000dad46fcc30 is pointing into the stack for thread: 0x00000287183fcfb0
stack at sp + 3 slots: 0x00000287183fcf00 points into unknown readable memory: 0x0000000100000000 | 00 00 00 00 01 00 00 00
stack at sp + 4 slots: 0x00000287183fcfb0 is a thread
stack at sp + 5 slots: 0x00000000000003d8 is an unknown value
stack at sp + 6 slots: 0x00000287183fd490 points into unknown readable memory: 0x0031006600740075 | 75 00 74 00 66 00 31 00
stack at sp + 7 slots: 0x00000287183fd868 points into unknown readable memory: 0x08067580493f20fb | fb 20 3f 49 80 75 06 08


---------------  P R O C E S S  ---------------

Threads class SMR info:
_java_thread_list=0x0000028731275030, length=25, elements={
0x00000287183fcfb0, 0x000002872adc0660, 0x000002872adc11e0, 0x000002872a79e6e0,
0x000002872add77b0, 0x000002872addb8b0, 0x000002872addead0, 0x000002872ade5b20,
0x000002872adef050, 0x000002872ae59dd0, 0x000002872affecb0, 0x000002872afff9d0,
0x000002872b000050, 0x000002872b0454e0, 0x0000028730038840, 0x000002872b9d58a0,
0x0000028730079040, 0x00000287304b81e0, 0x0000028730489bc0, 0x00000287304d4df0,
0x00000287304e6020, 0x000002873069c1f0, 0x000002873069c6c0, 0x000002873069cb90,
0x000002873069a510
}

Java Threads: ( => current thread )
=>0x00000287183fcfb0 JavaThread "main" [_thread_in_vm, id=16012, stack(0x000000dad4600000,0x000000dad4700000)]
  0x000002872adc0660 JavaThread "Reference Handler" daemon [_thread_blocked, id=7088, stack(0x000000dad4d00000,0x000000dad4e00000)]
  0x000002872adc11e0 JavaThread "Finalizer" daemon [_thread_blocked, id=22544, stack(0x000000dad4e00000,0x000000dad4f00000)]
  0x000002872a79e6e0 JavaThread "Signal Dispatcher" daemon [_thread_blocked, id=23640, stack(0x000000dad4f00000,0x000000dad5000000)]
  0x000002872add77b0 JavaThread "Attach Listener" daemon [_thread_blocked, id=23268, stack(0x000000dad5000000,0x000000dad5100000)]
  0x000002872addb8b0 JavaThread "Service Thread" daemon [_thread_blocked, id=18996, stack(0x000000dad5100000,0x000000dad5200000)]
  0x000002872addead0 JavaThread "Monitor Deflation Thread" daemon [_thread_blocked, id=19756, stack(0x000000dad5200000,0x000000dad5300000)]
  0x000002872ade5b20 JavaThread "C1 CompilerThread0" daemon [_thread_blocked, id=7016, stack(0x000000dad5300000,0x000000dad5400000)]
  0x000002872adef050 JavaThread "Sweeper thread" daemon [_thread_blocked, id=10132, stack(0x000000dad5400000,0x000000dad5500000)]
  0x000002872ae59dd0 JavaThread "Common-Cleaner" daemon [_thread_blocked, id=16300, stack(0x000000dad5500000,0x000000dad5600000)]
  0x000002872affecb0 JavaThread "C1 CompilerThread1" daemon [_thread_blocked, id=21868, stack(0x000000dad5600000,0x000000dad5700000)]
  0x000002872afff9d0 JavaThread "C1 CompilerThread2" daemon [_thread_blocked, id=15080, stack(0x000000dad5700000,0x000000dad5800000)]
  0x000002872b000050 JavaThread "C1 CompilerThread3" daemon [_thread_blocked, id=1728, stack(0x000000dad5800000,0x000000dad5900000)]
  0x000002872b0454e0 JavaThread "Notification Thread" daemon [_thread_blocked, id=19048, stack(0x000000dad5900000,0x000000dad5a00000)]
  0x0000028730038840 JavaThread "RMI TCP Accept-0" daemon [_thread_in_native, id=22316, stack(0x000000dad5a00000,0x000000dad5b00000)]
  0x000002872b9d58a0 JavaThread "RMI TCP Accept-58032" daemon [_thread_in_native, id=24340, stack(0x000000dad5b00000,0x000000dad5c00000)]
  0x0000028730079040 JavaThread "RMI TCP Accept-0" daemon [_thread_in_native, id=23452, stack(0x000000dad5c00000,0x000000dad5d00000)]
  0x00000287304b81e0 JavaThread "RMI TCP Connection(1)-127.0.0.1" daemon [_thread_in_native, id=21912, stack(0x000000dad6500000,0x000000dad6600000)]
  0x0000028730489bc0 JavaThread "RMI Scheduler(0)" daemon [_thread_blocked, id=9704, stack(0x000000dad6600000,0x000000dad6700000)]
  0x00000287304d4df0 JavaThread "RMI TCP Connection(2)-127.0.0.1" daemon [_thread_in_native, id=17220, stack(0x000000dad6700000,0x000000dad6800000)]
  0x00000287304e6020 JavaThread "JMX server connection timeout 22" daemon [_thread_blocked, id=10144, stack(0x000000dad6a00000,0x000000dad6b00000)]
  0x000002873069c1f0 JavaThread "Catalina-utility-1" [_thread_blocked, id=7892, stack(0x000000dad6b00000,0x000000dad6c00000)]
  0x000002873069c6c0 JavaThread "Catalina-utility-2" [_thread_blocked, id=11340, stack(0x000000dad6d00000,0x000000dad6e00000)]
  0x000002873069cb90 JavaThread "container-0" [_thread_blocked, id=24268, stack(0x000000dad6e00000,0x000000dad6f00000)]
  0x000002873069a510 JavaThread "mysql-cj-abandoned-connection-cleanup" daemon [_thread_blocked, id=16168, stack(0x000000dad6f00000,0x000000dad7000000)]

Other Threads:
  0x000002872a78f160 VMThread "VM Thread" [stack: 0x000000dad4c00000,0x000000dad4d00000] [id=2824]
  0x0000028718488fc0 WatcherThread [stack: 0x000000dad5d00000,0x000000dad5e00000] [id=17588]
  0x000002871846a950 GCTaskThread "GC Thread#0" [stack: 0x000000dad4700000,0x000000dad4800000] [id=9036]
  0x00000287300f1f30 GCTaskThread "GC Thread#1" [stack: 0x000000dad5e00000,0x000000dad5f00000] [id=17040]
  0x00000287300f21e0 GCTaskThread "GC Thread#2" [stack: 0x000000dad5f00000,0x000000dad6000000] [id=23400]
  0x0000028730345030 GCTaskThread "GC Thread#3" [stack: 0x000000dad6000000,0x000000dad6100000] [id=24144]
  0x00000287303452e0 GCTaskThread "GC Thread#4" [stack: 0x000000dad6100000,0x000000dad6200000] [id=23572]
  0x0000028730345590 GCTaskThread "GC Thread#5" [stack: 0x000000dad6200000,0x000000dad6300000] [id=13228]
  0x00000287304f2f70 GCTaskThread "GC Thread#6" [stack: 0x000000dad6800000,0x000000dad6900000] [id=5464]
  0x00000287304f3220 GCTaskThread "GC Thread#7" [stack: 0x000000dad6900000,0x000000dad6a00000] [id=18144]
  0x000002871847b690 ConcurrentGCThread "G1 Main Marker" [stack: 0x000000dad4800000,0x000000dad4900000] [id=5964]
  0x000002871847c910 ConcurrentGCThread "G1 Conc#0" [stack: 0x000000dad4900000,0x000000dad4a00000] [id=23104]
  0x000002873064ee50 ConcurrentGCThread "G1 Conc#1" [stack: 0x000000dad6c00000,0x000000dad6d00000] [id=12164]
  0x000002872a6810e0 ConcurrentGCThread "G1 Refine#0" [stack: 0x000000dad4a00000,0x000000dad4b00000] [id=19648]
  0x0000028730323820 ConcurrentGCThread "G1 Refine#1" [stack: 0x000000dad6300000,0x000000dad6400000] [id=14052]
  0x000002873036ff20 ConcurrentGCThread "G1 Refine#2" [stack: 0x000000dad6400000,0x000000dad6500000] [id=23336]
  0x000002872a681910 ConcurrentGCThread "G1 Service" [stack: 0x000000dad4b00000,0x000000dad4c00000] [id=21116]

Threads with active compile tasks:

VM state: not at safepoint (normal execution)

VM Mutex/Monitor currently owned by a thread: None

Heap address: 0x0000000702000000, size: 4064 MB, Compressed Oops mode: Zero based, Oop shift amount: 3

CDS archive(s) not mapped
Compressed class space mapped at: 0x0000000800000000-0x0000000840000000, reserved size: 1073741824
Narrow klass base: 0x0000000800000000, Narrow klass shift: 0, Narrow klass range: 0x40000000

GC Precious Log:
 CPUs: 8 total, 8 available
 Memory: 16254M
 Large Page Support: Disabled
 NUMA Support: Disabled
 Compressed Oops: Enabled (Zero based)
 Heap Region Size: 2M
 Heap Min Capacity: 8M
 Heap Initial Capacity: 254M
 Heap Max Capacity: 4064M
 Pre-touch: Disabled
 Parallel Workers: 8
 Concurrent Workers: 2
 Concurrent Refinement Workers: 8
 Periodic GC: Disabled

Heap:
 garbage-first heap   total 81920K, used 48303K [0x0000000702000000, 0x0000000800000000)
  region size 2048K, 14 young (28672K), 2 survivors (4096K)
 Metaspace       used 53590K, committed 54080K, reserved 1114112K
  class space    used 7021K, committed 7232K, reserved 1048576K

Heap Regions: E=young(eden), S=young(survivor), O=old, HS=humongous(starts), HC=humongous(continues), CS=collection set, F=free, OA=open archive, CA=closed archive, TAMS=top-at-mark-start (previous, next)
|   0|0x0000000702000000, 0x0000000702200000, 0x0000000702200000|100%| O|  |TAMS 0x0000000702200000, 0x0000000702000000| Untracked 
|   1|0x0000000702200000, 0x0000000702400000, 0x0000000702400000|100%| O|  |TAMS 0x0000000702400000, 0x0000000702200000| Untracked 
|   2|0x0000000702400000, 0x0000000702600000, 0x0000000702600000|100%| O|  |TAMS 0x0000000702600000, 0x0000000702400000| Untracked 
|   3|0x0000000702600000, 0x0000000702800000, 0x0000000702800000|100%| O|  |TAMS 0x0000000702800000, 0x0000000702600000| Untracked 
|   4|0x0000000702800000, 0x00000007029f4600, 0x0000000702a00000| 97%| O|  |TAMS 0x00000007029f4600, 0x0000000702800000| Untracked 
|   5|0x0000000702a00000, 0x0000000702c00000, 0x0000000702c00000|100%| O|  |TAMS 0x0000000702c00000, 0x0000000702a00000| Untracked 
|   6|0x0000000702c00000, 0x0000000702e00000, 0x0000000702e00000|100%| O|  |TAMS 0x0000000702e00000, 0x0000000702c00000| Untracked 
|   7|0x0000000702e00000, 0x0000000703000000, 0x0000000703000000|100%| O|  |TAMS 0x0000000703000000, 0x0000000702e00000| Untracked 
|   8|0x0000000703000000, 0x000000070301c600, 0x0000000703200000|  5%| O|  |TAMS 0x000000070301c600, 0x0000000703000000| Untracked 
|   9|0x0000000703200000, 0x0000000703400000, 0x0000000703400000|100%| O|  |TAMS 0x0000000703200000, 0x0000000703200000| Untracked 
|  10|0x0000000703400000, 0x0000000703600000, 0x0000000703600000|100%| O|  |TAMS 0x0000000703400000, 0x0000000703400000| Untracked 
|  11|0x0000000703600000, 0x0000000703800000, 0x0000000703800000|100%| O|  |TAMS 0x0000000703600000, 0x0000000703600000| Untracked 
|  12|0x0000000703800000, 0x0000000703885200, 0x0000000703a00000| 26%| O|  |TAMS 0x0000000703800000, 0x0000000703800000| Untracked 
|  13|0x0000000703a00000, 0x0000000703a00000, 0x0000000703c00000|  0%| F|  |TAMS 0x0000000703a00000, 0x0000000703a00000| Untracked 
|  14|0x0000000703c00000, 0x0000000703c00000, 0x0000000703e00000|  0%| F|  |TAMS 0x0000000703c00000, 0x0000000703c00000| Untracked 
|  15|0x0000000703e00000, 0x0000000703e00000, 0x0000000704000000|  0%| F|  |TAMS 0x0000000703e00000, 0x0000000703e00000| Untracked 
|  16|0x0000000704000000, 0x0000000704000000, 0x0000000704200000|  0%| F|  |TAMS 0x0000000704000000, 0x0000000704000000| Untracked 
|  17|0x0000000704200000, 0x0000000704200000, 0x0000000704400000|  0%| F|  |TAMS 0x0000000704200000, 0x0000000704200000| Untracked 
|  18|0x0000000704400000, 0x0000000704400000, 0x0000000704600000|  0%| F|  |TAMS 0x0000000704400000, 0x0000000704400000| Untracked 
|  19|0x0000000704600000, 0x0000000704600000, 0x0000000704800000|  0%| F|  |TAMS 0x0000000704600000, 0x0000000704600000| Untracked 
|  20|0x0000000704800000, 0x0000000704800000, 0x0000000704a00000|  0%| F|  |TAMS 0x0000000704800000, 0x0000000704800000| Untracked 
|  21|0x0000000704a00000, 0x0000000704a96028, 0x0000000704c00000| 29%| S|CS|TAMS 0x0000000704a00000, 0x0000000704a00000| Complete 
|  22|0x0000000704c00000, 0x0000000704e00000, 0x0000000704e00000|100%| S|CS|TAMS 0x0000000704c00000, 0x0000000704c00000| Complete 
|  23|0x0000000704e00000, 0x0000000704e00000, 0x0000000705000000|  0%| F|  |TAMS 0x0000000704e00000, 0x0000000704e00000| Untracked 
|  24|0x0000000705000000, 0x0000000705000000, 0x0000000705200000|  0%| F|  |TAMS 0x0000000705000000, 0x0000000705000000| Untracked 
|  25|0x0000000705200000, 0x0000000705200000, 0x0000000705400000|  0%| F|  |TAMS 0x0000000705200000, 0x0000000705200000| Untracked 
|  26|0x0000000705400000, 0x0000000705400000, 0x0000000705600000|  0%| F|  |TAMS 0x0000000705400000, 0x0000000705400000| Untracked 
|  27|0x0000000705600000, 0x0000000705600000, 0x0000000705800000|  0%| F|  |TAMS 0x0000000705600000, 0x0000000705600000| Untracked 
|  28|0x0000000705800000, 0x000000070592cda8, 0x0000000705a00000| 58%| E|  |TAMS 0x0000000705800000, 0x0000000705800000| Complete 
|  29|0x0000000705a00000, 0x0000000705c00000, 0x0000000705c00000|100%| E|CS|TAMS 0x0000000705a00000, 0x0000000705a00000| Complete 
|  30|0x0000000705c00000, 0x0000000705e00000, 0x0000000705e00000|100%| E|CS|TAMS 0x0000000705c00000, 0x0000000705c00000| Complete 
|  31|0x0000000705e00000, 0x0000000706000000, 0x0000000706000000|100%| E|CS|TAMS 0x0000000705e00000, 0x0000000705e00000| Complete 
|  32|0x0000000706000000, 0x0000000706200000, 0x0000000706200000|100%| E|CS|TAMS 0x0000000706000000, 0x0000000706000000| Complete 
|  33|0x0000000706200000, 0x0000000706400000, 0x0000000706400000|100%| E|CS|TAMS 0x0000000706200000, 0x0000000706200000| Complete 
|  34|0x0000000706400000, 0x0000000706600000, 0x0000000706600000|100%| E|CS|TAMS 0x0000000706400000, 0x0000000706400000| Complete 
|  35|0x0000000706600000, 0x0000000706800000, 0x0000000706800000|100%| E|CS|TAMS 0x0000000706600000, 0x0000000706600000| Complete 
|  36|0x0000000706800000, 0x0000000706a00000, 0x0000000706a00000|100%| E|CS|TAMS 0x0000000706800000, 0x0000000706800000| Complete 
|  71|0x000000070ae00000, 0x000000070b000000, 0x000000070b000000|100%| E|CS|TAMS 0x000000070ae00000, 0x000000070ae00000| Complete 
|  72|0x000000070b000000, 0x000000070b200000, 0x000000070b200000|100%| E|CS|TAMS 0x000000070b000000, 0x000000070b000000| Complete 
| 126|0x0000000711c00000, 0x0000000711e00000, 0x0000000711e00000|100%| E|CS|TAMS 0x0000000711c00000, 0x0000000711c00000| Complete 

Card table byte_map: [0x000002871f390000,0x000002871fb80000] _byte_map_base: 0x000002871bb80000

Marking Bits (Prev, Next): (CMBitMap*) 0x000002871846af60, (CMBitMap*) 0x000002871846afa0
 Prev Bits: [0x0000028720370000, 0x00000287242f0000)
 Next Bits: [0x00000287242f0000, 0x0000028728270000)

Polling page: 0x0000028716320000

Metaspace:

Usage:
  Non-class:     45.48 MB used.
      Class:      6.86 MB used.
       Both:     52.33 MB used.

Virtual space:
  Non-class space:       64.00 MB reserved,      45.75 MB ( 71%) committed,  1 nodes.
      Class space:        1.00 GB reserved,       7.06 MB ( <1%) committed,  1 nodes.
             Both:        1.06 GB reserved,      52.81 MB (  5%) committed. 

Chunk freelists:
   Non-Class:  2.30 MB
       Class:  8.81 MB
        Both:  11.11 MB

MaxMetaspaceSize: unlimited
CompressedClassSpaceSize: 1.00 GB
Initial GC threshold: 21.00 MB
Current GC threshold: 59.00 MB
CDS: off
MetaspaceReclaimPolicy: balanced
 - commit_granule_bytes: 65536.
 - commit_granule_words: 8192.
 - virtual_space_node_default_size: 8388608.
 - enlarge_chunks_in_place: 1.
 - new_chunks_are_fully_committed: 0.
 - uncommit_free_chunks: 1.
 - use_allocation_guard: 0.
 - handle_deallocations: 1.


Internal statistics:

num_allocs_failed_limit: 6.
num_arena_births: 634.
num_arena_deaths: 0.
num_vsnodes_births: 2.
num_vsnodes_deaths: 0.
num_space_committed: 845.
num_space_uncommitted: 0.
num_chunks_returned_to_freelist: 6.
num_chunks_taken_from_freelist: 2172.
num_chunk_merges: 6.
num_chunk_splits: 1545.
num_chunks_enlarged: 1145.
num_inconsistent_stats: 0.

CodeCache: size=49152Kb used=9904Kb max_used=9904Kb free=39247Kb
 bounds [0x000002871ba90000, 0x000002871c440000, 0x000002871ea90000]
 total_blobs=4914 nmethods=4343 adapters=493
 compilation: enabled
              stopped_count=0, restarted_count=0
 full_count=0

Compilation events (20 events):
Event: 3.732 Thread 0x000002872afff9d0 4335       1       com.mysql.cj.conf.AbstractPropertyDefinition::getCcAlias (5 bytes)
Event: 3.732 Thread 0x000002872ade5b20 nmethod 4334 0x000002871c437790 code [0x000002871c437920, 0x000002871c4379f8]
Event: 3.732 Thread 0x000002872b000050 nmethod 4333 0x000002871c437a90 code [0x000002871c437c40, 0x000002871c437e28]
Event: 3.732 Thread 0x000002872afff9d0 nmethod 4335 0x000002871c437f10 code [0x000002871c4380a0, 0x000002871c438178]
Event: 3.742 Thread 0x000002872afff9d0 4336   !   1       com.mysql.cj.conf.DefaultPropertySet::getProperty (52 bytes)
Event: 3.742 Thread 0x000002872afff9d0 nmethod 4336 0x000002871c438510 code [0x000002871c4386e0, 0x000002871c438988]
Event: 3.788 Thread 0x000002872affecb0 4337       1       jdk.internal.misc.Unsafe::toUnsignedLong (7 bytes)
Event: 3.788 Thread 0x000002872affecb0 nmethod 4337 0x000002871c439d90 code [0x000002871c439f20, 0x000002871c439fd8]
Event: 3.788 Thread 0x000002872b000050 4338       1       java.util.zip.Inflater::inflate (9 bytes)
Event: 3.788 Thread 0x000002872b000050 nmethod 4338 0x000002871c43a090 code [0x000002871c43a220, 0x000002871c43a308]
Event: 3.791 Thread 0x000002872b000050 4339       1       sun.nio.cs.ext.AbstractCharsetProvider::put (20 bytes)
Event: 3.791 Thread 0x000002872b000050 nmethod 4339 0x000002871c43a410 code [0x000002871c43a5c0, 0x000002871c43a6d8]
Event: 3.795 Thread 0x000002872ade5b20 4340       1       java.io.ByteArrayOutputStream::<init> (43 bytes)
Event: 3.795 Thread 0x000002872ade5b20 nmethod 4340 0x000002871c43a790 code [0x000002871c43a980, 0x000002871c43ae58]
Event: 3.801 Thread 0x000002872b000050 4341       1       java.nio.charset.Charset::checkName (157 bytes)
Event: 3.801 Thread 0x000002872b000050 nmethod 4341 0x000002871c43b010 code [0x000002871c43b1e0, 0x000002871c43b5b8]
Event: 3.803 Thread 0x000002872affecb0 4342       1       com.mysql.cj.MysqlCharset::addEncodingMapping (33 bytes)
Event: 3.804 Thread 0x000002872affecb0 nmethod 4342 0x000002871c43b890 code [0x000002871c43ba60, 0x000002871c43bc38]
Event: 3.804 Thread 0x000002872b000050 4343       1       com.mysql.cj.MysqlCharset$$Lambda$947/0x000000080072b6d0::accept (12 bytes)
Event: 3.805 Thread 0x000002872b000050 nmethod 4343 0x000002871c43bd90 code [0x000002871c43bf60, 0x000002871c43c178]

GC Heap History (20 events):
Event: 0.718 GC heap before
{Heap before GC invocations=0 (full 0):
 garbage-first heap   total 260096K, used 20480K [0x0000000702000000, 0x0000000800000000)
  region size 2048K, 11 young (22528K), 0 survivors (0K)
 Metaspace       used 13177K, committed 13376K, reserved 1114112K
  class space    used 1346K, committed 1408K, reserved 1048576K
}
Event: 0.723 GC heap after
{Heap after GC invocations=1 (full 0):
 garbage-first heap   total 260096K, used 10968K [0x0000000702000000, 0x0000000800000000)
  region size 2048K, 2 young (4096K), 2 survivors (4096K)
 Metaspace       used 13177K, committed 13376K, reserved 1114112K
  class space    used 1346K, committed 1408K, reserved 1048576K
}
Event: 1.024 GC heap before
{Heap before GC invocations=1 (full 0):
 garbage-first heap   total 260096K, used 29400K [0x0000000702000000, 0x0000000800000000)
  region size 2048K, 11 young (22528K), 2 survivors (4096K)
 Metaspace       used 17928K, committed 18240K, reserved 1114112K
  class space    used 2009K, committed 2176K, reserved 1048576K
}
Event: 1.028 GC heap after
{Heap after GC invocations=2 (full 0):
 garbage-first heap   total 260096K, used 11733K [0x0000000702000000, 0x0000000800000000)
  region size 2048K, 1 young (2048K), 1 survivors (2048K)
 Metaspace       used 17928K, committed 18240K, reserved 1114112K
  class space    used 2009K, committed 2176K, reserved 1048576K
}
Event: 1.221 GC heap before
{Heap before GC invocations=2 (full 0):
 garbage-first heap   total 260096K, used 28117K [0x0000000702000000, 0x0000000800000000)
  region size 2048K, 10 young (20480K), 1 survivors (2048K)
 Metaspace       used 21253K, committed 21568K, reserved 1114112K
  class space    used 2514K, committed 2624K, reserved 1048576K
}
Event: 1.224 GC heap after
{Heap after GC invocations=3 (full 0):
 garbage-first heap   total 260096K, used 12721K [0x0000000702000000, 0x0000000800000000)
  region size 2048K, 2 young (4096K), 2 survivors (4096K)
 Metaspace       used 21253K, committed 21568K, reserved 1114112K
  class space    used 2514K, committed 2624K, reserved 1048576K
}
Event: 1.426 GC heap before
{Heap before GC invocations=4 (full 0):
 garbage-first heap   total 55296K, used 35249K [0x0000000702000000, 0x0000000800000000)
  region size 2048K, 15 young (30720K), 2 survivors (4096K)
 Metaspace       used 25178K, committed 25472K, reserved 1114112K
  class space    used 3097K, committed 3200K, reserved 1048576K
}
Event: 1.430 GC heap after
{Heap after GC invocations=5 (full 0):
 garbage-first heap   total 55296K, used 14102K [0x0000000702000000, 0x0000000800000000)
  region size 2048K, 2 young (4096K), 2 survivors (4096K)
 Metaspace       used 25178K, committed 25472K, reserved 1114112K
  class space    used 3097K, committed 3200K, reserved 1048576K
}
Event: 1.562 GC heap before
{Heap before GC invocations=5 (full 0):
 garbage-first heap   total 55296K, used 30486K [0x0000000702000000, 0x0000000800000000)
  region size 2048K, 11 young (22528K), 2 survivors (4096K)
 Metaspace       used 28704K, committed 29056K, reserved 1114112K
  class space    used 3463K, committed 3648K, reserved 1048576K
}
Event: 1.567 GC heap after
{Heap after GC invocations=6 (full 0):
 garbage-first heap   total 55296K, used 16611K [0x0000000702000000, 0x0000000800000000)
  region size 2048K, 2 young (4096K), 2 survivors (4096K)
 Metaspace       used 28704K, committed 29056K, reserved 1114112K
  class space    used 3463K, committed 3648K, reserved 1048576K
}
Event: 1.748 GC heap before
{Heap before GC invocations=6 (full 0):
 garbage-first heap   total 55296K, used 35043K [0x0000000702000000, 0x0000000800000000)
  region size 2048K, 11 young (22528K), 2 survivors (4096K)
 Metaspace       used 30552K, committed 30848K, reserved 1114112K
  class space    used 3744K, committed 3904K, reserved 1048576K
}
Event: 1.753 GC heap after
{Heap after GC invocations=7 (full 0):
 garbage-first heap   total 55296K, used 18085K [0x0000000702000000, 0x0000000800000000)
  region size 2048K, 1 young (2048K), 1 survivors (2048K)
 Metaspace       used 30552K, committed 30848K, reserved 1114112K
  class space    used 3744K, committed 3904K, reserved 1048576K
}
Event: 2.062 GC heap before
{Heap before GC invocations=7 (full 0):
 garbage-first heap   total 55296K, used 36517K [0x0000000702000000, 0x0000000800000000)
  region size 2048K, 10 young (20480K), 1 survivors (2048K)
 Metaspace       used 34993K, committed 35264K, reserved 1114112K
  class space    used 4280K, committed 4416K, reserved 1048576K
}
Event: 2.068 GC heap after
{Heap after GC invocations=8 (full 0):
 garbage-first heap   total 157696K, used 19404K [0x0000000702000000, 0x0000000800000000)
  region size 2048K, 2 young (4096K), 2 survivors (4096K)
 Metaspace       used 34993K, committed 35264K, reserved 1114112K
  class space    used 4280K, committed 4416K, reserved 1048576K
}
Event: 2.163 GC heap before
{Heap before GC invocations=8 (full 0):
 garbage-first heap   total 157696K, used 25548K [0x0000000702000000, 0x0000000800000000)
  region size 2048K, 6 young (12288K), 2 survivors (4096K)
 Metaspace       used 35829K, committed 36096K, reserved 1114112K
  class space    used 4383K, committed 4480K, reserved 1048576K
}
Event: 2.167 GC heap after
{Heap after GC invocations=9 (full 0):
 garbage-first heap   total 157696K, used 19828K [0x0000000702000000, 0x0000000800000000)
  region size 2048K, 2 young (4096K), 2 survivors (4096K)
 Metaspace       used 35829K, committed 36096K, reserved 1114112K
  class space    used 4383K, committed 4480K, reserved 1048576K
}
Event: 2.857 GC heap before
{Heap before GC invocations=10 (full 0):
 garbage-first heap   total 81920K, used 64884K [0x0000000702000000, 0x0000000800000000)
  region size 2048K, 24 young (49152K), 2 survivors (4096K)
 Metaspace       used 42182K, committed 42560K, reserved 1114112K
  class space    used 5467K, committed 5632K, reserved 1048576K
}
Event: 2.868 GC heap after
{Heap after GC invocations=11 (full 0):
 garbage-first heap   total 81920K, used 23273K [0x0000000702000000, 0x0000000800000000)
  region size 2048K, 3 young (6144K), 3 survivors (6144K)
 Metaspace       used 42182K, committed 42560K, reserved 1114112K
  class space    used 5467K, committed 5632K, reserved 1048576K
}
Event: 3.405 GC heap before
{Heap before GC invocations=11 (full 0):
 garbage-first heap   total 81920K, used 58089K [0x0000000702000000, 0x0000000800000000)
  region size 2048K, 20 young (40960K), 3 survivors (6144K)
 Metaspace       used 47738K, committed 48192K, reserved 1114112K
  class space    used 6192K, committed 6400K, reserved 1048576K
}
Event: 3.410 GC heap after
{Heap after GC invocations=12 (full 0):
 garbage-first heap   total 81920K, used 25775K [0x0000000702000000, 0x0000000800000000)
  region size 2048K, 2 young (4096K), 2 survivors (4096K)
 Metaspace       used 47738K, committed 48192K, reserved 1114112K
  class space    used 6192K, committed 6400K, reserved 1048576K
}

Dll operation events (9 events):
Event: 0.008 Loaded shared library C:\sts-4.19.0.RELEASE\plugins\org.eclipse.justj.openjdk.hotspot.jre.full.win32.x86_64_17.0.7.v20230425-1502\jre\bin\java.dll
Event: 0.219 Loaded shared library C:\sts-4.19.0.RELEASE\plugins\org.eclipse.justj.openjdk.hotspot.jre.full.win32.x86_64_17.0.7.v20230425-1502\jre\bin\jimage.dll
Event: 0.232 Loaded shared library C:\sts-4.19.0.RELEASE\plugins\org.eclipse.justj.openjdk.hotspot.jre.full.win32.x86_64_17.0.7.v20230425-1502\jre\bin\net.dll
Event: 0.234 Loaded shared library C:\sts-4.19.0.RELEASE\plugins\org.eclipse.justj.openjdk.hotspot.jre.full.win32.x86_64_17.0.7.v20230425-1502\jre\bin\nio.dll
Event: 0.238 Loaded shared library C:\sts-4.19.0.RELEASE\plugins\org.eclipse.justj.openjdk.hotspot.jre.full.win32.x86_64_17.0.7.v20230425-1502\jre\bin\zip.dll
Event: 0.343 Loaded shared library C:\sts-4.19.0.RELEASE\plugins\org.eclipse.justj.openjdk.hotspot.jre.full.win32.x86_64_17.0.7.v20230425-1502\jre\bin\management.dll
Event: 0.355 Loaded shared library C:\sts-4.19.0.RELEASE\plugins\org.eclipse.justj.openjdk.hotspot.jre.full.win32.x86_64_17.0.7.v20230425-1502\jre\bin\management_ext.dll
Event: 2.218 Loaded shared library C:\sts-4.19.0.RELEASE\plugins\org.eclipse.justj.openjdk.hotspot.jre.full.win32.x86_64_17.0.7.v20230425-1502\jre\bin\verify.dll
Event: 2.610 Loaded shared library C:\sts-4.19.0.RELEASE\plugins\org.eclipse.justj.openjdk.hotspot.jre.full.win32.x86_64_17.0.7.v20230425-1502\jre\bin\sunmscapi.dll

Deoptimization events (10 events):
Event: 1.248 Thread 0x00000287183fcfb0 DEOPT PACKING pc=0x000002871c039479 sp=0x000000dad46fd780
Event: 1.248 Thread 0x00000287183fcfb0 DEOPT UNPACKING pc=0x000002871bae7143 sp=0x000000dad46fcc60 mode 3
Event: 1.407 Thread 0x00000287183fcfb0 DEOPT PACKING pc=0x000002871c0a2255 sp=0x000000dad46fdb00
Event: 1.407 Thread 0x00000287183fcfb0 DEOPT UNPACKING pc=0x000002871bae7143 sp=0x000000dad46fcfa8 mode 3
Event: 2.031 Thread 0x00000287183fcfb0 DEOPT PACKING pc=0x000002871c273c17 sp=0x000000dad46fdf40
Event: 2.031 Thread 0x00000287183fcfb0 DEOPT UNPACKING pc=0x000002871bae7143 sp=0x000000dad46fd4d0 mode 3
Event: 2.545 Thread 0x00000287183fcfb0 DEOPT PACKING pc=0x000002871c3317f9 sp=0x000000dad46fe1b0
Event: 2.545 Thread 0x00000287183fcfb0 DEOPT UNPACKING pc=0x000002871bae7143 sp=0x000000dad46fd690 mode 3
Event: 2.918 Thread 0x00000287183fcfb0 DEOPT PACKING pc=0x000002871c3c6725 sp=0x000000dad46fd7c0
Event: 2.918 Thread 0x00000287183fcfb0 DEOPT UNPACKING pc=0x000002871bae7143 sp=0x000000dad46fcd28 mode 3

Classes unloaded (0 events):
No events

Classes redefined (0 events):
No events

Internal exceptions (20 events):
Event: 2.594 Thread 0x00000287183fcfb0 Exception <a 'java/lang/NoClassDefFoundError'{0x00000007051a2a48}: org/springframework/session/jdbc/JdbcIndexedSessionRepository> (0x00000007051a2a48) 
thrown [s\src\hotspot\share\classfile\systemDictionary.cpp, line 245]
Event: 2.651 Thread 0x00000287183fcfb0 Exception <a 'java/lang/NoSuchMethodError'{0x0000000704cd07d8}: 'void java.lang.invoke.DirectMethodHandle$Holder.invokeSpecial(java.lang.Object, java.lang.Object, java.lang.Object, java.lang.Object, java.lang.Object, java.lang.Object)'> (0x0000000704cd07d8) 
thrown [s\src\hotspot\share\interpreter\linkResolver.cpp, line 759]
Event: 2.655 Thread 0x00000287304d4df0 Exception <a 'java/lang/reflect/InvocationTargetException'{0x0000000704d05420}> (0x0000000704d05420) 
thrown [s\src\hotspot\share\runtime\reflection.cpp, line 1121]
Event: 2.800 Thread 0x00000287183fcfb0 Exception <a 'java/lang/NoSuchMethodError'{0x0000000704577f50}: 'void java.lang.invoke.DirectMethodHandle$Holder.invokeInterface(java.lang.Object, java.lang.Object, int)'> (0x0000000704577f50) 
thrown [s\src\hotspot\share\interpreter\linkResolver.cpp, line 759]
Event: 2.805 Thread 0x00000287183fcfb0 Exception <a 'java/lang/IncompatibleClassChangeError'{0x00000007045c7a50}: Found class java.lang.Object, but interface was expected> (0x00000007045c7a50) 
thrown [s\src\hotspot\share\interpreter\linkResolver.cpp, line 826]
Event: 2.806 Thread 0x00000287183fcfb0 Exception <a 'java/lang/NoSuchMethodError'{0x00000007045e04c0}: 'void java.lang.invoke.DirectMethodHandle$Holder.invokeStatic(java.lang.Object, int, java.lang.Object)'> (0x00000007045e04c0) 
thrown [s\src\hotspot\share\interpreter\linkResolver.cpp, line 759]
Event: 2.810 Thread 0x00000287183fcfb0 Exception <a 'java/lang/NoSuchMethodError'{0x000000070421ce68}: 'void java.lang.invoke.DirectMethodHandle$Holder.invokeVirtual(java.lang.Object, java.lang.Object, int)'> (0x000000070421ce68) 
thrown [s\src\hotspot\share\interpreter\linkResolver.cpp, line 759]
Event: 2.811 Thread 0x00000287183fcfb0 Exception <a 'java/lang/NoSuchMethodError'{0x0000000704223020}: 'void java.lang.invoke.DirectMethodHandle$Holder.invokeStatic(java.lang.Object, java.lang.Object, java.lang.Object, int, java.lang.Object)'> (0x0000000704223020) 
thrown [s\src\hotspot\share\interpreter\linkResolver.cpp, line 759]
Event: 2.811 Thread 0x00000287183fcfb0 Exception <a 'java/lang/NoSuchMethodError'{0x000000070422a4a0}: 'java.lang.Object java.lang.invoke.DirectMethodHandle$Holder.newInvokeSpecial(java.lang.Object, java.lang.Object, java.lang.Object, int)'> (0x000000070422a4a0) 
thrown [s\src\hotspot\share\interpreter\linkResolver.cpp, line 759]
Event: 2.811 Thread 0x00000287183fcfb0 Exception <a 'java/lang/NoSuchMethodError'{0x000000070422e788}: 'java.lang.Object java.lang.invoke.DirectMethodHandle$Holder.invokeSpecial(java.lang.Object, java.lang.Object, java.lang.Object, java.lang.Object, int)'> (0x000000070422e788) 
thrown [s\src\hotspot\share\interpreter\linkResolver.cpp, line 759]
Event: 2.811 Thread 0x00000287183fcfb0 Exception <a 'java/lang/NoSuchMethodError'{0x0000000704232350}: 'java.lang.Object java.lang.invoke.Invokers$Holder.linkToTargetMethod(java.lang.Object, java.lang.Object, int, java.lang.Object)'> (0x0000000704232350) 
thrown [s\src\hotspot\share\interpreter\linkResolver.cpp, line 759]
Event: 2.964 Thread 0x00000287183fcfb0 Exception <a 'java/lang/NoSuchMethodError'{0x0000000706890ee0}: 'java.lang.Object java.lang.invoke.DirectMethodHandle$Holder.invokeSpecial(java.lang.Object, java.lang.Object, long, java.lang.Object, java.lang.Object, java.lang.Object, java.lang.Object, java.lang.Object, java.lang.Object)'> (0x0000000706890ee0) 
thrown [s\src\hotspot\share\interpreter\linkResolver.cpp, line 759]
Event: 2.964 Thread 0x00000287183fcfb0 Exception <a 'java/lang/NoSuchMethodError'{0x0000000706895a08}: 'java.lang.Object java.lang.invoke.DelegatingMethodHandle$Holder.reinvoke_L(java.lang.Object, long, java.lang.Object, java.lang.Object, java.lang.Object, java.lang.Object, java.lang.Object, java.lang.Object)'> (0x0000000706895a08) 
thrown [s\src\hotspot\share\interpreter\linkResolver.cpp, line 759]
Event: 3.026 Thread 0x00000287183fcfb0 Exception <a 'java/io/FileNotFoundException'{0x00000007067457a0}> (0x00000007067457a0) 
thrown [s\src\hotspot\share\prims\jni.cpp, line 516]
Event: 3.072 Thread 0x00000287183fcfb0 Exception <a 'java/lang/NoSuchMethodError'{0x000000070622ab70}: 'int java.lang.invoke.DirectMethodHandle$Holder.invokeInterface(java.lang.Object, java.lang.Object, java.lang.Object, java.lang.Object)'> (0x000000070622ab70) 
thrown [s\src\hotspot\share\interpreter\linkResolver.cpp, line 759]
Event: 3.086 Thread 0x00000287183fcfb0 Exception <a 'java/lang/NoSuchMethodError'{0x00000007062f9948}: 'java.lang.Object java.lang.invoke.DirectMethodHandle$Holder.invokeInterface(java.lang.Object, java.lang.Object, java.lang.Object, java.lang.Object)'> (0x00000007062f9948) 
thrown [s\src\hotspot\share\interpreter\linkResolver.cpp, line 759]
Event: 3.158 Thread 0x00000287304d4df0 Exception <a 'java/lang/reflect/InvocationTargetException'{0x0000000705f349e0}> (0x0000000705f349e0) 
thrown [s\src\hotspot\share\runtime\reflection.cpp, line 1121]
Event: 3.197 Thread 0x00000287183fcfb0 Exception <a 'java/lang/NoSuchMethodError'{0x0000000705da7668}: 'long java.lang.invoke.DirectMethodHandle$Holder.invokeVirtual(java.lang.Object, java.lang.Object)'> (0x0000000705da7668) 
thrown [s\src\hotspot\share\interpreter\linkResolver.cpp, line 759]
Event: 3.267 Thread 0x00000287183fcfb0 Exception <a 'sun/nio/fs/WindowsException'{0x00000007057ef3a0}> (0x00000007057ef3a0) 
thrown [s\src\hotspot\share\prims\jni.cpp, line 516]
Event: 3.661 Thread 0x00000287304d4df0 Exception <a 'java/lang/reflect/InvocationTargetException'{0x0000000706097c80}> (0x0000000706097c80) 
thrown [s\src\hotspot\share\runtime\reflection.cpp, line 1121]

VM Operations (20 events):
Event: 2.857 Executing VM operation: G1CollectForAllocation
Event: 2.868 Executing VM operation: G1CollectForAllocation done
Event: 2.938 Executing VM operation: HandshakeAllThreads
Event: 2.938 Executing VM operation: HandshakeAllThreads done
Event: 2.940 Executing VM operation: HandshakeAllThreads
Event: 2.940 Executing VM operation: HandshakeAllThreads done
Event: 2.979 Executing VM operation: HandshakeAllThreads
Event: 2.979 Executing VM operation: HandshakeAllThreads done
Event: 3.009 Executing VM operation: HandshakeAllThreads
Event: 3.009 Executing VM operation: HandshakeAllThreads done
Event: 3.176 Executing VM operation: HandshakeAllThreads
Event: 3.177 Executing VM operation: HandshakeAllThreads done
Event: 3.177 Executing VM operation: HandshakeAllThreads
Event: 3.177 Executing VM operation: HandshakeAllThreads done
Event: 3.202 Executing VM operation: HandshakeAllThreads
Event: 3.202 Executing VM operation: HandshakeAllThreads done
Event: 3.227 Executing VM operation: HandshakeAllThreads
Event: 3.227 Executing VM operation: HandshakeAllThreads done
Event: 3.404 Executing VM operation: G1CollectForAllocation
Event: 3.410 Executing VM operation: G1CollectForAllocation done

Events (20 events):
Event: 3.802 loading class sun/nio/cs/IBM850
Event: 3.802 loading class sun/nio/cs/IBM850 done
Event: 3.802 loading class sun/nio/cs/IBM437
Event: 3.802 loading class sun/nio/cs/IBM437 done
Event: 3.802 loading class sun/nio/cs/IBM852
Event: 3.802 loading class sun/nio/cs/IBM852 done
Event: 3.803 loading class sun/nio/cs/IBM866
Event: 3.803 loading class sun/nio/cs/IBM866 done
Event: 3.803 loading class sun/nio/cs/KOI8_R
Event: 3.803 loading class sun/nio/cs/KOI8_R done
Event: 3.803 loading class sun/nio/cs/MS1250
Event: 3.803 loading class sun/nio/cs/MS1250 done
Event: 3.803 loading class sun/nio/cs/MS1251
Event: 3.803 loading class sun/nio/cs/MS1251 done
Event: 3.804 loading class sun/nio/cs/MS1256
Event: 3.804 loading class sun/nio/cs/MS1256 done
Event: 3.804 loading class sun/nio/cs/MS1257
Event: 3.804 loading class sun/nio/cs/MS1257 done
Event: 3.804 loading class sun/nio/cs/UTF_32
Event: 3.804 loading class sun/nio/cs/UTF_32 done


Dynamic libraries:
0x00007ff62d3c0000 - 0x00007ff62d3ce000 	C:\sts-4.19.0.RELEASE\plugins\org.eclipse.justj.openjdk.hotspot.jre.full.win32.x86_64_17.0.7.v20230425-1502\jre\bin\javaw.exe
0x00007ffef3330000 - 0x00007ffef3544000 	C:\Windows\SYSTEM32\ntdll.dll
0x00007ffea92a0000 - 0x00007ffea92b9000 	C:\Program Files\Avast Software\Avast\aswhook.dll
0x00007ffef1330000 - 0x00007ffef13f4000 	C:\Windows\System32\KERNEL32.DLL
0x00007ffef0870000 - 0x00007ffef0c14000 	C:\Windows\System32\KERNELBASE.dll
0x00007ffef06e0000 - 0x00007ffef07f1000 	C:\Windows\System32\ucrtbase.dll
0x00007ffed2490000 - 0x00007ffed24a7000 	C:\sts-4.19.0.RELEASE\plugins\org.eclipse.justj.openjdk.hotspot.jre.full.win32.x86_64_17.0.7.v20230425-1502\jre\bin\jli.dll
0x00007ffeabde0000 - 0x00007ffeabdf9000 	C:\sts-4.19.0.RELEASE\plugins\org.eclipse.justj.openjdk.hotspot.jre.full.win32.x86_64_17.0.7.v20230425-1502\jre\bin\VCRUNTIME140.dll
0x00007ffef2360000 - 0x00007ffef250e000 	C:\Windows\System32\USER32.dll
0x00007ffef1090000 - 0x00007ffef10b6000 	C:\Windows\System32\win32u.dll
0x00007ffef2d80000 - 0x00007ffef2da9000 	C:\Windows\System32\GDI32.dll
0x00007ffeef920000 - 0x00007ffeefbb3000 	C:\Windows\WinSxS\amd64_microsoft.windows.common-controls_6595b64144ccf1df_6.0.22621.2215_none_270d72677387dfc3\COMCTL32.dll
0x00007ffef0f70000 - 0x00007ffef1088000 	C:\Windows\System32\gdi32full.dll
0x00007ffef2a20000 - 0x00007ffef2ac7000 	C:\Windows\System32\msvcrt.dll
0x00007ffef0c20000 - 0x00007ffef0cba000 	C:\Windows\System32\msvcp_win.dll
0x00007ffef14b0000 - 0x00007ffef14e1000 	C:\Windows\System32\IMM32.DLL
0x00007ffed4000000 - 0x00007ffed400c000 	C:\sts-4.19.0.RELEASE\plugins\org.eclipse.justj.openjdk.hotspot.jre.full.win32.x86_64_17.0.7.v20230425-1502\jre\bin\vcruntime140_1.dll
0x00007ffe86f40000 - 0x00007ffe86fd1000 	C:\sts-4.19.0.RELEASE\plugins\org.eclipse.justj.openjdk.hotspot.jre.full.win32.x86_64_17.0.7.v20230425-1502\jre\bin\msvcp140.dll
0x00007ffe59b80000 - 0x00007ffe5a7c8000 	C:\sts-4.19.0.RELEASE\plugins\org.eclipse.justj.openjdk.hotspot.jre.full.win32.x86_64_17.0.7.v20230425-1502\jre\bin\server\jvm.dll
0x00007ffef14f0000 - 0x00007ffef15a0000 	C:\Windows\System32\ADVAPI32.dll
0x00007ffef22a0000 - 0x00007ffef2346000 	C:\Windows\System32\sechost.dll
0x00007ffef10c0000 - 0x00007ffef11d7000 	C:\Windows\System32\RPCRT4.dll
0x00007ffed1ca0000 - 0x00007ffed1ca9000 	C:\Windows\SYSTEM32\WSOCK32.dll
0x00007ffef1ec0000 - 0x00007ffef1f31000 	C:\Windows\System32\WS2_32.dll
0x00007ffee77d0000 - 0x00007ffee7804000 	C:\Windows\SYSTEM32\WINMM.dll
0x00007ffee64a0000 - 0x00007ffee64aa000 	C:\Windows\SYSTEM32\VERSION.dll
0x00007ffeeee70000 - 0x00007ffeeee88000 	C:\Windows\SYSTEM32\kernel.appcore.dll
0x00007ffed57c0000 - 0x00007ffed57ca000 	C:\sts-4.19.0.RELEASE\plugins\org.eclipse.justj.openjdk.hotspot.jre.full.win32.x86_64_17.0.7.v20230425-1502\jre\bin\jimage.dll
0x00007ffef0140000 - 0x00007ffef036e000 	C:\Windows\SYSTEM32\DBGHELP.DLL
0x00007ffef2eb0000 - 0x00007ffef323a000 	C:\Windows\System32\combase.dll
0x00007ffef15b0000 - 0x00007ffef1687000 	C:\Windows\System32\OLEAUT32.dll
0x00007ffeefed0000 - 0x00007ffeeff02000 	C:\Windows\SYSTEM32\dbgcore.DLL
0x00007ffef0e30000 - 0x00007ffef0eaa000 	C:\Windows\System32\bcryptPrimitives.dll
0x00007ffeacec0000 - 0x00007ffeacee5000 	C:\sts-4.19.0.RELEASE\plugins\org.eclipse.justj.openjdk.hotspot.jre.full.win32.x86_64_17.0.7.v20230425-1502\jre\bin\java.dll
0x00007ffeba920000 - 0x00007ffeba938000 	C:\sts-4.19.0.RELEASE\plugins\org.eclipse.justj.openjdk.hotspot.jre.full.win32.x86_64_17.0.7.v20230425-1502\jre\bin\zip.dll
0x00007ffef1690000 - 0x00007ffef1eb3000 	C:\Windows\System32\SHELL32.dll
0x00007ffeedc20000 - 0x00007ffeee50a000 	C:\Windows\SYSTEM32\windows.storage.dll
0x00007ffeedac0000 - 0x00007ffeedbfe000 	C:\Windows\SYSTEM32\wintypes.dll
0x00007ffef2af0000 - 0x00007ffef2be3000 	C:\Windows\System32\SHCORE.dll
0x00007ffef2cc0000 - 0x00007ffef2d1e000 	C:\Windows\System32\shlwapi.dll
0x00007ffef0610000 - 0x00007ffef0636000 	C:\Windows\SYSTEM32\profapi.dll
0x00007ffeacea0000 - 0x00007ffeaceb9000 	C:\sts-4.19.0.RELEASE\plugins\org.eclipse.justj.openjdk.hotspot.jre.full.win32.x86_64_17.0.7.v20230425-1502\jre\bin\net.dll
0x00007ffee7690000 - 0x00007ffee77c7000 	C:\Windows\SYSTEM32\WINHTTP.dll
0x00007ffeef2f0000 - 0x00007ffeef359000 	C:\Windows\system32\mswsock.dll
0x00007ffeacde0000 - 0x00007ffeacdf5000 	C:\sts-4.19.0.RELEASE\plugins\org.eclipse.justj.openjdk.hotspot.jre.full.win32.x86_64_17.0.7.v20230425-1502\jre\bin\nio.dll
0x00007ffed22b0000 - 0x00007ffed22b9000 	C:\sts-4.19.0.RELEASE\plugins\org.eclipse.justj.openjdk.hotspot.jre.full.win32.x86_64_17.0.7.v20230425-1502\jre\bin\management.dll
0x00007ffed1e80000 - 0x00007ffed1e8b000 	C:\sts-4.19.0.RELEASE\plugins\org.eclipse.justj.openjdk.hotspot.jre.full.win32.x86_64_17.0.7.v20230425-1502\jre\bin\management_ext.dll
0x00007ffef15a0000 - 0x00007ffef15a8000 	C:\Windows\System32\PSAPI.DLL
0x00007ffeafca0000 - 0x00007ffeafcb7000 	C:\Windows\system32\napinsp.dll
0x00007ffeaffa0000 - 0x00007ffeaffbb000 	C:\Windows\system32\pnrpnsp.dll
0x00007ffeee970000 - 0x00007ffeeea62000 	C:\Windows\SYSTEM32\DNSAPI.dll
0x00007ffeee900000 - 0x00007ffeee92d000 	C:\Windows\SYSTEM32\IPHLPAPI.DLL
0x00007ffef2350000 - 0x00007ffef2359000 	C:\Windows\System32\NSI.dll
0x00007ffeb62d0000 - 0x00007ffeb62e1000 	C:\Windows\System32\winrnr.dll
0x00007ffee6820000 - 0x00007ffee6835000 	C:\Windows\system32\wshbth.dll
0x00007ffeaffc0000 - 0x00007ffeaffe1000 	C:\Windows\system32\nlansp_c.dll
0x00007ffee4050000 - 0x00007ffee405a000 	C:\Windows\System32\rasadhlp.dll
0x00007ffee5170000 - 0x00007ffee51f4000 	C:\Windows\System32\fwpuclnt.dll
0x00007ffef0380000 - 0x00007ffef039b000 	C:\Windows\SYSTEM32\CRYPTSP.dll
0x00007ffeef5a0000 - 0x00007ffeef5d5000 	C:\Windows\system32\rsaenh.dll
0x00007ffeef360000 - 0x00007ffeef38c000 	C:\Windows\SYSTEM32\USERENV.dll
0x00007ffeeffa0000 - 0x00007ffeeffc8000 	C:\Windows\SYSTEM32\bcrypt.dll
0x00007ffeef7e0000 - 0x00007ffeef7ec000 	C:\Windows\SYSTEM32\CRYPTBASE.dll
0x00007ffee6a80000 - 0x00007ffee6a99000 	C:\Windows\SYSTEM32\dhcpcsvc6.DLL
0x00007ffee6990000 - 0x00007ffee69af000 	C:\Windows\SYSTEM32\dhcpcsvc.DLL
0x00007ffed57a0000 - 0x00007ffed57b0000 	C:\sts-4.19.0.RELEASE\plugins\org.eclipse.justj.openjdk.hotspot.jre.full.win32.x86_64_17.0.7.v20230425-1502\jre\bin\verify.dll
0x00007ffed4870000 - 0x00007ffed487e000 	C:\sts-4.19.0.RELEASE\plugins\org.eclipse.justj.openjdk.hotspot.jre.full.win32.x86_64_17.0.7.v20230425-1502\jre\bin\sunmscapi.dll
0x00007ffef0cc0000 - 0x00007ffef0e26000 	C:\Windows\System32\CRYPT32.dll
0x00007ffeefbc0000 - 0x00007ffeefbee000 	C:\Windows\SYSTEM32\ncrypt.dll
0x00007ffeef8e0000 - 0x00007ffeef917000 	C:\Windows\SYSTEM32\NTASN1.dll

dbghelp: loaded successfully - version: 4.0.5 - missing functions: none
symbol engine: initialized successfully - sym options: 0x614 - pdb path: .;C:\sts-4.19.0.RELEASE\plugins\org.eclipse.justj.openjdk.hotspot.jre.full.win32.x86_64_17.0.7.v20230425-1502\jre\bin;C:\Windows\SYSTEM32;C:\Program Files\Avast Software\Avast;C:\Windows\WinSxS\amd64_microsoft.windows.common-controls_6595b64144ccf1df_6.0.22621.2215_none_270d72677387dfc3;C:\sts-4.19.0.RELEASE\plugins\org.eclipse.justj.openjdk.hotspot.jre.full.win32.x86_64_17.0.7.v20230425-1502\jre\bin\server

VM Arguments:
jvm_args: -Dcom.sun.management.jmxremote -Dcom.sun.management.jmxremote.port=58032 -Dcom.sun.management.jmxremote.authenticate=false -Dcom.sun.management.jmxremote.ssl=false -Djava.rmi.server.hostname=localhost -Dspring.jmx.enabled=true -Dmanagement.endpoints.jmx.exposure.include=* -Dspring.application.admin.enabled=true -XX:TieredStopAtLevel=1 -Dspring.boot.project.name=Infraction -Dfile.encoding=UTF-8 -Dstdout.encoding=UTF-8 -Dstderr.encoding=UTF-8 -XX:+ShowCodeDetailsInExceptionMessages 
java_command: com.example.demo.InfractionApplication --spring.output.ansi.enabled=always
java_class_path (initial): C:\Users\hi\Documents\workspace-spring-tool-suite-4-4.19.0.RELEASE\Micorservice_Radar\Infraction\target\classes;C:\Users\hi\.m2\repository\org\springframework\boot\spring-boot-starter-data-jpa\3.1.4\spring-boot-starter-data-jpa-3.1.4.jar;C:\Users\hi\.m2\repository\org\springframework\boot\spring-boot-starter-aop\3.1.4\spring-boot-starter-aop-3.1.4.jar;C:\Users\hi\.m2\repository\org\springframework\spring-aop\6.0.12\spring-aop-6.0.12.jar;C:\Users\hi\.m2\repository\org\aspectj\aspectjweaver\1.9.20\aspectjweaver-1.9.20.jar;C:\Users\hi\.m2\repository\org\springframework\boot\spring-boot-starter-jdbc\3.1.4\spring-boot-starter-jdbc-3.1.4.jar;C:\Users\hi\.m2\repository\com\zaxxer\HikariCP\5.0.1\HikariCP-5.0.1.jar;C:\Users\hi\.m2\repository\org\springframework\spring-jdbc\6.0.12\spring-jdbc-6.0.12.jar;C:\Users\hi\.m2\repository\org\hibernate\orm\hibernate-core\6.2.9.Final\hibernate-core-6.2.9.Final.jar;C:\Users\hi\.m2\repository\jakarta\persistence\jakarta.persistence-api\3.1.0\jakarta.persistence-api-3.1.0.jar;C:\Users\hi\.m2\repository\jakarta\transaction\jakarta.transaction-api\2.0.1\jakarta.transaction-api-2.0.1.jar;C:\Users\hi\.m2\repository\org\jboss\logging\jboss-logging\3.5.3.Final\jboss-logging-3.5.3.Final.jar;C:\Users\hi\.m2\repository\org\hibernate\common\hibernate-commons-annotations\6.0.6.Final\hibernate-commons-annotations-6.0.6.Final.jar;C:\Users\hi\.m2\repository\io\smallrye\jandex\3.0.5\jandex-3.0.5.jar;C:\Users\hi\.m2\repository\com\fasterxml\classmate\1.5.1\classmate-1.5.1.jar;C:\Users\hi\.m2\repository\net\bytebuddy\byte-buddy\1.14.8\byte-buddy-1.14.8.jar;C:\Users\hi\.m2\repository\org\glassfish\jaxb\jaxb-runtime\4.0.3\jaxb-runtime-4.0.3.jar;C:\Users\hi\.m2\repository\org\glassfish\jaxb\jaxb-core\4.0.3\jaxb-core-4.0.3.jar;C:\Users\hi\.m2\repository\org\glassfish\jaxb\txw2\4.0.3\txw2-4.0.3.jar;C:\Users\hi\.m2\repository\com\sun\istack\istack-commons-runtime\4.1.2\istack-commons-runtime-4.1.2.jar;C:\Users\hi\.m2\repository\jaka
Launcher Type: SUN_STANDARD

[Global flags]
     intx CICompilerCount                          = 4                                         {product} {ergonomic}
     uint ConcGCThreads                            = 2                                         {product} {ergonomic}
     uint G1ConcRefinementThreads                  = 8                                         {product} {ergonomic}
   size_t G1HeapRegionSize                         = 2097152                                   {product} {ergonomic}
    uintx GCDrainStackTargetSize                   = 64                                        {product} {ergonomic}
   size_t InitialHeapSize                          = 266338304                                 {product} {ergonomic}
     bool ManagementServer                         = true                                      {product} {command line}
   size_t MarkStackSize                            = 4194304                                   {product} {ergonomic}
   size_t MaxHeapSize                              = 4261412864                                {product} {ergonomic}
   size_t MaxNewSize                               = 2556428288                                {product} {ergonomic}
   size_t MinHeapDeltaBytes                        = 2097152                                   {product} {ergonomic}
   size_t MinHeapSize                              = 8388608                                   {product} {ergonomic}
    uintx NonProfiledCodeHeapSize                  = 0                                      {pd product} {ergonomic}
     bool ProfileInterpreter                       = false                                  {pd product} {command line}
    uintx ProfiledCodeHeapSize                     = 0                                      {pd product} {ergonomic}
     bool ShowCodeDetailsInExceptionMessages       = true                                   {manageable} {command line}
   size_t SoftMaxHeapSize                          = 4261412864                             {manageable} {ergonomic}
     intx TieredStopAtLevel                        = 1                                         {product} {command line}
     bool UseCompressedClassPointers               = true                           {product lp64_product} {ergonomic}
     bool UseCompressedOops                        = true                           {product lp64_product} {ergonomic}
     bool UseG1GC                                  = true                                      {product} {ergonomic}
     bool UseLargePagesIndividualAllocation        = false                                  {pd product} {ergonomic}

Logging:
Log output configuration:
 #0: stdout all=warning uptime,level,tags
 #1: stderr all=off uptime,level,tags

Environment Variables:
JAVA_HOME=C:\Program Files\Java\jdk-20
PATH=C:/sts-4.19.0.RELEASE//plugins/org.eclipse.justj.openjdk.hotspot.jre.full.win32.x86_64_17.0.7.v20230425-1502/jre/bin/server;C:/sts-4.19.0.RELEASE//plugins/org.eclipse.justj.openjdk.hotspot.jre.full.win32.x86_64_17.0.7.v20230425-1502/jre/bin;C:\Program Files\Common Files\Oracle\Java\javapath;C:\Windows\system32;C:\Windows;C:\Windows\System32\Wbem;C:\Windows\System32\WindowsPowerShell\v1.0\;C:\Windows\System32\OpenSSH\;C:\Program Files\Java\jdk-20\bin;C:\Program Files\Git\cmd;C:\Program Files\Common Files\Oracle\Java\javapath;C:\Program Files\Git LFS;C:\Program Files\nodejs\;C:\Program Files\Docker\Docker\resources\bin;C:\Users\hi\Downloads\apache-maven-3.9.4-bin\apache-maven-3.9.4\bin;C:\Users\hi\AppData\Local\Microsoft\WindowsApps;C:\Users\hi\AppData\Local\GitHubDesktop\bin;C:\Users\hi\AppData\Roaming\npm;C:\Users\hi\AppData\Local\Programs\Microsoft VS Code\bin;;C:\sts-4.19.0.RELEASE;
USERNAME=hi
OS=Windows_NT
PROCESSOR_IDENTIFIER=Intel64 Family 6 Model 142 Stepping 12, GenuineIntel
TMP=C:\Users\hi\AppData\Local\Temp
TEMP=C:\Users\hi\AppData\Local\Temp



---------------  S Y S T E M  ---------------

OS:
 Windows 11 , 64 bit Build 22621 (10.0.22621.2215)
OS uptime: 0 days 20:13 hours
Hyper-V role detected

CPU: total 8 (initial active 8) (4 cores per cpu, 2 threads per core) family 6 model 142 stepping 12 microcode 0xec, cx8, cmov, fxsr, ht, mmx, 3dnowpref, sse, sse2, sse3, ssse3, sse4.1, sse4.2, popcnt, lzcnt, tsc, tscinvbit, avx, avx2, aes, erms, clmul, bmi1, bmi2, adx, fma, vzeroupper, clflush, clflushopt, hv

Memory: 4k page, system-wide physical 16254M (7201M free)
TotalPageFile size 23934M (AvailPageFile size 11471M)
current process WorkingSet (physical memory assigned to process): 202M, peak: 202M
current process commit charge ("private bytes"): 238M, peak: 367M

vm_info: OpenJDK 64-Bit Server VM (17.0.7+7) for windows-amd64 JRE (17.0.7+7), built on Apr 18 2023 22:10:42 by "temurin" with MS VC++ 16.7 (VS2019)

END.
