#
# A fatal error has been detected by the Java Runtime Environment:
#
#  EXCEPTION_ACCESS_VIOLATION (0xc0000005) at pc=0x00007ffd9f2bc996, pid=9484, tid=660
#
# JRE version: OpenJDK Runtime Environment Temurin-17.0.7+7 (17.0.7+7) (build 17.0.7+7)
# Java VM: OpenJDK 64-Bit Server VM Temurin-17.0.7+7 (17.0.7+7, mixed mode, tiered, compressed oops, compressed class ptrs, g1 gc, windows-amd64)
# Problematic frame:
# V  [jvm.dll+0xc996]
#
# No core dump will be written. Minidumps are not enabled by default on client versions of Windows
#
# If you would like to submit a bug report, please visit:
#   https://github.com/adoptium/adoptium-support/issues
#

---------------  S U M M A R Y ------------

Command Line: -Dmaven.home=EMBEDDED -Dclassworlds.conf=C:\Users\hi\Documents\workspace-spring-tool-suite-4-4.19.0.RELEASE\.metadata\.plugins\org.eclipse.m2e.launching\launches\m2conf13258852985061263288.tmp -Dmaven.multiModuleProjectDirectory=C:\Users\hi\Documents\workspace-spring-tool-suite-4-4.19.0.RELEASE\Micorservice_Radar\Infraction -Dm2e.build.project.data.socket.port=50161 -Dfile.encoding=UTF-8 -Dstdout.encoding=UTF-8 -Dstderr.encoding=UTF-8 -XX:+ShowCodeDetailsInExceptionMessages org.codehaus.plexus.classworlds.launcher.Launcher -Ppom.xml -B -Dstyle.color=always install

Host: Intel(R) Core(TM) i7-8565U CPU @ 1.80GHz, 8 cores, 15G,  Windows 11 , 64 bit Build 22621 (10.0.22621.2215)
Time: Mon Sep 25 00:38:40 2023 Morocco Daylight Time elapsed time: 4.018241 seconds (0d 0h 0m 4s)

---------------  T H R E A D  ---------------

Current thread (0x0000015fda7c4620):  GCTaskThread "GC Thread#3" [stack: 0x0000004b9da00000,0x0000004b9db00000] [id=660]

Stack: [0x0000004b9da00000,0x0000004b9db00000],  sp=0x0000004b9daff538,  free space=1021k
Native frames: (J=compiled Java code, j=interpreted, Vv=VM code, C=native code)
V  [jvm.dll+0xc996]


siginfo: EXCEPTION_ACCESS_VIOLATION (0xc0000005), reading address 0x00000008756c615e


Register to memory mapping:

RIP=0x00007ffd9f2bc996 jvm.dll
RAX=0x0000000000000001 is an unknown value
RBX=0x0000000000000001 is an unknown value
RCX=0x00000007092d3200 is pointing into object: [B 
{0x00000007092d31c8} - klass: {type array byte}
 - length: 59
RDX=0x00000007092d3200 is pointing into object: [B 
{0x00000007092d31c8} - klass: {type array byte}
 - length: 59
RSP=0x0000004b9daff538 points into unknown readable memory: 0x00007ffd9f5b7cef | ef 7c 5b 9f fd 7f 00 00
RBP=0x0000004b9daff5b8 points into unknown readable memory: 0x0000000000000000 | 00 00 00 00 00 00 00 00
RSI=0x0000015fdc0acba0 points into unknown readable memory: 0x00007ffd9fc084e8 | e8 84 c0 9f fd 7f 00 00
RDI=0x0000015fdc0acba0 points into unknown readable memory: 0x00007ffd9fc084e8 | e8 84 c0 9f fd 7f 00 00
R8 =0x00000007092d3200 is pointing into object: [B 
{0x00000007092d31c8} - klass: {type array byte}
 - length: 59
R9 =0x00000008756c6156 is an unknown value
R10=0x00000007092d3200 is pointing into object: [B 
{0x00000007092d31c8} - klass: {type array byte}
 - length: 59
R11=0x0000000705d8fec0 is an oop: [B 
{0x0000000705d8fec0} - klass: {type array byte}
 - length: 59
R12=0x0000004b9daff8b0 points into unknown readable memory: 0x00007ffd9fc095a0 | a0 95 c0 9f fd 7f 00 00
R13=0x00000007092d3200 is pointing into object: [B 
{0x00000007092d31c8} - klass: {type array byte}
 - length: 59
R14=0x00000008756c6156 is an unknown value
R15=0x0 is NULL


Registers:
RAX=0x0000000000000001, RBX=0x0000000000000001, RCX=0x00000007092d3200, RDX=0x00000007092d3200
RSP=0x0000004b9daff538, RBP=0x0000004b9daff5b8, RSI=0x0000015fdc0acba0, RDI=0x0000015fdc0acba0
R8 =0x00000007092d3200, R9 =0x00000008756c6156, R10=0x00000007092d3200, R11=0x0000000705d8fec0
R12=0x0000004b9daff8b0, R13=0x00000007092d3200, R14=0x00000008756c6156, R15=0x0000000000000000
RIP=0x00007ffd9f2bc996, EFLAGS=0x0000000000010206

Top of Stack: (sp=0x0000004b9daff538)
0x0000004b9daff538:   00007ffd9f5b7cef 0000000000000000
0x0000004b9daff548:   0000000000000001 0000004b9daff5b8
0x0000004b9daff558:   00007ffd00000000 0000000000000000
0x0000004b9daff568:   00007ffd00000000 00000007092eebd8
0x0000004b9daff578:   0000000000000001 0000000700000000
0x0000004b9daff588:   0000000000000001 0000000000000008
0x0000004b9daff598:   0000004b9daff700 0000015fb70da870
0x0000004b9daff5a8:   0000000702885c00 0000015fdc0acd20
0x0000004b9daff5b8:   0000000000000000 0000000000000040
0x0000004b9daff5c8:   0000015fb70da870 0000004b9daff8b0
0x0000004b9daff5d8:   0000015fdc0acba0 0000000705d8fe9c
0x0000004b9daff5e8:   0000000705d8fe9d 0000000000000211
0x0000004b9daff5f8:   00007ffd9f5b8d82 0000000709290000
0x0000004b9daff608:   0000000000000001 0000015fb70d0001
0x0000004b9daff618:   7463656a624f6465 0000004b9daff6a0
0x0000004b9daff628:   0000000000000000 0000000000000600 

Instructions: (pc=0x00007ffd9f2bc996)
0x00007ffd9f2bc896:   cc cc cc cc cc cc cc cc cc cc 4c 8b 01 4c 8b c9
0x00007ffd9f2bc8a6:   48 8b 0d 63 e4 b4 00 ba 64 60 08 00 e9 c9 f1 ff
0x00007ffd9f2bc8b6:   ff cc cc cc cc cc cc cc cc cc 8b 05 32 2a af 00
0x00007ffd9f2bc8c6:   c3 cc cc cc cc cc cc cc cc cc 0f b6 05 b8 ec b5
0x00007ffd9f2bc8d6:   00 48 8b d1 84 c0 74 16 44 8b 41 08 8b 0d 10 2a
0x00007ffd9f2bc8e6:   af 00 49 d3 e0 4c 03 05 fe 29 af 00 eb 04 4c 8b
0x00007ffd9f2bc8f6:   41 08 45 8b 50 08 45 85 d2 7e 0e 41 f6 c2 01 75
0x00007ffd9f2bc906:   53 41 c1 fa 03 41 8b c2 c3 79 49 84 c0 b9 10 00
0x00007ffd9f2bc916:   00 00 8b 05 16 39 af 00 41 b8 0c 00 00 00 41 0f
0x00007ffd9f2bc926:   45 c8 ff c8 4c 63 c8 48 63 14 11 41 8b ca 83 e1
0x00007ffd9f2bc936:   3f 48 d3 e2 41 8b ca 48 c1 f9 10 0f b6 c1 49 8d
0x00007ffd9f2bc946:   0c 11 49 f7 d1 48 03 c1 49 c1 e9 03 48 c1 e8 03
0x00007ffd9f2bc956:   41 23 c1 c3 49 8b 00 49 8b c8 48 ff a0 00 01 00
0x00007ffd9f2bc966:   00 cc cc cc cc cc cc cc cc cc 8b 44 24 30 45 03
0x00007ffd9f2bc976:   c9 44 2b 4c 24 28 83 c0 0b 44 03 ca 45 03 c8 41
0x00007ffd9f2bc986:   03 c1 c3 cc cc cc cc cc cc cc 4c 8b ca 48 8b d1
0x00007ffd9f2bc996:   45 8b 41 08 45 85 c0 7e 0e 41 f6 c0 01 75 56 41
0x00007ffd9f2bc9a6:   c1 f8 03 41 8b c0 c3 79 4c 80 3d d9 eb b5 00 00
0x00007ffd9f2bc9b6:   b8 0c 00 00 00 b9 10 00 00 00 0f 45 c8 8b 05 6b
0x00007ffd9f2bc9c6:   38 af 00 ff c8 4c 63 c8 48 63 14 11 41 8b c8 83
0x00007ffd9f2bc9d6:   e1 3f 48 d3 e2 41 8b c8 48 c1 f9 10 0f b6 c1 49
0x00007ffd9f2bc9e6:   8d 0c 11 49 f7 d1 48 03 c1 49 c1 e9 03 48 c1 e8
0x00007ffd9f2bc9f6:   03 41 23 c1 c3 49 8b 01 49 8b c9 48 ff a0 00 01
0x00007ffd9f2bca06:   00 00 cc cc cc cc cc cc cc cc 48 8b 41 08 0f b7
0x00007ffd9f2bca16:   48 2a 0f b7 40 28 83 c0 48 03 c1 c3 cc cc cc cc
0x00007ffd9f2bca26:   cc cc cc cc cc cc cc cc cc cc 48 89 5c 24 08 57
0x00007ffd9f2bca36:   48 83 ec 20 0f b6 05 6f cc b9 00 48 8b fa 48 8b
0x00007ffd9f2bca46:   d9 84 c0 74 4f 48 85 15 66 c4 b9 00 74 38 48 8b
0x00007ffd9f2bca56:   ca e8 94 88 85 00 48 8b d0 48 85 db 74 25 48 85
0x00007ffd9f2bca66:   c0 74 20 48 8b c7 f0 48 0f b1 13 74 16 48 85 05
0x00007ffd9f2bca76:   3e c4 b9 00 74 0d 48 8b c8 f0 48 0f b1 13 48 3b
0x00007ffd9f2bca86:   c1 75 ea 48 8b fa 48 8b c7 48 8b 5c 24 30 48 83 


Stack slot to memory mapping:
stack at sp + 0 slots: 0x00007ffd9f5b7cef jvm.dll
stack at sp + 1 slots: 0x0 is NULL
stack at sp + 2 slots: 0x0000000000000001 is an unknown value
stack at sp + 3 slots: 0x0000004b9daff5b8 points into unknown readable memory: 0x0000000000000000 | 00 00 00 00 00 00 00 00
stack at sp + 4 slots: 0x00007ffd00000000 is an unknown value
stack at sp + 5 slots: 0x0 is NULL
stack at sp + 6 slots: 0x00007ffd00000000 is an unknown value
stack at sp + 7 slots: 0x00000007092eebd8 is an oop: java.lang.invoke.MethodType 
{0x00000007092eebd8} - klass: 'java/lang/invoke/MethodType'
 - ---- fields (total size 5 words):
 - private final synchronized 'rtype' 'Ljava/lang/Class;' @12  a 'java/lang/Class'{0x0000000702013518} = 'java/lang/Object' (e04026a3)
 - private final synchronized 'ptypes' '[Ljava/lang/Class;' @16  a 'java/lang/Class'[2] {0x00000007092eebc0} (e125dd78)
 - private synchronized 'form' 'Ljava/lang/invoke/MethodTypeForm;' @20  a 'java/lang/invoke/MethodTypeForm'{0x0000000702022a28} (e0404545)
 - private synchronized 'wrapAlt' 'Ljava/lang/Object;' @24  NULL (0)
 - private synchronized 'invokers' 'Ljava/lang/invoke/Invokers;' @28  NULL (0)
 - private synchronized 'methodDescriptor' 'Ljava/lang/String;' @32  "(Ljava/lang/String;Ljava/lang/Object;)Ljava/lang/Object;"{0x00000007092ef0d0} (e125de1a)
 - signature: (Ljava/lang/String;Ljava/lang/Object;)Ljava/lang/Object;


---------------  P R O C E S S  ---------------

Threads class SMR info:
_java_thread_list=0x0000015fdc5fe770, length=14, elements={
0x0000015fb70c0210, 0x0000015fda06c260, 0x0000015fda06cfe0, 0x0000015fda084690,
0x0000015fda084f50, 0x0000015fda085810, 0x0000015fda09c1d0, 0x0000015fda0a5ab0,
0x0000015fda0a63b0, 0x0000015fda0b9480, 0x0000015fda204470, 0x0000015fda220020,
0x0000015fdc252950, 0x0000015fda55f310
}

Java Threads: ( => current thread )
  0x0000015fb70c0210 JavaThread "main" [_thread_blocked, id=2388, stack(0x0000004b9c400000,0x0000004b9c500000)]
  0x0000015fda06c260 JavaThread "Reference Handler" daemon [_thread_blocked, id=8560, stack(0x0000004b9cb00000,0x0000004b9cc00000)]
  0x0000015fda06cfe0 JavaThread "Finalizer" daemon [_thread_blocked, id=8744, stack(0x0000004b9cc00000,0x0000004b9cd00000)]
  0x0000015fda084690 JavaThread "Signal Dispatcher" daemon [_thread_blocked, id=11100, stack(0x0000004b9cd00000,0x0000004b9ce00000)]
  0x0000015fda084f50 JavaThread "Attach Listener" daemon [_thread_blocked, id=4800, stack(0x0000004b9ce00000,0x0000004b9cf00000)]
  0x0000015fda085810 JavaThread "Service Thread" daemon [_thread_blocked, id=2112, stack(0x0000004b9cf00000,0x0000004b9d000000)]
  0x0000015fda09c1d0 JavaThread "Monitor Deflation Thread" daemon [_thread_blocked, id=17384, stack(0x0000004b9d000000,0x0000004b9d100000)]
  0x0000015fda0a5ab0 JavaThread "C2 CompilerThread0" daemon [_thread_blocked, id=10032, stack(0x0000004b9d100000,0x0000004b9d200000)]
  0x0000015fda0a63b0 JavaThread "C1 CompilerThread0" daemon [_thread_blocked, id=18008, stack(0x0000004b9d200000,0x0000004b9d300000)]
  0x0000015fda0b9480 JavaThread "Sweeper thread" daemon [_thread_blocked, id=17624, stack(0x0000004b9d300000,0x0000004b9d400000)]
  0x0000015fda204470 JavaThread "Notification Thread" daemon [_thread_blocked, id=17296, stack(0x0000004b9d400000,0x0000004b9d500000)]
  0x0000015fda220020 JavaThread "Common-Cleaner" daemon [_thread_blocked, id=2128, stack(0x0000004b9d600000,0x0000004b9d700000)]
  0x0000015fdc252950 JavaThread "C2 CompilerThread1" daemon [_thread_blocked, id=8456, stack(0x0000004b9d700000,0x0000004b9d800000)]
  0x0000015fda55f310 JavaThread "C2 CompilerThread2" daemon [_thread_blocked, id=13444, stack(0x0000004b9df00000,0x0000004b9e000000)]

Other Threads:
  0x0000015fd5c09bf0 VMThread "VM Thread" [stack: 0x0000004b9ca00000,0x0000004b9cb00000] [id=10876]
  0x0000015fd5bdd940 WatcherThread [stack: 0x0000004b9d500000,0x0000004b9d600000] [id=5504]
  0x0000015fb712dd30 GCTaskThread "GC Thread#0" [stack: 0x0000004b9c500000,0x0000004b9c600000] [id=12856]
  0x0000015fda2b32b0 GCTaskThread "GC Thread#1" [stack: 0x0000004b9d800000,0x0000004b9d900000] [id=15788]
  0x0000015fdad319a0 GCTaskThread "GC Thread#2" [stack: 0x0000004b9d900000,0x0000004b9da00000] [id=10204]
=>0x0000015fda7c4620 GCTaskThread "GC Thread#3" [stack: 0x0000004b9da00000,0x0000004b9db00000] [id=660]
  0x0000015fdae9a8f0 GCTaskThread "GC Thread#4" [stack: 0x0000004b9db00000,0x0000004b9dc00000] [id=13120]
  0x0000015fdaea19e0 GCTaskThread "GC Thread#5" [stack: 0x0000004b9dc00000,0x0000004b9dd00000] [id=17492]
  0x0000015fdb072a30 GCTaskThread "GC Thread#6" [stack: 0x0000004b9dd00000,0x0000004b9de00000] [id=12332]
  0x0000015fdb072ce0 GCTaskThread "GC Thread#7" [stack: 0x0000004b9de00000,0x0000004b9df00000] [id=12996]
  0x0000015fb713e980 ConcurrentGCThread "G1 Main Marker" [stack: 0x0000004b9c600000,0x0000004b9c700000] [id=3652]
  0x0000015fb713fa40 ConcurrentGCThread "G1 Conc#0" [stack: 0x0000004b9c700000,0x0000004b9c800000] [id=8544]
  0x0000015fdaf1a960 ConcurrentGCThread "G1 Conc#1" [stack: 0x0000004b9e000000,0x0000004b9e100000] [id=16032]
  0x0000015fd5aa8510 ConcurrentGCThread "G1 Refine#0" [stack: 0x0000004b9c800000,0x0000004b9c900000] [id=10012]
  0x0000015fb717da40 ConcurrentGCThread "G1 Service" [stack: 0x0000004b9c900000,0x0000004b9ca00000] [id=7380]

Threads with active compile tasks:
C2 CompilerThread1     4055 4751   !   4       java.io.BufferedReader::readLine (327 bytes)
C2 CompilerThread2     4055 4750 %     4       java.util.zip.ZipFile$Source::initCEN @ 240 (591 bytes)

VM state: at safepoint (normal execution)

VM Mutex/Monitor currently owned by a thread:  ([mutex/lock_event])
[0x0000015fb70aa400] Threads_lock - owner thread: 0x0000015fd5c09bf0
[0x0000015fb70aa520] Heap_lock - owner thread: 0x0000015fb70c0210

Heap address: 0x0000000702000000, size: 4064 MB, Compressed Oops mode: Zero based, Oop shift amount: 3

CDS archive(s) not mapped
Compressed class space mapped at: 0x0000000800000000-0x0000000840000000, reserved size: 1073741824
Narrow klass base: 0x0000000800000000, Narrow klass shift: 0, Narrow klass range: 0x40000000

GC Precious Log:
 CPUs: 8 total, 8 available
 Memory: 16254M
 Large Page Support: Disabled
 NUMA Support: Disabled
 Compressed Oops: Enabled (Zero based)
 Heap Region Size: 2M
 Heap Min Capacity: 8M
 Heap Initial Capacity: 254M
 Heap Max Capacity: 4064M
 Pre-touch: Disabled
 Parallel Workers: 8
 Concurrent Workers: 2
 Concurrent Refinement Workers: 8
 Periodic GC: Disabled

Heap:
 garbage-first heap   total 147456K, used 134329K [0x0000000702000000, 0x0000000800000000)
  region size 2048K, 47 young (96256K), 6 survivors (12288K)
 Metaspace       used 34192K, committed 34496K, reserved 1114112K
  class space    used 3733K, committed 3904K, reserved 1048576K

Heap Regions: E=young(eden), S=young(survivor), O=old, HS=humongous(starts), HC=humongous(continues), CS=collection set, F=free, OA=open archive, CA=closed archive, TAMS=top-at-mark-start (previous, next)
|   0|0x0000000702000000, 0x0000000702200000, 0x0000000702200000|100%| O|  |TAMS 0x0000000702200000, 0x0000000702000000| Untracked 
|   1|0x0000000702200000, 0x00000007023ee200, 0x0000000702400000| 96%| O|  |TAMS 0x00000007023ee200, 0x0000000702200000| Untracked 
|   2|0x0000000702400000, 0x0000000702600000, 0x0000000702600000|100%| O|  |TAMS 0x0000000702400000, 0x0000000702400000| Untracked 
|   3|0x0000000702600000, 0x0000000702800000, 0x0000000702800000|100%| O|  |TAMS 0x0000000702600000, 0x0000000702600000| Untracked 
|   4|0x0000000702800000, 0x0000000702975200, 0x0000000702a00000| 72%| O|  |TAMS 0x0000000702800000, 0x0000000702800000| Untracked 
|   5|0x0000000702a00000, 0x0000000702c00000, 0x0000000702c00000|100%|HS|  |TAMS 0x0000000702a00000, 0x0000000702a00000| Complete 
|   6|0x0000000702c00000, 0x0000000702e00000, 0x0000000702e00000|100%| O|  |TAMS 0x0000000702c00000, 0x0000000702c00000| Untracked 
|   7|0x0000000702e00000, 0x0000000703000000, 0x0000000703000000|100%|HS|  |TAMS 0x0000000702e00000, 0x0000000702e00000| Complete 
|   8|0x0000000703000000, 0x0000000703200000, 0x0000000703200000|100%|HC|  |TAMS 0x0000000703000000, 0x0000000703000000| Complete 
|   9|0x0000000703200000, 0x0000000703400000, 0x0000000703400000|100%|HC|  |TAMS 0x0000000703200000, 0x0000000703200000| Complete 
|  10|0x0000000703400000, 0x0000000703600000, 0x0000000703600000|100%|HC|  |TAMS 0x0000000703400000, 0x0000000703400000| Complete 
|  11|0x0000000703600000, 0x00000007037cb3a8, 0x0000000703800000| 89%| E|CS|TAMS 0x0000000703600000, 0x0000000703600000| Complete 
|  12|0x0000000703800000, 0x0000000703a00000, 0x0000000703a00000|100%|HS|  |TAMS 0x0000000703800000, 0x0000000703800000| Complete 
|  13|0x0000000703a00000, 0x0000000703c00000, 0x0000000703c00000|100%|HC|  |TAMS 0x0000000703a00000, 0x0000000703a00000| Complete 
|  14|0x0000000703c00000, 0x0000000703e00000, 0x0000000703e00000|100%|HC|  |TAMS 0x0000000703c00000, 0x0000000703c00000| Complete 
|  15|0x0000000703e00000, 0x0000000704000000, 0x0000000704000000|100%|HC|  |TAMS 0x0000000703e00000, 0x0000000703e00000| Complete 
|  16|0x0000000704000000, 0x0000000704200000, 0x0000000704200000|100%|HC|  |TAMS 0x0000000704000000, 0x0000000704000000| Complete 
|  17|0x0000000704200000, 0x0000000704400000, 0x0000000704400000|100%|HC|  |TAMS 0x0000000704200000, 0x0000000704200000| Complete 
|  18|0x0000000704400000, 0x0000000704600000, 0x0000000704600000|100%|HS|  |TAMS 0x0000000704400000, 0x0000000704400000| Complete 
|  19|0x0000000704600000, 0x0000000704800000, 0x0000000704800000|100%|HC|  |TAMS 0x0000000704600000, 0x0000000704600000| Complete 
|  20|0x0000000704800000, 0x0000000704a00000, 0x0000000704a00000|100%|HC|  |TAMS 0x0000000704800000, 0x0000000704800000| Complete 
|  21|0x0000000704a00000, 0x0000000704c00000, 0x0000000704c00000|100%|HC|  |TAMS 0x0000000704a00000, 0x0000000704a00000| Complete 
|  22|0x0000000704c00000, 0x0000000704e00000, 0x0000000704e00000|100%|HC|  |TAMS 0x0000000704c00000, 0x0000000704c00000| Complete 
|  23|0x0000000704e00000, 0x0000000705000000, 0x0000000705000000|100%|HC|  |TAMS 0x0000000704e00000, 0x0000000704e00000| Complete 
|  24|0x0000000705000000, 0x0000000705200000, 0x0000000705200000|100%|HS|  |TAMS 0x0000000705000000, 0x0000000705000000| Complete 
|  25|0x0000000705200000, 0x00000007052a5ab0, 0x0000000705400000| 32%| S|  |TAMS 0x0000000705200000, 0x0000000705200000| Complete 
|  26|0x0000000705400000, 0x0000000705600000, 0x0000000705600000|100%| S|  |TAMS 0x0000000705400000, 0x0000000705400000| Complete 
|  27|0x0000000705600000, 0x0000000705800000, 0x0000000705800000|100%| S|  |TAMS 0x0000000705600000, 0x0000000705600000| Complete 
|  28|0x0000000705800000, 0x0000000705a00000, 0x0000000705a00000|100%| S|  |TAMS 0x0000000705800000, 0x0000000705800000| Complete 
|  29|0x0000000705a00000, 0x0000000705c00000, 0x0000000705c00000|100%| S|  |TAMS 0x0000000705a00000, 0x0000000705a00000| Complete 
|  30|0x0000000705c00000, 0x0000000705e00000, 0x0000000705e00000|100%| S|  |TAMS 0x0000000705c00000, 0x0000000705c00000| Complete 
|  31|0x0000000705e00000, 0x0000000706000000, 0x0000000706000000|100%| E|CS|TAMS 0x0000000705e00000, 0x0000000705e00000| Complete 
|  32|0x0000000706000000, 0x0000000706200000, 0x0000000706200000|100%| E|CS|TAMS 0x0000000706000000, 0x0000000706000000| Complete 
|  33|0x0000000706200000, 0x0000000706400000, 0x0000000706400000|100%| E|CS|TAMS 0x0000000706200000, 0x0000000706200000| Complete 
|  34|0x0000000706400000, 0x0000000706600000, 0x0000000706600000|100%| E|CS|TAMS 0x0000000706400000, 0x0000000706400000| Complete 
|  35|0x0000000706600000, 0x0000000706800000, 0x0000000706800000|100%| E|CS|TAMS 0x0000000706600000, 0x0000000706600000| Complete 
|  36|0x0000000706800000, 0x0000000706a00000, 0x0000000706a00000|100%| E|CS|TAMS 0x0000000706800000, 0x0000000706800000| Complete 
|  37|0x0000000706a00000, 0x0000000706c00000, 0x0000000706c00000|100%| E|CS|TAMS 0x0000000706a00000, 0x0000000706a00000| Complete 
|  38|0x0000000706c00000, 0x0000000706e00000, 0x0000000706e00000|100%| E|CS|TAMS 0x0000000706c00000, 0x0000000706c00000| Complete 
|  39|0x0000000706e00000, 0x0000000707000000, 0x0000000707000000|100%| E|CS|TAMS 0x0000000706e00000, 0x0000000706e00000| Complete 
|  40|0x0000000707000000, 0x0000000707200000, 0x0000000707200000|100%| E|CS|TAMS 0x0000000707000000, 0x0000000707000000| Complete 
|  41|0x0000000707200000, 0x0000000707400000, 0x0000000707400000|100%| E|CS|TAMS 0x0000000707200000, 0x0000000707200000| Complete 
|  42|0x0000000707400000, 0x0000000707600000, 0x0000000707600000|100%| E|CS|TAMS 0x0000000707400000, 0x0000000707400000| Complete 
|  43|0x0000000707600000, 0x0000000707800000, 0x0000000707800000|100%| E|CS|TAMS 0x0000000707600000, 0x0000000707600000| Complete 
|  44|0x0000000707800000, 0x0000000707a00000, 0x0000000707a00000|100%| E|CS|TAMS 0x0000000707800000, 0x0000000707800000| Complete 
|  45|0x0000000707a00000, 0x0000000707c00000, 0x0000000707c00000|100%| E|CS|TAMS 0x0000000707a00000, 0x0000000707a00000| Complete 
|  46|0x0000000707c00000, 0x0000000707e00000, 0x0000000707e00000|100%| E|CS|TAMS 0x0000000707c00000, 0x0000000707c00000| Complete 
|  47|0x0000000707e00000, 0x0000000708000000, 0x0000000708000000|100%| E|CS|TAMS 0x0000000707e00000, 0x0000000707e00000| Complete 
|  48|0x0000000708000000, 0x0000000708200000, 0x0000000708200000|100%| E|CS|TAMS 0x0000000708000000, 0x0000000708000000| Complete 
|  49|0x0000000708200000, 0x0000000708400000, 0x0000000708400000|100%| E|CS|TAMS 0x0000000708200000, 0x0000000708200000| Complete 
|  50|0x0000000708400000, 0x0000000708600000, 0x0000000708600000|100%| E|CS|TAMS 0x0000000708400000, 0x0000000708400000| Complete 
|  51|0x0000000708600000, 0x0000000708800000, 0x0000000708800000|100%| E|CS|TAMS 0x0000000708600000, 0x0000000708600000| Complete 
|  52|0x0000000708800000, 0x0000000708a00000, 0x0000000708a00000|100%| E|CS|TAMS 0x0000000708800000, 0x0000000708800000| Complete 
|  53|0x0000000708a00000, 0x0000000708c00000, 0x0000000708c00000|100%| E|CS|TAMS 0x0000000708a00000, 0x0000000708a00000| Complete 
|  54|0x0000000708c00000, 0x0000000708e00000, 0x0000000708e00000|100%| E|CS|TAMS 0x0000000708c00000, 0x0000000708c00000| Complete 
|  55|0x0000000708e00000, 0x0000000709000000, 0x0000000709000000|100%| E|CS|TAMS 0x0000000708e00000, 0x0000000708e00000| Complete 
|  56|0x0000000709000000, 0x0000000709200000, 0x0000000709200000|100%| E|CS|TAMS 0x0000000709000000, 0x0000000709000000| Complete 
|  57|0x0000000709200000, 0x0000000709400000, 0x0000000709400000|100%| E|CS|TAMS 0x0000000709200000, 0x0000000709200000| Complete 
|  58|0x0000000709400000, 0x0000000709600000, 0x0000000709600000|100%| E|CS|TAMS 0x0000000709400000, 0x0000000709400000| Complete 
|  59|0x0000000709600000, 0x0000000709800000, 0x0000000709800000|100%| E|CS|TAMS 0x0000000709600000, 0x0000000709600000| Complete 
|  60|0x0000000709800000, 0x0000000709a00000, 0x0000000709a00000|100%| E|CS|TAMS 0x0000000709800000, 0x0000000709800000| Complete 
|  61|0x0000000709a00000, 0x0000000709c00000, 0x0000000709c00000|100%| E|CS|TAMS 0x0000000709a00000, 0x0000000709a00000| Complete 
|  62|0x0000000709c00000, 0x0000000709e00000, 0x0000000709e00000|100%| E|CS|TAMS 0x0000000709c00000, 0x0000000709c00000| Complete 
|  63|0x0000000709e00000, 0x000000070a000000, 0x000000070a000000|100%| E|CS|TAMS 0x0000000709e00000, 0x0000000709e00000| Complete 
|  64|0x000000070a000000, 0x000000070a200000, 0x000000070a200000|100%| E|CS|TAMS 0x000000070a000000, 0x000000070a000000| Complete 
|  65|0x000000070a200000, 0x000000070a400000, 0x000000070a400000|100%| E|CS|TAMS 0x000000070a200000, 0x000000070a200000| Complete 
|  66|0x000000070a400000, 0x000000070a600000, 0x000000070a600000|100%| E|CS|TAMS 0x000000070a400000, 0x000000070a400000| Complete 
|  67|0x000000070a600000, 0x000000070a800000, 0x000000070a800000|100%| E|CS|TAMS 0x000000070a600000, 0x000000070a600000| Complete 
|  68|0x000000070a800000, 0x000000070aa00000, 0x000000070aa00000|100%| E|CS|TAMS 0x000000070a800000, 0x000000070a800000| Complete 
| 119|0x0000000710e00000, 0x0000000711000000, 0x0000000711000000|100%| E|CS|TAMS 0x0000000710e00000, 0x0000000710e00000| Complete 
| 120|0x0000000711000000, 0x0000000711200000, 0x0000000711200000|100%| E|CS|TAMS 0x0000000711000000, 0x0000000711000000| Complete 
| 126|0x0000000711c00000, 0x0000000711e00000, 0x0000000711e00000|100%| E|CS|TAMS 0x0000000711c00000, 0x0000000711c00000| Complete 

Card table byte_map: [0x0000015fca2a0000,0x0000015fcaa90000] _byte_map_base: 0x0000015fc6a90000

Marking Bits (Prev, Next): (CMBitMap*) 0x0000015fb712e290, (CMBitMap*) 0x0000015fb712e250
 Prev Bits: [0x0000015fcf200000, 0x0000015fd3180000)
 Next Bits: [0x0000015fcb280000, 0x0000015fcf200000)

Polling page: 0x0000015fb6880000

Metaspace:

Usage:
  Non-class:     29.74 MB used.
      Class:      3.65 MB used.
       Both:     33.39 MB used.

Virtual space:
  Non-class space:       64.00 MB reserved,      29.88 MB ( 47%) committed,  1 nodes.
      Class space:        1.00 GB reserved,       3.81 MB ( <1%) committed,  1 nodes.
             Both:        1.06 GB reserved,      33.69 MB (  3%) committed. 

Chunk freelists:
   Non-Class:  1.39 MB
       Class:  12.11 MB
        Both:  13.50 MB

MaxMetaspaceSize: unlimited
CompressedClassSpaceSize: 1.00 GB
Initial GC threshold: 21.00 MB
Current GC threshold: 35.12 MB
CDS: off
MetaspaceReclaimPolicy: balanced
 - commit_granule_bytes: 65536.
 - commit_granule_words: 8192.
 - virtual_space_node_default_size: 8388608.
 - enlarge_chunks_in_place: 1.
 - new_chunks_are_fully_committed: 0.
 - uncommit_free_chunks: 1.
 - use_allocation_guard: 0.
 - handle_deallocations: 1.


Internal statistics:

num_allocs_failed_limit: 3.
num_arena_births: 150.
num_arena_deaths: 0.
num_vsnodes_births: 2.
num_vsnodes_deaths: 0.
num_space_committed: 539.
num_space_uncommitted: 0.
num_chunks_returned_to_freelist: 3.
num_chunks_taken_from_freelist: 1016.
num_chunk_merges: 3.
num_chunk_splits: 704.
num_chunks_enlarged: 561.
num_inconsistent_stats: 0.

CodeHeap 'non-profiled nmethods': size=120000Kb used=2604Kb max_used=2604Kb free=117395Kb
 bounds [0x0000015fc2240000, 0x0000015fc24d0000, 0x0000015fc9770000]
CodeHeap 'profiled nmethods': size=120000Kb used=9577Kb max_used=9577Kb free=110422Kb
 bounds [0x0000015fba770000, 0x0000015fbb0d0000, 0x0000015fc1ca0000]
CodeHeap 'non-nmethods': size=5760Kb used=1205Kb max_used=1269Kb free=4554Kb
 bounds [0x0000015fc1ca0000, 0x0000015fc1f10000, 0x0000015fc2240000]
 total_blobs=5256 nmethods=4748 adapters=419
 compilation: enabled
              stopped_count=0, restarted_count=0
 full_count=0

Compilation events (20 events):
Event: 3.968 Thread 0x0000015fda0a63b0 4741       3       java.lang.ClassLoader::getPlatformClassLoader (21 bytes)
Event: 3.968 Thread 0x0000015fda0a63b0 nmethod 4741 0x0000015fbb0c0810 code [0x0000015fbb0c0a40, 0x0000015fbb0c13f8]
Event: 3.968 Thread 0x0000015fda0a63b0 4742       3       java.lang.ClassLoader::getBuiltinPlatformClassLoader (4 bytes)
Event: 3.968 Thread 0x0000015fda0a63b0 nmethod 4742 0x0000015fbb0c1710 code [0x0000015fbb0c18a0, 0x0000015fbb0c19f8]
Event: 3.973 Thread 0x0000015fda0a63b0 4743       3       java.util.ImmutableCollections$ListN::size (6 bytes)
Event: 3.973 Thread 0x0000015fda0a63b0 nmethod 4743 0x0000015fbb0c1a90 code [0x0000015fbb0c1c20, 0x0000015fbb0c1d38]
Event: 3.982 Thread 0x0000015fda0a63b0 4744       3       com.sun.tools.javac.util.Names::fromString (9 bytes)
Event: 3.983 Thread 0x0000015fda0a63b0 nmethod 4744 0x0000015fbb0c1e10 code [0x0000015fbb0c1fc0, 0x0000015fbb0c2188]
Event: 3.983 Thread 0x0000015fda0a63b0 4745       3       com.sun.tools.javac.util.Name$Table::fromString (14 bytes)
Event: 3.983 Thread 0x0000015fda0a63b0 nmethod 4745 0x0000015fbb0c2290 code [0x0000015fbb0c2460, 0x0000015fbb0c27a8]
Event: 3.994 Thread 0x0000015fda0a63b0 4746       3       java.io.File::getAbsoluteFile (38 bytes)
Event: 3.994 Thread 0x0000015fda0a63b0 nmethod 4746 0x0000015fbb0c2990 code [0x0000015fbb0c2b80, 0x0000015fbb0c3008]
Event: 3.995 Thread 0x0000015fda0a63b0 4747       3       java.net.URI::quote (214 bytes)
Event: 3.996 Thread 0x0000015fda0a63b0 nmethod 4747 0x0000015fbb0c3190 code [0x0000015fbb0c3560, 0x0000015fbb0c4eb8]
Event: 4.002 Thread 0x0000015fda0a63b0 4748       3       sun.nio.fs.WindowsPathParser::normalize (233 bytes)
Event: 4.004 Thread 0x0000015fda0a63b0 nmethod 4748 0x0000015fbb0c5890 code [0x0000015fbb0c5e60, 0x0000015fbb0c8c28]
Event: 4.004 Thread 0x0000015fda0a63b0 4749       3       java.util.zip.ZipFile$Source$Key::hashCode (46 bytes)
Event: 4.004 Thread 0x0000015fda0a63b0 nmethod 4749 0x0000015fbb0c9d90 code [0x0000015fbb0c9f80, 0x0000015fbb0ca398]
Event: 4.007 Thread 0x0000015fda55f310 4750 %     4       java.util.zip.ZipFile$Source::initCEN @ 240 (591 bytes)
Event: 4.008 Thread 0x0000015fdc252950 4751   !   4       java.io.BufferedReader::readLine (327 bytes)

GC Heap History (17 events):
Event: 0.906 GC heap before
{Heap before GC invocations=0 (full 0):
 garbage-first heap   total 260096K, used 22528K [0x0000000702000000, 0x0000000800000000)
  region size 2048K, 11 young (22528K), 0 survivors (0K)
 Metaspace       used 15644K, committed 15872K, reserved 1114112K
  class space    used 1547K, committed 1664K, reserved 1048576K
}
Event: 0.910 GC heap after
{Heap after GC invocations=1 (full 0):
 garbage-first heap   total 260096K, used 4168K [0x0000000702000000, 0x0000000800000000)
  region size 2048K, 2 young (4096K), 2 survivors (4096K)
 Metaspace       used 15644K, committed 15872K, reserved 1114112K
  class space    used 1547K, committed 1664K, reserved 1048576K
}
Event: 1.324 GC heap before
{Heap before GC invocations=1 (full 0):
 garbage-first heap   total 260096K, used 32840K [0x0000000702000000, 0x0000000800000000)
  region size 2048K, 16 young (32768K), 2 survivors (4096K)
 Metaspace       used 19176K, committed 19328K, reserved 1114112K
  class space    used 1989K, committed 2048K, reserved 1048576K
}
Event: 1.328 GC heap after
{Heap after GC invocations=2 (full 0):
 garbage-first heap   total 260096K, used 5619K [0x0000000702000000, 0x0000000800000000)
  region size 2048K, 1 young (2048K), 1 survivors (2048K)
 Metaspace       used 19176K, committed 19328K, reserved 1114112K
  class space    used 1989K, committed 2048K, reserved 1048576K
}
Event: 1.563 GC heap before
{Heap before GC invocations=2 (full 0):
 garbage-first heap   total 260096K, used 15859K [0x0000000702000000, 0x0000000800000000)
  region size 2048K, 7 young (14336K), 1 survivors (2048K)
 Metaspace       used 21353K, committed 21504K, reserved 1114112K
  class space    used 2274K, committed 2304K, reserved 1048576K
}
Event: 1.566 GC heap after
{Heap after GC invocations=3 (full 0):
 garbage-first heap   total 260096K, used 6695K [0x0000000702000000, 0x0000000800000000)
  region size 2048K, 2 young (4096K), 2 survivors (4096K)
 Metaspace       used 21353K, committed 21504K, reserved 1114112K
  class space    used 2274K, committed 2304K, reserved 1048576K
}
Event: 1.982 GC heap before
{Heap before GC invocations=4 (full 0):
 garbage-first heap   total 34816K, used 23079K [0x0000000702000000, 0x0000000800000000)
  region size 2048K, 11 young (22528K), 2 survivors (4096K)
 Metaspace       used 24777K, committed 25024K, reserved 1114112K
  class space    used 2677K, committed 2816K, reserved 1048576K
}
Event: 1.987 GC heap after
{Heap after GC invocations=5 (full 0):
 garbage-first heap   total 34816K, used 8358K [0x0000000702000000, 0x0000000800000000)
  region size 2048K, 3 young (6144K), 3 survivors (6144K)
 Metaspace       used 24777K, committed 25024K, reserved 1114112K
  class space    used 2677K, committed 2816K, reserved 1048576K
}
Event: 2.184 GC heap before
{Heap before GC invocations=5 (full 0):
 garbage-first heap   total 34816K, used 22694K [0x0000000702000000, 0x0000000800000000)
  region size 2048K, 10 young (20480K), 3 survivors (6144K)
 Metaspace       used 25303K, committed 25472K, reserved 1114112K
  class space    used 2722K, committed 2816K, reserved 1048576K
}
Event: 2.191 GC heap after
{Heap after GC invocations=6 (full 0):
 garbage-first heap   total 34816K, used 10284K [0x0000000702000000, 0x0000000800000000)
  region size 2048K, 2 young (4096K), 2 survivors (4096K)
 Metaspace       used 25303K, committed 25472K, reserved 1114112K
  class space    used 2722K, committed 2816K, reserved 1048576K
}
Event: 2.324 GC heap before
{Heap before GC invocations=6 (full 0):
 garbage-first heap   total 34816K, used 22572K [0x0000000702000000, 0x0000000800000000)
  region size 2048K, 8 young (16384K), 2 survivors (4096K)
 Metaspace       used 25567K, committed 25792K, reserved 1114112K
  class space    used 2748K, committed 2880K, reserved 1048576K
}
Event: 2.330 GC heap after
{Heap after GC invocations=7 (full 0):
 garbage-first heap   total 34816K, used 11661K [0x0000000702000000, 0x0000000800000000)
  region size 2048K, 1 young (2048K), 1 survivors (2048K)
 Metaspace       used 25567K, committed 25792K, reserved 1114112K
  class space    used 2748K, committed 2880K, reserved 1048576K
}
Event: 2.455 GC heap before
{Heap before GC invocations=7 (full 0):
 garbage-first heap   total 34816K, used 21901K [0x0000000702000000, 0x0000000800000000)
  region size 2048K, 7 young (14336K), 1 survivors (2048K)
 Metaspace       used 25682K, committed 25856K, reserved 1114112K
  class space    used 2749K, committed 2880K, reserved 1048576K
}
Event: 2.459 GC heap after
{Heap after GC invocations=8 (full 0):
 garbage-first heap   total 34816K, used 12858K [0x0000000702000000, 0x0000000800000000)
  region size 2048K, 1 young (2048K), 1 survivors (2048K)
 Metaspace       used 25682K, committed 25856K, reserved 1114112K
  class space    used 2749K, committed 2880K, reserved 1048576K
}
Event: 2.554 GC heap before
{Heap before GC invocations=8 (full 0):
 garbage-first heap   total 34816K, used 23098K [0x0000000702000000, 0x0000000800000000)
  region size 2048K, 6 young (12288K), 1 survivors (2048K)
 Metaspace       used 25751K, committed 25984K, reserved 1114112K
  class space    used 2751K, committed 2880K, reserved 1048576K
}
Event: 2.557 GC heap after
{Heap after GC invocations=9 (full 0):
 garbage-first heap   total 147456K, used 13497K [0x0000000702000000, 0x0000000800000000)
  region size 2048K, 1 young (2048K), 1 survivors (2048K)
 Metaspace       used 25751K, committed 25984K, reserved 1114112K
  class space    used 2751K, committed 2880K, reserved 1048576K
}
Event: 4.011 GC heap before
{Heap before GC invocations=9 (full 0):
 garbage-first heap   total 147456K, used 132281K [0x0000000702000000, 0x0000000800000000)
  region size 2048K, 42 young (86016K), 1 survivors (2048K)
 Metaspace       used 34192K, committed 34496K, reserved 1114112K
  class space    used 3733K, committed 3904K, reserved 1048576K
}

Dll operation events (7 events):
Event: 0.007 Loaded shared library C:\sts-4.19.0.RELEASE\plugins\org.eclipse.justj.openjdk.hotspot.jre.full.win32.x86_64_17.0.7.v20230425-1502\jre\bin\java.dll
Event: 0.100 Loaded shared library C:\sts-4.19.0.RELEASE\plugins\org.eclipse.justj.openjdk.hotspot.jre.full.win32.x86_64_17.0.7.v20230425-1502\jre\bin\net.dll
Event: 0.102 Loaded shared library C:\sts-4.19.0.RELEASE\plugins\org.eclipse.justj.openjdk.hotspot.jre.full.win32.x86_64_17.0.7.v20230425-1502\jre\bin\nio.dll
Event: 0.109 Loaded shared library C:\sts-4.19.0.RELEASE\plugins\org.eclipse.justj.openjdk.hotspot.jre.full.win32.x86_64_17.0.7.v20230425-1502\jre\bin\zip.dll
Event: 0.215 Loaded shared library C:\sts-4.19.0.RELEASE\plugins\org.eclipse.justj.openjdk.hotspot.jre.full.win32.x86_64_17.0.7.v20230425-1502\jre\bin\jimage.dll
Event: 0.345 Loaded shared library C:\Users\hi\AppData\Local\Temp\jansi-2.4.0-4c6a504e6ee12dab-jansi.dll
Event: 0.570 Loaded shared library C:\sts-4.19.0.RELEASE\plugins\org.eclipse.justj.openjdk.hotspot.jre.full.win32.x86_64_17.0.7.v20230425-1502\jre\bin\verify.dll

Deoptimization events (20 events):
Event: 3.748 Thread 0x0000015fb70c0210 Uncommon trap: trap_request=0xffffff76 fr.pc=0x0000015fc24a98ec relative=0x00000000000001cc
Event: 3.748 Thread 0x0000015fb70c0210 Uncommon trap: reason=predicate action=maybe_recompile pc=0x0000015fc24a98ec method=java.util.LinkedHashMap.valuesToArray([Ljava/lang/Object;)[Ljava/lang/Object; @ 12 c2
Event: 3.748 Thread 0x0000015fb70c0210 DEOPT PACKING pc=0x0000015fc24a98ec sp=0x0000004b9c4fce50
Event: 3.748 Thread 0x0000015fb70c0210 DEOPT UNPACKING pc=0x0000015fc1cf69a3 sp=0x0000004b9c4fce08 mode 2
Event: 3.972 Thread 0x0000015fb70c0210 Uncommon trap: trap_request=0xffffff45 fr.pc=0x0000015fc247d638 relative=0x0000000000001538
Event: 3.972 Thread 0x0000015fb70c0210 Uncommon trap: reason=unstable_if action=reinterpret pc=0x0000015fc247d638 method=sun.nio.fs.WindowsPathParser.isSlash(C)Z @ 9 c2
Event: 3.972 Thread 0x0000015fb70c0210 DEOPT PACKING pc=0x0000015fc247d638 sp=0x0000004b9c4fcab0
Event: 3.972 Thread 0x0000015fb70c0210 DEOPT UNPACKING pc=0x0000015fc1cf69a3 sp=0x0000004b9c4fca50 mode 2
Event: 3.997 Thread 0x0000015fb70c0210 Uncommon trap: trap_request=0xffffffde fr.pc=0x0000015fc227b314 relative=0x0000000000001214
Event: 3.997 Thread 0x0000015fb70c0210 Uncommon trap: reason=class_check action=maybe_recompile pc=0x0000015fc227b314 method=jdk.internal.loader.URLClassPath.getLoader(I)Ljdk/internal/loader/URLClassPath$Loader; @ 88 c2
Event: 3.997 Thread 0x0000015fb70c0210 DEOPT PACKING pc=0x0000015fc227b314 sp=0x0000004b9c4fccf0
Event: 3.997 Thread 0x0000015fb70c0210 DEOPT UNPACKING pc=0x0000015fc1cf69a3 sp=0x0000004b9c4fccf0 mode 2
Event: 4.001 Thread 0x0000015fb70c0210 DEOPT PACKING pc=0x0000015fbaf96e34 sp=0x0000004b9c4fc7e0
Event: 4.001 Thread 0x0000015fb70c0210 DEOPT UNPACKING pc=0x0000015fc1cf7143 sp=0x0000004b9c4fbc50 mode 0
Event: 4.002 Thread 0x0000015fb70c0210 DEOPT PACKING pc=0x0000015fbaf96e34 sp=0x0000004b9c4fc7e0
Event: 4.002 Thread 0x0000015fb70c0210 DEOPT UNPACKING pc=0x0000015fc1cf7143 sp=0x0000004b9c4fbc50 mode 0
Event: 4.008 Thread 0x0000015fb70c0210 Uncommon trap: trap_request=0xffffff45 fr.pc=0x0000015fc22863d4 relative=0x0000000000001114
Event: 4.008 Thread 0x0000015fb70c0210 Uncommon trap: reason=unstable_if action=reinterpret pc=0x0000015fc22863d4 method=jdk.internal.loader.URLClassPath$JarLoader.getResource(Ljava/lang/String;Z)Ljdk/internal/loader/Resource; @ 42 c2
Event: 4.008 Thread 0x0000015fb70c0210 DEOPT PACKING pc=0x0000015fc22863d4 sp=0x0000004b9c4fcca0
Event: 4.008 Thread 0x0000015fb70c0210 DEOPT UNPACKING pc=0x0000015fc1cf69a3 sp=0x0000004b9c4fcca8 mode 2

Classes unloaded (0 events):
No events

Classes redefined (0 events):
No events

Internal exceptions (20 events):
Event: 1.783 Thread 0x0000015fb70c0210 Exception <a 'java/lang/NoSuchMethodError'{0x00000007034b2100}: 'java.lang.Object java.lang.invoke.DirectMethodHandle$Holder.invokeStaticInit(java.lang.Object, int, int, int, int)'> (0x00000007034b2100) 
thrown [s\src\hotspot\share\interpreter\linkResolver.cpp, line 759]
Event: 1.846 Thread 0x0000015fb70c0210 Implicit null exception at 0x0000015fc2266ef2 to 0x0000015fc226754c
Event: 1.846 Thread 0x0000015fb70c0210 Implicit null exception at 0x0000015fc227c7f2 to 0x0000015fc227ce6c
Event: 2.711 Thread 0x0000015fb70c0210 Implicit null exception at 0x0000015fc242506f to 0x0000015fc2425240
Event: 2.712 Thread 0x0000015fb70c0210 Implicit null exception at 0x0000015fc240faef to 0x0000015fc240fcc8
Event: 2.712 Thread 0x0000015fb70c0210 Implicit null exception at 0x0000015fc22c3e0f to 0x0000015fc22c3e89
Event: 2.818 Thread 0x0000015fb70c0210 Exception <a 'java/lang/NoSuchMethodError'{0x0000000709f15c20}: 'java.lang.Object java.lang.invoke.DirectMethodHandle$Holder.newInvokeSpecial(java.lang.Object, java.lang.Object, java.lang.Object, java.lang.Object, java.lang.Object, java.lang.Object, java.lang.Object)'> (0x0000000709f15c20) 
thrown [s\src\hotspot\share\interpreter\linkResolver.cpp, line 759]
Event: 2.818 Thread 0x0000015fb70c0210 Exception <a 'java/lang/NoSuchMethodError'{0x0000000709f1a530}: 'java.lang.Object java.lang.invoke.Invokers$Holder.linkToTargetMethod(java.lang.Object, java.lang.Object, java.lang.Object, java.lang.Object, java.lang.Object, java.lang.Object, java.lang.Object)'> (0x0000000709f1a530) 
thrown [s\src\hotspot\share\interpreter\linkResolver.cpp, line 759]
Event: 2.938 Thread 0x0000015fb70c0210 Exception <a 'java/lang/NoSuchMethodError'{0x00000007094999d8}: 'java.lang.Object java.lang.invoke.DirectMethodHandle$Holder.invokeVirtual(java.lang.Object, java.lang.Object, java.lang.Object)'> (0x00000007094999d8) 
thrown [s\src\hotspot\share\interpreter\linkResolver.cpp, line 759]
Event: 2.938 Thread 0x0000015fb70c0210 Exception <a 'java/lang/NoSuchMethodError'{0x00000007094a0fd0}: 'void java.lang.invoke.DirectMethodHandle$Holder.invokeSpecial(java.lang.Object, java.lang.Object, java.lang.Object, java.lang.Object, java.lang.Object, java.lang.Object)'> (0x00000007094a0fd0) 
thrown [s\src\hotspot\share\interpreter\linkResolver.cpp, line 759]
Event: 2.939 Thread 0x0000015fb70c0210 Exception <a 'java/lang/NoSuchMethodError'{0x00000007094ac668}: 'int java.lang.invoke.DirectMethodHandle$Holder.invokeVirtual(java.lang.Object, java.lang.Object)'> (0x00000007094ac668) 
thrown [s\src\hotspot\share\interpreter\linkResolver.cpp, line 759]
Event: 3.626 Thread 0x0000015fb70c0210 Exception <a 'java/lang/NoSuchMethodError'{0x0000000708117610}: 'int java.lang.invoke.DirectMethodHandle$Holder.invokeInterface(java.lang.Object, java.lang.Object)'> (0x0000000708117610) 
thrown [s\src\hotspot\share\interpreter\linkResolver.cpp, line 759]
Event: 3.677 Thread 0x0000015fb70c0210 Exception <a 'java/lang/NoSuchMethodError'{0x0000000707b1a188}: 'int java.lang.invoke.DirectMethodHandle$Holder.invokeVirtual(java.lang.Object, java.lang.Object, java.lang.Object)'> (0x0000000707b1a188) 
thrown [s\src\hotspot\share\interpreter\linkResolver.cpp, line 759]
Event: 3.677 Thread 0x0000015fb70c0210 Exception <a 'java/lang/NoSuchMethodError'{0x0000000707b20788}: 'void java.lang.invoke.DirectMethodHandle$Holder.invokeInterface(java.lang.Object, java.lang.Object, java.lang.Object)'> (0x0000000707b20788) 
thrown [s\src\hotspot\share\interpreter\linkResolver.cpp, line 759]
Event: 3.680 Thread 0x0000015fb70c0210 Exception <a 'java/lang/NoSuchMethodError'{0x0000000707b3a9c8}: 'int java.lang.invoke.DirectMethodHandle$Holder.invokeStaticInit(java.lang.Object, java.lang.Object, java.lang.Object)'> (0x0000000707b3a9c8) 
thrown [s\src\hotspot\share\interpreter\linkResolver.cpp, line 759]
Event: 3.794 Thread 0x0000015fb70c0210 Exception <a 'sun/nio/fs/WindowsException'{0x00000007073fd700}> (0x00000007073fd700) 
thrown [s\src\hotspot\share\prims\jni.cpp, line 516]
Event: 3.794 Thread 0x0000015fb70c0210 Exception <a 'sun/nio/fs/WindowsException'{0x00000007073fdbe0}> (0x00000007073fdbe0) 
thrown [s\src\hotspot\share\prims\jni.cpp, line 516]
Event: 3.952 Thread 0x0000015fb70c0210 Exception <a 'java/lang/NoSuchMethodError'{0x00000007065f8978}: 'java.lang.Object java.lang.invoke.DirectMethodHandle$Holder.newInvokeSpecial(java.lang.Object, java.lang.Object, java.lang.Object, java.lang.Object, java.lang.Object, java.lang.Object)'> (0x00000007065f8978) 
thrown [s\src\hotspot\share\interpreter\linkResolver.cpp, line 759]
Event: 3.972 Thread 0x0000015fb70c0210 Exception <a 'sun/nio/fs/WindowsException'{0x0000000706367390}> (0x0000000706367390) 
thrown [s\src\hotspot\share\prims\jni.cpp, line 516]
Event: 3.972 Thread 0x0000015fb70c0210 Exception <a 'sun/nio/fs/WindowsException'{0x00000007063677b0}> (0x00000007063677b0) 
thrown [s\src\hotspot\share\prims\jni.cpp, line 516]

VM Operations (20 events):
Event: 2.983 Executing VM operation: ICBufferFull done
Event: 3.528 Executing VM operation: HandshakeAllThreads
Event: 3.529 Executing VM operation: HandshakeAllThreads done
Event: 3.624 Executing VM operation: HandshakeAllThreads
Event: 3.624 Executing VM operation: HandshakeAllThreads done
Event: 3.630 Executing VM operation: HandshakeAllThreads
Event: 3.630 Executing VM operation: HandshakeAllThreads done
Event: 3.682 Executing VM operation: HandshakeAllThreads
Event: 3.682 Executing VM operation: HandshakeAllThreads done
Event: 3.685 Executing VM operation: HandshakeAllThreads
Event: 3.685 Executing VM operation: HandshakeAllThreads done
Event: 3.690 Executing VM operation: HandshakeAllThreads
Event: 3.690 Executing VM operation: HandshakeAllThreads done
Event: 3.691 Executing VM operation: HandshakeAllThreads
Event: 3.691 Executing VM operation: HandshakeAllThreads done
Event: 3.776 Executing VM operation: HandshakeAllThreads
Event: 3.776 Executing VM operation: HandshakeAllThreads done
Event: 3.777 Executing VM operation: HandshakeAllThreads
Event: 3.777 Executing VM operation: HandshakeAllThreads done
Event: 4.010 Executing VM operation: G1CollectForAllocation

Events (20 events):
Event: 3.777 loading class jdk/internal/jimage/ImageReader$Resource
Event: 3.777 loading class jdk/internal/jimage/ImageReader$Resource done
Event: 3.778 loading class jdk/internal/jrtfs/JrtFileAttributes
Event: 3.778 loading class jdk/internal/jrtfs/JrtFileAttributes done
Event: 3.794 loading class sun/nio/fs/WindowsException
Event: 3.794 loading class sun/nio/fs/WindowsException done
Event: 3.794 loading class sun/nio/fs/WindowsDirectoryStream
Event: 3.794 loading class sun/nio/fs/WindowsDirectoryStream done
Event: 3.799 loading class java/lang/invoke/BoundMethodHandle$Species_LLL
Event: 3.799 loading class java/lang/invoke/BoundMethodHandle$Species_LLL done
Event: 3.800 loading class java/lang/invoke/MethodHandles$1
Event: 3.800 loading class java/lang/invoke/MethodHandles$1 done
Event: 3.801 loading class java/lang/invoke/BoundMethodHandle$Species_LJ
Event: 3.801 loading class java/lang/invoke/BoundMethodHandle$Species_LJ done
Event: 3.801 loading class java/lang/invoke/BoundMethodHandle$Species_LLLL
Event: 3.801 loading class java/lang/invoke/BoundMethodHandle$Species_LLLL done
Event: 3.809 loading class java/util/regex/Pattern$GroupCurly
Event: 3.809 loading class java/util/regex/Pattern$GroupCurly done
Event: 4.008 loading class java/util/zip/ZipFile$ZipEntryIterator
Event: 4.008 loading class java/util/zip/ZipFile$ZipEntryIterator done


Dynamic libraries:
0x00007ff72d760000 - 0x00007ff72d76e000 	C:\sts-4.19.0.RELEASE\plugins\org.eclipse.justj.openjdk.hotspot.jre.full.win32.x86_64_17.0.7.v20230425-1502\jre\bin\javaw.exe
0x00007ffe3a0f0000 - 0x00007ffe3a304000 	C:\Windows\SYSTEM32\ntdll.dll
0x00007ffe15940000 - 0x00007ffe15959000 	C:\Program Files\Avast Software\Avast\aswhook.dll
0x00007ffe39ac0000 - 0x00007ffe39b84000 	C:\Windows\System32\KERNEL32.DLL
0x00007ffe37630000 - 0x00007ffe379d4000 	C:\Windows\System32\KERNELBASE.dll
0x00007ffe374a0000 - 0x00007ffe375b1000 	C:\Windows\System32\ucrtbase.dll
0x00007ffdfdba0000 - 0x00007ffdfdbb9000 	C:\sts-4.19.0.RELEASE\plugins\org.eclipse.justj.openjdk.hotspot.jre.full.win32.x86_64_17.0.7.v20230425-1502\jre\bin\VCRUNTIME140.dll
0x00007ffe15920000 - 0x00007ffe15937000 	C:\sts-4.19.0.RELEASE\plugins\org.eclipse.justj.openjdk.hotspot.jre.full.win32.x86_64_17.0.7.v20230425-1502\jre\bin\jli.dll
0x00007ffe39430000 - 0x00007ffe395de000 	C:\Windows\System32\USER32.dll
0x00007ffe37b00000 - 0x00007ffe37b26000 	C:\Windows\System32\win32u.dll
0x00007ffe38250000 - 0x00007ffe38279000 	C:\Windows\System32\GDI32.dll
0x00007ffe1f100000 - 0x00007ffe1f393000 	C:\Windows\WinSxS\amd64_microsoft.windows.common-controls_6595b64144ccf1df_6.0.22621.2215_none_270d72677387dfc3\COMCTL32.dll
0x00007ffe379e0000 - 0x00007ffe37af8000 	C:\Windows\System32\gdi32full.dll
0x00007ffe39b90000 - 0x00007ffe39c37000 	C:\Windows\System32\msvcrt.dll
0x00007ffe37d60000 - 0x00007ffe37dfa000 	C:\Windows\System32\msvcp_win.dll
0x00007ffe38f40000 - 0x00007ffe38f71000 	C:\Windows\System32\IMM32.DLL
0x00007ffe0cdb0000 - 0x00007ffe0cdbc000 	C:\sts-4.19.0.RELEASE\plugins\org.eclipse.justj.openjdk.hotspot.jre.full.win32.x86_64_17.0.7.v20230425-1502\jre\bin\vcruntime140_1.dll
0x00007ffdf9e70000 - 0x00007ffdf9f01000 	C:\sts-4.19.0.RELEASE\plugins\org.eclipse.justj.openjdk.hotspot.jre.full.win32.x86_64_17.0.7.v20230425-1502\jre\bin\msvcp140.dll
0x00007ffd9f2b0000 - 0x00007ffd9fef8000 	C:\sts-4.19.0.RELEASE\plugins\org.eclipse.justj.openjdk.hotspot.jre.full.win32.x86_64_17.0.7.v20230425-1502\jre\bin\server\jvm.dll
0x00007ffe38f80000 - 0x00007ffe39030000 	C:\Windows\System32\ADVAPI32.dll
0x00007ffe38cf0000 - 0x00007ffe38d96000 	C:\Windows\System32\sechost.dll
0x00007ffe38e20000 - 0x00007ffe38f37000 	C:\Windows\System32\RPCRT4.dll
0x00007ffe2f5f0000 - 0x00007ffe2f624000 	C:\Windows\SYSTEM32\WINMM.dll
0x00007ffe2d960000 - 0x00007ffe2d96a000 	C:\Windows\SYSTEM32\VERSION.dll
0x00007ffe17400000 - 0x00007ffe17409000 	C:\Windows\SYSTEM32\WSOCK32.dll
0x00007ffe38da0000 - 0x00007ffe38e11000 	C:\Windows\System32\WS2_32.dll
0x00007ffe36460000 - 0x00007ffe36478000 	C:\Windows\SYSTEM32\kernel.appcore.dll
0x00007ffe1b260000 - 0x00007ffe1b26a000 	C:\sts-4.19.0.RELEASE\plugins\org.eclipse.justj.openjdk.hotspot.jre.full.win32.x86_64_17.0.7.v20230425-1502\jre\bin\jimage.dll
0x00007ffe34e20000 - 0x00007ffe3504e000 	C:\Windows\SYSTEM32\DBGHELP.DLL
0x00007ffe39030000 - 0x00007ffe393ba000 	C:\Windows\System32\combase.dll
0x00007ffe39fd0000 - 0x00007ffe3a0a7000 	C:\Windows\System32\OLEAUT32.dll
0x00007ffe20220000 - 0x00007ffe20252000 	C:\Windows\SYSTEM32\dbgcore.DLL
0x00007ffe37e00000 - 0x00007ffe37e7a000 	C:\Windows\System32\bcryptPrimitives.dll
0x00007ffe0cbc0000 - 0x00007ffe0cbe5000 	C:\sts-4.19.0.RELEASE\plugins\org.eclipse.justj.openjdk.hotspot.jre.full.win32.x86_64_17.0.7.v20230425-1502\jre\bin\java.dll
0x00007ffe0e550000 - 0x00007ffe0e568000 	C:\sts-4.19.0.RELEASE\plugins\org.eclipse.justj.openjdk.hotspot.jre.full.win32.x86_64_17.0.7.v20230425-1502\jre\bin\zip.dll
0x00007ffe38280000 - 0x00007ffe38aa3000 	C:\Windows\System32\SHELL32.dll
0x00007ffe353e0000 - 0x00007ffe35cca000 	C:\Windows\SYSTEM32\windows.storage.dll
0x00007ffe352a0000 - 0x00007ffe353de000 	C:\Windows\SYSTEM32\wintypes.dll
0x00007ffe38020000 - 0x00007ffe38113000 	C:\Windows\System32\SHCORE.dll
0x00007ffe393d0000 - 0x00007ffe3942e000 	C:\Windows\System32\shlwapi.dll
0x00007ffe373d0000 - 0x00007ffe373f6000 	C:\Windows\SYSTEM32\profapi.dll
0x00007ffe0b2a0000 - 0x00007ffe0b2b9000 	C:\sts-4.19.0.RELEASE\plugins\org.eclipse.justj.openjdk.hotspot.jre.full.win32.x86_64_17.0.7.v20230425-1502\jre\bin\net.dll
0x00007ffe2ea40000 - 0x00007ffe2eb77000 	C:\Windows\SYSTEM32\WINHTTP.dll
0x00007ffe36a10000 - 0x00007ffe36a79000 	C:\Windows\system32\mswsock.dll
0x00007ffe025a0000 - 0x00007ffe025b5000 	C:\sts-4.19.0.RELEASE\plugins\org.eclipse.justj.openjdk.hotspot.jre.full.win32.x86_64_17.0.7.v20230425-1502\jre\bin\nio.dll
0x0000000069ac0000 - 0x0000000069ae4000 	C:\Users\hi\AppData\Local\Temp\jansi-2.4.0-4c6a504e6ee12dab-jansi.dll
0x00007ffe1b240000 - 0x00007ffe1b250000 	C:\sts-4.19.0.RELEASE\plugins\org.eclipse.justj.openjdk.hotspot.jre.full.win32.x86_64_17.0.7.v20230425-1502\jre\bin\verify.dll
0x00007ffe35f30000 - 0x00007ffe35f5d000 	C:\Windows\SYSTEM32\IPHLPAPI.DLL
0x00007ffe393c0000 - 0x00007ffe393c9000 	C:\Windows\System32\NSI.dll
0x00007ffe2f630000 - 0x00007ffe2f649000 	C:\Windows\SYSTEM32\dhcpcsvc6.DLL
0x00007ffe2eef0000 - 0x00007ffe2ef0f000 	C:\Windows\SYSTEM32\dhcpcsvc.DLL
0x00007ffe35fa0000 - 0x00007ffe36092000 	C:\Windows\SYSTEM32\DNSAPI.dll

dbghelp: loaded successfully - version: 4.0.5 - missing functions: none
symbol engine: initialized successfully - sym options: 0x614 - pdb path: .;C:\sts-4.19.0.RELEASE\plugins\org.eclipse.justj.openjdk.hotspot.jre.full.win32.x86_64_17.0.7.v20230425-1502\jre\bin;C:\Windows\SYSTEM32;C:\Program Files\Avast Software\Avast;C:\Windows\WinSxS\amd64_microsoft.windows.common-controls_6595b64144ccf1df_6.0.22621.2215_none_270d72677387dfc3;C:\sts-4.19.0.RELEASE\plugins\org.eclipse.justj.openjdk.hotspot.jre.full.win32.x86_64_17.0.7.v20230425-1502\jre\bin\server;C:\Users\hi\AppData\Local\Temp

VM Arguments:
jvm_args: -Dmaven.home=EMBEDDED -Dclassworlds.conf=C:\Users\hi\Documents\workspace-spring-tool-suite-4-4.19.0.RELEASE\.metadata\.plugins\org.eclipse.m2e.launching\launches\m2conf13258852985061263288.tmp -Dmaven.multiModuleProjectDirectory=C:\Users\hi\Documents\workspace-spring-tool-suite-4-4.19.0.RELEASE\Micorservice_Radar\Infraction -Dm2e.build.project.data.socket.port=50161 -Dfile.encoding=UTF-8 -Dstdout.encoding=UTF-8 -Dstderr.encoding=UTF-8 -XX:+ShowCodeDetailsInExceptionMessages 
java_command: org.codehaus.plexus.classworlds.launcher.Launcher -Ppom.xml -B -Dstyle.color=always install
java_class_path (initial): C:\sts-4.19.0.RELEASE\plugins\org.eclipse.m2e.maven.runtime_3.9.400.20230826-0755\jars\plexus-classworlds-2.7.0.jar
Launcher Type: SUN_STANDARD

[Global flags]
     intx CICompilerCount                          = 4                                         {product} {ergonomic}
     uint ConcGCThreads                            = 2                                         {product} {ergonomic}
     uint G1ConcRefinementThreads                  = 8                                         {product} {ergonomic}
   size_t G1HeapRegionSize                         = 2097152                                   {product} {ergonomic}
    uintx GCDrainStackTargetSize                   = 64                                        {product} {ergonomic}
   size_t InitialHeapSize                          = 266338304                                 {product} {ergonomic}
   size_t MarkStackSize                            = 4194304                                   {product} {ergonomic}
   size_t MaxHeapSize                              = 4261412864                                {product} {ergonomic}
   size_t MaxNewSize                               = 2556428288                                {product} {ergonomic}
   size_t MinHeapDeltaBytes                        = 2097152                                   {product} {ergonomic}
   size_t MinHeapSize                              = 8388608                                   {product} {ergonomic}
    uintx NonNMethodCodeHeapSize                   = 5839372                                {pd product} {ergonomic}
    uintx NonProfiledCodeHeapSize                  = 122909434                              {pd product} {ergonomic}
    uintx ProfiledCodeHeapSize                     = 122909434                              {pd product} {ergonomic}
    uintx ReservedCodeCacheSize                    = 251658240                              {pd product} {ergonomic}
     bool SegmentedCodeCache                       = true                                      {product} {ergonomic}
     bool ShowCodeDetailsInExceptionMessages       = true                                   {manageable} {command line}
   size_t SoftMaxHeapSize                          = 4261412864                             {manageable} {ergonomic}
     bool UseCompressedClassPointers               = true                           {product lp64_product} {ergonomic}
     bool UseCompressedOops                        = true                           {product lp64_product} {ergonomic}
     bool UseG1GC                                  = true                                      {product} {ergonomic}
     bool UseLargePagesIndividualAllocation        = false                                  {pd product} {ergonomic}

Logging:
Log output configuration:
 #0: stdout all=warning uptime,level,tags
 #1: stderr all=off uptime,level,tags

Environment Variables:
JAVA_HOME=C:\Program Files\Java\jdk-20
PATH=C:/sts-4.19.0.RELEASE//plugins/org.eclipse.justj.openjdk.hotspot.jre.full.win32.x86_64_17.0.7.v20230425-1502/jre/bin/server;C:/sts-4.19.0.RELEASE//plugins/org.eclipse.justj.openjdk.hotspot.jre.full.win32.x86_64_17.0.7.v20230425-1502/jre/bin;C:\Program Files\Common Files\Oracle\Java\javapath;C:\Windows\system32;C:\Windows;C:\Windows\System32\Wbem;C:\Windows\System32\WindowsPowerShell\v1.0\;C:\Windows\System32\OpenSSH\;C:\Program Files\Java\jdk-20\bin;C:\Program Files\Git\cmd;C:\Program Files\Common Files\Oracle\Java\javapath;C:\Program Files\Git LFS;C:\Program Files\nodejs\;C:\Program Files\Docker\Docker\resources\bin;C:\Users\hi\Downloads\apache-maven-3.9.4-bin\apache-maven-3.9.4\bin;C:\Users\hi\AppData\Local\Microsoft\WindowsApps;C:\Users\hi\AppData\Local\GitHubDesktop\bin;C:\Users\hi\AppData\Roaming\npm;C:\Users\hi\AppData\Local\Programs\Microsoft VS Code\bin;;C:\sts-4.19.0.RELEASE;
USERNAME=hi
OS=Windows_NT
PROCESSOR_IDENTIFIER=Intel64 Family 6 Model 142 Stepping 12, GenuineIntel
TMP=C:\Users\hi\AppData\Local\Temp
TEMP=C:\Users\hi\AppData\Local\Temp



---------------  S Y S T E M  ---------------

OS:
 Windows 11 , 64 bit Build 22621 (10.0.22621.2215)
OS uptime: 0 days 0:19 hours
Hyper-V role detected

CPU: total 8 (initial active 8) (4 cores per cpu, 2 threads per core) family 6 model 142 stepping 12 microcode 0xec, cx8, cmov, fxsr, ht, mmx, 3dnowpref, sse, sse2, sse3, ssse3, sse4.1, sse4.2, popcnt, lzcnt, tsc, tscinvbit, avx, avx2, aes, erms, clmul, bmi1, bmi2, adx, fma, vzeroupper, clflush, clflushopt, hv

Memory: 4k page, system-wide physical 16254M (9573M free)
TotalPageFile size 23934M (AvailPageFile size 16514M)
current process WorkingSet (physical memory assigned to process): 263M, peak: 263M
current process commit charge ("private bytes"): 302M, peak: 379M

vm_info: OpenJDK 64-Bit Server VM (17.0.7+7) for windows-amd64 JRE (17.0.7+7), built on Apr 18 2023 22:10:42 by "temurin" with MS VC++ 16.7 (VS2019)

END.
